<?xml version="1.0" encoding="UTF-8"?>
<coverage generated="1757202461799" clover="3.2.0">
  <project timestamp="1757202461799" name="All files">
    <metrics statements="806" coveredstatements="760" conditionals="375" coveredconditionals="320" methods="80" coveredmethods="78" elements="1261" coveredelements="1158" complexity="0" loc="806" ncloc="806" packages="2" files="17" classes="17"/>
    <package name="functions">
      <metrics statements="319" coveredstatements="301" conditionals="162" coveredconditionals="152" methods="28" coveredmethods="27"/>
      <file name="cliente.js" path="C:\Users\Mikael\Documents\GitHub\SGLM\functions\cliente.js">
        <metrics statements="73" coveredstatements="73" conditionals="49" coveredconditionals="49" methods="5" coveredmethods="5"/>
        <line num="7" count="2" type="stmt"/>
        <line num="32" count="2" type="stmt"/>
        <line num="33" count="14" type="stmt"/>
        <line num="34" count="14" type="stmt"/>
        <line num="36" count="14" type="cond" truecount="5" falsecount="0"/>
        <line num="37" count="6" type="stmt"/>
        <line num="43" count="8" type="stmt"/>
        <line num="45" count="8" type="cond" truecount="2" falsecount="0"/>
        <line num="46" count="2" type="stmt"/>
        <line num="49" count="6" type="stmt"/>
        <line num="51" count="5" type="cond" truecount="2" falsecount="0"/>
        <line num="52" count="3" type="stmt"/>
        <line num="54" count="2" type="stmt"/>
        <line num="57" count="1" type="stmt"/>
        <line num="58" count="1" type="stmt"/>
        <line num="70" count="2" type="stmt"/>
        <line num="71" count="22" type="stmt"/>
        <line num="72" count="22" type="cond" truecount="2" falsecount="0"/>
        <line num="74" count="22" type="cond" truecount="2" falsecount="0"/>
        <line num="77" count="22" type="stmt"/>
        <line num="78" count="22" type="stmt"/>
        <line num="80" count="3" type="stmt"/>
        <line num="83" count="22" type="stmt"/>
        <line num="84" count="22" type="cond" truecount="2" falsecount="0"/>
        <line num="85" count="3" type="stmt"/>
        <line num="86" count="3" type="cond" truecount="2" falsecount="0"/>
        <line num="87" count="2" type="stmt"/>
        <line num="91" count="20" type="stmt"/>
        <line num="97" count="11" type="stmt"/>
        <line num="105" count="11" type="stmt"/>
        <line num="107" count="9" type="stmt"/>
        <line num="108" count="9" type="stmt"/>
        <line num="127" count="2" type="stmt"/>
        <line num="128" count="14" type="stmt"/>
        <line num="129" count="14" type="stmt"/>
        <line num="132" count="14" type="cond" truecount="4" falsecount="0"/>
        <line num="133" count="1" type="stmt"/>
        <line num="140" count="13" type="cond" truecount="2" falsecount="0"/>
        <line num="141" count="1" type="stmt"/>
        <line num="144" count="12" type="stmt"/>
        <line num="146" count="9" type="cond" truecount="2" falsecount="0"/>
        <line num="147" count="3" type="stmt"/>
        <line num="152" count="6" type="cond" truecount="2" falsecount="0"/>
        <line num="153" count="6" type="stmt"/>
        <line num="159" count="3" type="stmt"/>
        <line num="160" count="3" type="stmt"/>
        <line num="182" count="2" type="stmt"/>
        <line num="183" count="17" type="stmt"/>
        <line num="184" count="17" type="stmt"/>
        <line num="185" count="17" type="stmt"/>
        <line num="187" count="17" type="cond" truecount="4" falsecount="0"/>
        <line num="188" count="4" type="stmt"/>
        <line num="191" count="13" type="cond" truecount="2" falsecount="0"/>
        <line num="192" count="1" type="stmt"/>
        <line num="195" count="12" type="stmt"/>
        <line num="197" count="10" type="cond" truecount="2" falsecount="0"/>
        <line num="198" count="5" type="stmt"/>
        <line num="200" count="5" type="cond" truecount="2" falsecount="0"/>
        <line num="201" count="5" type="stmt"/>
        <line num="204" count="2" type="stmt"/>
        <line num="205" count="2" type="stmt"/>
        <line num="222" count="2" type="stmt"/>
        <line num="223" count="11" type="stmt"/>
        <line num="224" count="11" type="stmt"/>
        <line num="227" count="11" type="cond" truecount="2" falsecount="0"/>
        <line num="228" count="1" type="stmt"/>
        <line num="232" count="10" type="stmt"/>
        <line num="234" count="8" type="cond" truecount="2" falsecount="0"/>
        <line num="235" count="2" type="stmt"/>
        <line num="237" count="6" type="cond" truecount="2" falsecount="0"/>
        <line num="238" count="6" type="stmt"/>
        <line num="241" count="2" type="stmt"/>
        <line num="242" count="2" type="stmt"/>
      </file>
      <file name="contrato.js" path="C:\Users\Mikael\Documents\GitHub\SGLM\functions\contrato.js">
        <metrics statements="23" coveredstatements="23" conditionals="13" coveredconditionals="13" methods="2" coveredmethods="2"/>
        <line num="7" count="2" type="stmt"/>
        <line num="26" count="2" type="stmt"/>
        <line num="27" count="5" type="stmt"/>
        <line num="28" count="5" type="stmt"/>
        <line num="31" count="5" type="cond" truecount="5" falsecount="0"/>
        <line num="32" count="1" type="stmt"/>
        <line num="39" count="4" type="stmt"/>
        <line num="41" count="3" type="cond" truecount="2" falsecount="0"/>
        <line num="42" count="1" type="stmt"/>
        <line num="44" count="2" type="cond" truecount="2" falsecount="0"/>
        <line num="45" count="2" type="stmt"/>
        <line num="50" count="1" type="stmt"/>
        <line num="51" count="1" type="stmt"/>
        <line num="65" count="2" type="stmt"/>
        <line num="66" count="4" type="stmt"/>
        <line num="67" count="4" type="stmt"/>
        <line num="69" count="4" type="stmt"/>
        <line num="71" count="3" type="cond" truecount="2" falsecount="0"/>
        <line num="72" count="1" type="stmt"/>
        <line num="74" count="2" type="cond" truecount="2" falsecount="0"/>
        <line num="75" count="2" type="stmt"/>
        <line num="80" count="1" type="stmt"/>
        <line num="81" count="1" type="stmt"/>
      </file>
      <file name="fornecedores.js" path="C:\Users\Mikael\Documents\GitHub\SGLM\functions\fornecedores.js">
        <metrics statements="17" coveredstatements="15" conditionals="6" coveredconditionals="6" methods="2" coveredmethods="2"/>
        <line num="2" count="2" type="stmt"/>
        <line num="25" count="2" type="stmt"/>
        <line num="26" count="10" type="stmt"/>
        <line num="27" count="10" type="stmt"/>
        <line num="33" count="10" type="cond" truecount="4" falsecount="0"/>
        <line num="34" count="3" type="stmt"/>
        <line num="37" count="7" type="stmt"/>
        <line num="39" count="6" type="cond" truecount="2" falsecount="0"/>
        <line num="40" count="5" type="stmt"/>
        <line num="42" count="1" type="stmt"/>
        <line num="45" count="1" type="stmt"/>
        <line num="46" count="1" type="stmt"/>
        <line num="60" count="2" type="stmt"/>
        <line num="61" count="4" type="stmt"/>
        <line num="68" count="4" type="stmt"/>
        <line num="70" count="0" type="stmt"/>
        <line num="71" count="0" type="stmt"/>
      </file>
      <file name="index.js" path="C:\Users\Mikael\Documents\GitHub\SGLM\functions\index.js">
        <metrics statements="13" coveredstatements="13" conditionals="0" coveredconditionals="0" methods="1" coveredmethods="1"/>
        <line num="11" count="1" type="stmt"/>
        <line num="16" count="1" type="stmt"/>
        <line num="22" count="1" type="stmt"/>
        <line num="34" count="1" type="stmt"/>
        <line num="35" count="1" type="stmt"/>
        <line num="44" count="1" type="stmt"/>
        <line num="52" count="1" type="stmt"/>
        <line num="60" count="1" type="stmt"/>
        <line num="68" count="1" type="stmt"/>
        <line num="76" count="1" type="stmt"/>
        <line num="84" count="1" type="stmt"/>
        <line num="93" count="1" type="stmt"/>
        <line num="106" count="1" type="stmt"/>
      </file>
      <file name="locacoes.js" path="C:\Users\Mikael\Documents\GitHub\SGLM\functions\locacoes.js">
        <metrics statements="53" coveredstatements="52" conditionals="20" coveredconditionals="19" methods="5" coveredmethods="5"/>
        <line num="11" count="2" type="stmt"/>
        <line num="13" count="2" type="stmt"/>
        <line num="15" count="2" type="stmt"/>
        <line num="17" count="2" type="stmt"/>
        <line num="18" count="9" type="stmt"/>
        <line num="19" count="9" type="stmt"/>
        <line num="20" count="9" type="stmt"/>
        <line num="21" count="8" type="cond" truecount="2" falsecount="0"/>
        <line num="22" count="1" type="stmt"/>
        <line num="24" count="7" type="stmt"/>
        <line num="27" count="1" type="stmt"/>
        <line num="28" count="1" type="stmt"/>
        <line num="32" count="2" type="stmt"/>
        <line num="33" count="13" type="stmt"/>
        <line num="34" count="13" type="stmt"/>
        <line num="36" count="13" type="cond" truecount="2" falsecount="0"/>
        <line num="37" count="13" type="cond" truecount="2" falsecount="0"/>
        <line num="38" count="2" type="stmt"/>
        <line num="41" count="11" type="stmt"/>
        <line num="42" count="1" type="stmt"/>
        <line num="44" count="10" type="stmt"/>
        <line num="45" count="10" type="stmt"/>
        <line num="50" count="2" type="stmt"/>
        <line num="51" count="5" type="stmt"/>
        <line num="52" count="5" type="stmt"/>
        <line num="54" count="5" type="cond" truecount="3" falsecount="1"/>
        <line num="55" count="0" type="stmt"/>
        <line num="61" count="5" type="stmt"/>
        <line num="63" count="3" type="cond" truecount="2" falsecount="0"/>
        <line num="64" count="1" type="stmt"/>
        <line num="69" count="2" type="cond" truecount="2" falsecount="0"/>
        <line num="70" count="2" type="stmt"/>
        <line num="76" count="2" type="stmt"/>
        <line num="77" count="2" type="stmt"/>
        <line num="85" count="2" type="stmt"/>
        <line num="86" count="6" type="stmt"/>
        <line num="87" count="6" type="stmt"/>
        <line num="88" count="6" type="stmt"/>
        <line num="89" count="6" type="stmt"/>
        <line num="90" count="5" type="cond" truecount="2" falsecount="0"/>
        <line num="91" count="1" type="stmt"/>
        <line num="93" count="4" type="stmt"/>
        <line num="96" count="1" type="stmt"/>
        <line num="97" count="1" type="stmt"/>
        <line num="101" count="2" type="stmt"/>
        <line num="102" count="5" type="stmt"/>
        <line num="103" count="5" type="stmt"/>
        <line num="104" count="5" type="stmt"/>
        <line num="105" count="4" type="cond" truecount="2" falsecount="0"/>
        <line num="106" count="1" type="stmt"/>
        <line num="108" count="3" type="stmt"/>
        <line num="111" count="1" type="stmt"/>
        <line num="112" count="1" type="stmt"/>
      </file>
      <file name="manutencoes.js" path="C:\Users\Mikael\Documents\GitHub\SGLM\functions\manutencoes.js">
        <metrics statements="50" coveredstatements="40" conditionals="19" coveredconditionals="14" methods="5" coveredmethods="4"/>
        <line num="8" count="2" type="stmt"/>
        <line num="32" count="2" type="stmt"/>
        <line num="33" count="6" type="stmt"/>
        <line num="34" count="6" type="stmt"/>
        <line num="43" count="6" type="cond" truecount="5" falsecount="0"/>
        <line num="44" count="3" type="stmt"/>
        <line num="50" count="3" type="stmt"/>
        <line num="52" count="2" type="cond" truecount="2" falsecount="0"/>
        <line num="54" count="1" type="stmt"/>
        <line num="56" count="1" type="stmt"/>
        <line num="60" count="1" type="stmt"/>
        <line num="61" count="1" type="stmt"/>
        <line num="74" count="2" type="stmt"/>
        <line num="75" count="3" type="stmt"/>
        <line num="76" count="3" type="stmt"/>
        <line num="78" count="2" type="stmt"/>
        <line num="80" count="1" type="stmt"/>
        <line num="81" count="1" type="stmt"/>
        <line num="99" count="2" type="stmt"/>
        <line num="100" count="9" type="stmt"/>
        <line num="101" count="9" type="stmt"/>
        <line num="103" count="9" type="cond" truecount="1" falsecount="1"/>
        <line num="104" count="0" type="stmt"/>
        <line num="107" count="9" type="stmt"/>
        <line num="109" count="8" type="cond" truecount="2" falsecount="0"/>
        <line num="110" count="2" type="stmt"/>
        <line num="113" count="6" type="stmt"/>
        <line num="115" count="5" type="stmt"/>
        <line num="117" count="2" type="stmt"/>
        <line num="118" count="2" type="stmt"/>
        <line num="135" count="2" type="stmt"/>
        <line num="136" count="4" type="stmt"/>
        <line num="137" count="4" type="stmt"/>
        <line num="139" count="4" type="stmt"/>
        <line num="141" count="3" type="cond" truecount="2" falsecount="0"/>
        <line num="142" count="1" type="stmt"/>
        <line num="144" count="2" type="cond" truecount="2" falsecount="0"/>
        <line num="145" count="2" type="stmt"/>
        <line num="148" count="1" type="stmt"/>
        <line num="149" count="1" type="stmt"/>
        <line num="165" count="2" type="stmt"/>
        <line num="166" count="0" type="stmt"/>
        <line num="167" count="0" type="stmt"/>
        <line num="169" count="0" type="stmt"/>
        <line num="171" count="0" type="cond" truecount="0" falsecount="2"/>
        <line num="172" count="0" type="stmt"/>
        <line num="174" count="0" type="cond" truecount="0" falsecount="2"/>
        <line num="175" count="0" type="stmt"/>
        <line num="178" count="0" type="stmt"/>
        <line num="179" count="0" type="stmt"/>
      </file>
      <file name="veiculo.js" path="C:\Users\Mikael\Documents\GitHub\SGLM\functions\veiculo.js">
        <metrics statements="73" coveredstatements="70" conditionals="43" coveredconditionals="39" methods="6" coveredmethods="6"/>
        <line num="7" count="2" type="stmt"/>
        <line num="29" count="2" type="stmt"/>
        <line num="30" count="10" type="stmt"/>
        <line num="31" count="10" type="stmt"/>
        <line num="38" count="10" type="cond" truecount="6" falsecount="0"/>
        <line num="39" count="6" type="stmt"/>
        <line num="44" count="4" type="stmt"/>
        <line num="46" count="3" type="cond" truecount="2" falsecount="0"/>
        <line num="47" count="2" type="stmt"/>
        <line num="49" count="1" type="stmt"/>
        <line num="52" count="1" type="stmt"/>
        <line num="53" count="1" type="stmt"/>
        <line num="69" count="2" type="stmt"/>
        <line num="70" count="13" type="stmt"/>
        <line num="71" count="13" type="stmt"/>
        <line num="74" count="13" type="stmt"/>
        <line num="75" count="13" type="cond" truecount="2" falsecount="0"/>
        <line num="76" count="4" type="stmt"/>
        <line num="79" count="13" type="cond" truecount="2" falsecount="0"/>
        <line num="80" count="2" type="stmt"/>
        <line num="83" count="11" type="stmt"/>
        <line num="85" count="11" type="stmt"/>
        <line num="86" count="11" type="stmt"/>
        <line num="87" count="2" type="cond" truecount="1" falsecount="1"/>
        <line num="90" count="11" type="stmt"/>
        <line num="91" count="11" type="cond" truecount="2" falsecount="0"/>
        <line num="92" count="2" type="stmt"/>
        <line num="93" count="2" type="cond" truecount="1" falsecount="1"/>
        <line num="94" count="2" type="stmt"/>
        <line num="96" count="0" type="stmt"/>
        <line num="99" count="9" type="stmt"/>
        <line num="105" count="1" type="stmt"/>
        <line num="113" count="8" type="stmt"/>
        <line num="114" count="8" type="stmt"/>
        <line num="121" count="2" type="stmt"/>
        <line num="122" count="5" type="stmt"/>
        <line num="123" count="5" type="stmt"/>
        <line num="126" count="5" type="cond" truecount="3" falsecount="1"/>
        <line num="127" count="0" type="stmt"/>
        <line num="133" count="5" type="stmt"/>
        <line num="135" count="3" type="cond" truecount="2" falsecount="0"/>
        <line num="136" count="1" type="stmt"/>
        <line num="141" count="2" type="cond" truecount="2" falsecount="0"/>
        <line num="142" count="2" type="stmt"/>
        <line num="148" count="2" type="stmt"/>
        <line num="149" count="2" type="stmt"/>
        <line num="175" count="2" type="stmt"/>
        <line num="176" count="9" type="stmt"/>
        <line num="177" count="9" type="stmt"/>
        <line num="178" count="9" type="stmt"/>
        <line num="180" count="9" type="cond" truecount="5" falsecount="0"/>
        <line num="181" count="2" type="stmt"/>
        <line num="184" count="7" type="stmt"/>
        <line num="185" count="6" type="cond" truecount="2" falsecount="0"/>
        <line num="186" count="5" type="stmt"/>
        <line num="189" count="1" type="stmt"/>
        <line num="191" count="1" type="stmt"/>
        <line num="193" count="1" type="stmt"/>
        <line num="195" count="1" type="stmt"/>
        <line num="196" count="1" type="stmt"/>
        <line num="211" count="2" type="stmt"/>
        <line num="212" count="4" type="stmt"/>
        <line num="213" count="4" type="stmt"/>
        <line num="215" count="4" type="cond" truecount="1" falsecount="1"/>
        <line num="216" count="0" type="stmt"/>
        <line num="220" count="4" type="stmt"/>
        <line num="222" count="3" type="cond" truecount="2" falsecount="0"/>
        <line num="223" count="2" type="stmt"/>
        <line num="226" count="1" type="stmt"/>
        <line num="228" count="1" type="stmt"/>
        <line num="230" count="1" type="stmt"/>
        <line num="232" count="1" type="stmt"/>
        <line num="233" count="1" type="stmt"/>
      </file>
      <file name="vistoria.js" path="C:\Users\Mikael\Documents\GitHub\SGLM\functions\vistoria.js">
        <metrics statements="17" coveredstatements="15" conditionals="12" coveredconditionals="12" methods="2" coveredmethods="2"/>
        <line num="6" count="2" type="stmt"/>
        <line num="22" count="2" type="stmt"/>
        <line num="23" count="25" type="stmt"/>
        <line num="24" count="25" type="stmt"/>
        <line num="32" count="25" type="cond" truecount="2" falsecount="0"/>
        <line num="41" count="8" type="stmt"/>
        <line num="48" count="17" type="stmt"/>
        <line num="50" count="16" type="cond" truecount="2" falsecount="0"/>
        <line num="51" count="15" type="stmt"/>
        <line num="53" count="1" type="stmt"/>
        <line num="56" count="1" type="stmt"/>
        <line num="57" count="1" type="stmt"/>
        <line num="71" count="2" type="stmt"/>
        <line num="72" count="3" type="stmt"/>
        <line num="79" count="3" type="stmt"/>
        <line num="81" count="0" type="stmt"/>
        <line num="82" count="0" type="stmt"/>
      </file>
    </package>
    <package name="functions.scripts.firestore">
      <metrics statements="487" coveredstatements="459" conditionals="213" coveredconditionals="168" methods="52" coveredmethods="51"/>
      <file name="firestoreClientes.js" path="C:\Users\Mikael\Documents\GitHub\SGLM\functions\scripts\firestore\firestoreClientes.js">
        <metrics statements="140" coveredstatements="135" conditionals="53" coveredconditionals="48" methods="12" coveredmethods="12"/>
        <line num="34" count="3" type="stmt"/>
        <line num="35" count="5" type="stmt"/>
        <line num="36" count="5" type="stmt"/>
        <line num="38" count="5" type="stmt"/>
        <line num="40" count="5" type="stmt"/>
        <line num="46" count="4" type="cond" truecount="2" falsecount="0"/>
        <line num="47" count="1" type="stmt"/>
        <line num="50" count="3" type="stmt"/>
        <line num="58" count="3" type="stmt"/>
        <line num="59" count="3" type="stmt"/>
        <line num="61" count="3" type="stmt"/>
        <line num="71" count="3" type="stmt"/>
        <line num="77" count="3" type="cond" truecount="2" falsecount="0"/>
        <line num="78" count="1" type="stmt"/>
        <line num="87" count="3" type="cond" truecount="2" falsecount="0"/>
        <line num="88" count="1" type="stmt"/>
        <line num="99" count="3" type="stmt"/>
        <line num="100" count="3" type="stmt"/>
        <line num="102" count="2" type="stmt"/>
        <line num="103" count="2" type="stmt"/>
        <line num="112" count="3" type="stmt"/>
        <line num="113" count="9" type="stmt"/>
        <line num="121" count="3" type="stmt"/>
        <line num="122" count="9" type="stmt"/>
        <line num="123" count="9" type="stmt"/>
        <line num="124" count="7" type="cond" truecount="1" falsecount="1"/>
        <line num="125" count="0" type="stmt"/>
        <line num="126" count="0" type="stmt"/>
        <line num="133" count="2" type="stmt"/>
        <line num="142" count="3" type="stmt"/>
        <line num="143" count="9" type="stmt"/>
        <line num="144" count="9" type="stmt"/>
        <line num="145" count="7" type="cond" truecount="1" falsecount="1"/>
        <line num="146" count="0" type="stmt"/>
        <line num="147" count="0" type="stmt"/>
        <line num="148" count="0" type="stmt"/>
        <line num="151" count="2" type="stmt"/>
        <line num="160" count="3" type="stmt"/>
        <line num="161" count="9" type="stmt"/>
        <line num="162" count="9" type="stmt"/>
        <line num="165" count="9" type="stmt"/>
        <line num="168" count="9" type="stmt"/>
        <line num="173" count="9" type="stmt"/>
        <line num="181" count="3" type="stmt"/>
        <line num="182" count="4" type="stmt"/>
        <line num="183" count="4" type="stmt"/>
        <line num="185" count="4" type="cond" truecount="2" falsecount="0"/>
        <line num="186" count="1" type="stmt"/>
        <line num="189" count="3" type="stmt"/>
        <line num="190" count="3" type="stmt"/>
        <line num="204" count="3" type="cond" truecount="3" falsecount="0"/>
        <line num="205" count="18" type="stmt"/>
        <line num="207" count="18" type="cond" truecount="2" falsecount="0"/>
        <line num="208" count="4" type="stmt"/>
        <line num="212" count="14" type="stmt"/>
        <line num="214" count="7" type="cond" truecount="2" falsecount="0"/>
        <line num="215" count="1" type="stmt"/>
        <line num="220" count="7" type="cond" truecount="2" falsecount="0"/>
        <line num="221" count="1" type="stmt"/>
        <line num="224" count="7" type="cond" truecount="2" falsecount="0"/>
        <line num="225" count="1" type="stmt"/>
        <line num="228" count="7" type="stmt"/>
        <line num="231" count="6" type="stmt"/>
        <line num="235" count="6" type="stmt"/>
        <line num="240" count="8" type="stmt"/>
        <line num="241" count="8" type="stmt"/>
        <line num="276" count="3" type="stmt"/>
        <line num="277" count="8" type="stmt"/>
        <line num="278" count="8" type="stmt"/>
        <line num="279" count="8" type="stmt"/>
        <line num="281" count="8" type="stmt"/>
        <line num="282" count="7" type="cond" truecount="2" falsecount="0"/>
        <line num="283" count="2" type="stmt"/>
        <line num="286" count="5" type="stmt"/>
        <line num="287" count="5" type="cond" truecount="2" falsecount="0"/>
        <line num="288" count="1" type="stmt"/>
        <line num="290" count="5" type="cond" truecount="2" falsecount="0"/>
        <line num="291" count="1" type="stmt"/>
        <line num="293" count="5" type="cond" truecount="2" falsecount="0"/>
        <line num="294" count="1" type="stmt"/>
        <line num="297" count="5" type="cond" truecount="2" falsecount="0"/>
        <line num="298" count="1" type="stmt"/>
        <line num="303" count="5" type="cond" truecount="2" falsecount="0"/>
        <line num="304" count="1" type="stmt"/>
        <line num="309" count="5" type="cond" truecount="2" falsecount="0"/>
        <line num="310" count="1" type="stmt"/>
        <line num="316" count="5" type="cond" truecount="2" falsecount="0"/>
        <line num="317" count="1" type="stmt"/>
        <line num="322" count="1" type="stmt"/>
        <line num="327" count="5" type="stmt"/>
        <line num="328" count="5" type="stmt"/>
        <line num="330" count="1" type="stmt"/>
        <line num="331" count="1" type="stmt"/>
        <line num="340" count="3" type="stmt"/>
        <line num="341" count="5" type="stmt"/>
        <line num="342" count="5" type="stmt"/>
        <line num="343" count="5" type="stmt"/>
        <line num="346" count="5" type="stmt"/>
        <line num="347" count="4" type="cond" truecount="2" falsecount="0"/>
        <line num="348" count="3" type="stmt"/>
        <line num="351" count="1" type="stmt"/>
        <line num="354" count="1" type="stmt"/>
        <line num="355" count="1" type="stmt"/>
        <line num="358" count="1" type="stmt"/>
        <line num="360" count="1" type="stmt"/>
        <line num="361" count="4" type="stmt"/>
        <line num="362" count="4" type="cond" truecount="2" falsecount="0"/>
        <line num="363" count="3" type="stmt"/>
        <line num="364" count="3" type="stmt"/>
        <line num="365" count="3" type="stmt"/>
        <line num="371" count="1" type="cond" truecount="1" falsecount="1"/>
        <line num="372" count="1" type="stmt"/>
        <line num="373" count="1" type="stmt"/>
        <line num="381" count="1" type="stmt"/>
        <line num="385" count="1" type="cond" truecount="1" falsecount="1"/>
        <line num="386" count="1" type="stmt"/>
        <line num="387" count="1" type="stmt"/>
        <line num="390" count="1" type="stmt"/>
        <line num="392" count="1" type="stmt"/>
        <line num="393" count="1" type="stmt"/>
        <line num="403" count="3" type="stmt"/>
        <line num="404" count="6" type="stmt"/>
        <line num="405" count="6" type="stmt"/>
        <line num="407" count="6" type="stmt"/>
        <line num="408" count="5" type="cond" truecount="2" falsecount="0"/>
        <line num="409" count="2" type="stmt"/>
        <line num="413" count="3" type="stmt"/>
        <line num="420" count="3" type="cond" truecount="2" falsecount="0"/>
        <line num="421" count="1" type="stmt"/>
        <line num="428" count="2" type="stmt"/>
        <line num="429" count="2" type="stmt"/>
        <line num="430" count="8" type="stmt"/>
        <line num="431" count="8" type="stmt"/>
        <line num="432" count="8" type="stmt"/>
        <line num="433" count="8" type="stmt"/>
        <line num="435" count="8" type="stmt"/>
        <line num="438" count="2" type="stmt"/>
        <line num="440" count="2" type="stmt"/>
        <line num="442" count="1" type="stmt"/>
        <line num="443" count="1" type="stmt"/>
      </file>
      <file name="firestoreContratos.js" path="C:\Users\Mikael\Documents\GitHub\SGLM\functions\scripts\firestore\firestoreContratos.js">
        <metrics statements="23" coveredstatements="23" conditionals="6" coveredconditionals="6" methods="2" coveredmethods="2"/>
        <line num="14" count="2" type="stmt"/>
        <line num="15" count="4" type="stmt"/>
        <line num="17" count="4" type="stmt"/>
        <line num="18" count="4" type="cond" truecount="2" falsecount="0"/>
        <line num="19" count="1" type="stmt"/>
        <line num="21" count="3" type="stmt"/>
        <line num="23" count="3" type="stmt"/>
        <line num="24" count="3" type="cond" truecount="2" falsecount="0"/>
        <line num="25" count="1" type="stmt"/>
        <line num="29" count="2" type="stmt"/>
        <line num="61" count="2" type="stmt"/>
        <line num="63" count="1" type="stmt"/>
        <line num="65" count="1" type="stmt"/>
        <line num="66" count="1" type="stmt"/>
        <line num="76" count="2" type="stmt"/>
        <line num="77" count="3" type="stmt"/>
        <line num="78" count="3" type="stmt"/>
        <line num="79" count="3" type="stmt"/>
        <line num="81" count="2" type="cond" truecount="2" falsecount="0"/>
        <line num="82" count="1" type="stmt"/>
        <line num="84" count="1" type="stmt"/>
        <line num="86" count="1" type="stmt"/>
        <line num="87" count="1" type="stmt"/>
      </file>
      <file name="firestoreFornecedores.js" path="C:\Users\Mikael\Documents\GitHub\SGLM\functions\scripts\firestore\firestoreFornecedores.js">
        <metrics statements="38" coveredstatements="38" conditionals="19" coveredconditionals="15" methods="5" coveredmethods="5"/>
        <line num="14" count="2" type="stmt"/>
        <line num="15" count="6" type="stmt"/>
        <line num="16" count="6" type="stmt"/>
        <line num="17" count="6" type="stmt"/>
        <line num="19" count="6" type="stmt"/>
        <line num="25" count="5" type="cond" truecount="2" falsecount="0"/>
        <line num="26" count="1" type="stmt"/>
        <line num="29" count="4" type="stmt"/>
        <line num="39" count="3" type="stmt"/>
        <line num="40" count="3" type="stmt"/>
        <line num="42" count="3" type="stmt"/>
        <line num="43" count="6" type="stmt"/>
        <line num="44" count="6" type="stmt"/>
        <line num="50" count="3" type="cond" truecount="1" falsecount="1"/>
        <line num="51" count="3" type="stmt"/>
        <line num="57" count="3" type="cond" truecount="1" falsecount="1"/>
        <line num="58" count="3" type="stmt"/>
        <line num="64" count="3" type="stmt"/>
        <line num="65" count="3" type="stmt"/>
        <line num="67" count="3" type="stmt"/>
        <line num="68" count="3" type="stmt"/>
        <line num="80" count="2" type="cond" truecount="2" falsecount="1"/>
        <line num="81" count="5" type="stmt"/>
        <line num="82" count="5" type="stmt"/>
        <line num="84" count="5" type="cond" truecount="2" falsecount="0"/>
        <line num="85" count="1" type="stmt"/>
        <line num="88" count="5" type="cond" truecount="2" falsecount="0"/>
        <line num="89" count="1" type="stmt"/>
        <line num="92" count="5" type="cond" truecount="2" falsecount="0"/>
        <line num="93" count="1" type="stmt"/>
        <line num="96" count="5" type="stmt"/>
        <line num="97" count="5" type="stmt"/>
        <line num="99" count="4" type="stmt"/>
        <line num="104" count="1" type="stmt"/>
        <line num="105" count="1" type="stmt"/>
        <line num="114" count="2" type="stmt"/>
        <line num="115" count="2" type="stmt"/>
        <line num="117" count="2" type="cond" truecount="2" falsecount="0"/>
      </file>
      <file name="firestoreLocacoes.js" path="C:\Users\Mikael\Documents\GitHub\SGLM\functions\scripts\firestore\firestoreLocacoes.js">
        <metrics statements="82" coveredstatements="82" conditionals="26" coveredconditionals="23" methods="9" coveredmethods="9"/>
        <line num="15" count="2" type="stmt"/>
        <line num="16" count="10" type="stmt"/>
        <line num="17" count="10" type="stmt"/>
        <line num="20" count="9" type="stmt"/>
        <line num="21" count="4" type="stmt"/>
        <line num="22" count="4" type="stmt"/>
        <line num="24" count="4" type="cond" truecount="2" falsecount="0"/>
        <line num="25" count="1" type="stmt"/>
        <line num="29" count="3" type="stmt"/>
        <line num="30" count="3" type="stmt"/>
        <line num="36" count="3" type="cond" truecount="2" falsecount="0"/>
        <line num="37" count="1" type="stmt"/>
        <line num="40" count="2" type="stmt"/>
        <line num="41" count="2" type="stmt"/>
        <line num="43" count="2" type="cond" truecount="2" falsecount="0"/>
        <line num="44" count="1" type="stmt"/>
        <line num="48" count="1" type="stmt"/>
        <line num="49" count="2" type="stmt"/>
        <line num="50" count="2" type="stmt"/>
        <line num="54" count="1" type="stmt"/>
        <line num="57" count="1" type="stmt"/>
        <line num="76" count="1" type="stmt"/>
        <line num="81" count="1" type="stmt"/>
        <line num="83" count="9" type="stmt"/>
        <line num="84" count="9" type="stmt"/>
        <line num="95" count="2" type="cond" truecount="1" falsecount="1"/>
        <line num="96" count="12" type="stmt"/>
        <line num="97" count="12" type="stmt"/>
        <line num="99" count="3" type="cond" truecount="2" falsecount="0"/>
        <line num="100" count="1" type="stmt"/>
        <line num="101" count="1" type="stmt"/>
        <line num="104" count="3" type="stmt"/>
        <line num="105" count="2" type="stmt"/>
        <line num="112" count="2" type="stmt"/>
        <line num="117" count="10" type="stmt"/>
        <line num="118" count="10" type="stmt"/>
        <line num="127" count="2" type="stmt"/>
        <line num="128" count="2" type="stmt"/>
        <line num="129" count="2" type="stmt"/>
        <line num="131" count="2" type="cond" truecount="2" falsecount="0"/>
        <line num="132" count="1" type="stmt"/>
        <line num="135" count="1" type="stmt"/>
        <line num="136" count="1" type="stmt"/>
        <line num="137" count="1" type="stmt"/>
        <line num="139" count="1" type="stmt"/>
        <line num="141" count="1" type="stmt"/>
        <line num="142" count="1" type="stmt"/>
        <line num="152" count="2" type="stmt"/>
        <line num="153" count="6" type="stmt"/>
        <line num="154" count="6" type="stmt"/>
        <line num="155" count="6" type="stmt"/>
        <line num="157" count="5" type="cond" truecount="2" falsecount="0"/>
        <line num="158" count="4" type="stmt"/>
        <line num="161" count="1" type="stmt"/>
        <line num="163" count="1" type="cond" truecount="1" falsecount="1"/>
        <line num="164" count="1" type="stmt"/>
        <line num="166" count="1" type="cond" truecount="1" falsecount="1"/>
        <line num="167" count="1" type="stmt"/>
        <line num="170" count="1" type="stmt"/>
        <line num="172" count="1" type="stmt"/>
        <line num="174" count="5" type="stmt"/>
        <line num="175" count="5" type="stmt"/>
        <line num="184" count="2" type="stmt"/>
        <line num="185" count="6" type="stmt"/>
        <line num="186" count="6" type="stmt"/>
        <line num="187" count="6" type="stmt"/>
        <line num="189" count="5" type="cond" truecount="2" falsecount="0"/>
        <line num="190" count="3" type="stmt"/>
        <line num="193" count="2" type="stmt"/>
        <line num="196" count="2" type="stmt"/>
        <line num="203" count="2" type="cond" truecount="4" falsecount="0"/>
        <line num="204" count="1" type="stmt"/>
        <line num="205" count="1" type="stmt"/>
        <line num="211" count="2" type="stmt"/>
        <line num="213" count="4" type="stmt"/>
        <line num="214" count="4" type="stmt"/>
        <line num="218" count="2" type="stmt"/>
        <line num="219" count="4" type="stmt"/>
        <line num="220" count="4" type="stmt"/>
        <line num="227" count="2" type="stmt"/>
        <line num="228" count="2" type="stmt"/>
        <line num="229" count="2" type="stmt"/>
      </file>
      <file name="firestoreManutencao.js" path="C:\Users\Mikael\Documents\GitHub\SGLM\functions\scripts\firestore\firestoreManutencao.js">
        <metrics statements="60" coveredstatements="60" conditionals="20" coveredconditionals="18" methods="7" coveredmethods="7"/>
        <line num="14" count="2" type="stmt"/>
        <line num="15" count="3" type="stmt"/>
        <line num="16" count="3" type="stmt"/>
        <line num="19" count="3" type="stmt"/>
        <line num="20" count="3" type="stmt"/>
        <line num="26" count="3" type="cond" truecount="2" falsecount="0"/>
        <line num="27" count="1" type="stmt"/>
        <line num="30" count="2" type="stmt"/>
        <line num="31" count="2" type="stmt"/>
        <line num="34" count="2" type="stmt"/>
        <line num="37" count="2" type="stmt"/>
        <line num="51" count="1" type="stmt"/>
        <line num="57" count="1" type="stmt"/>
        <line num="59" count="2" type="stmt"/>
        <line num="60" count="2" type="stmt"/>
        <line num="72" count="2" type="cond" truecount="3" falsecount="0"/>
        <line num="73" count="4" type="stmt"/>
        <line num="74" count="4" type="stmt"/>
        <line num="79" count="4" type="cond" truecount="2" falsecount="0"/>
        <line num="80" count="1" type="stmt"/>
        <line num="83" count="4" type="stmt"/>
        <line num="85" count="4" type="stmt"/>
        <line num="90" count="3" type="stmt"/>
        <line num="94" count="1" type="stmt"/>
        <line num="95" count="1" type="stmt"/>
        <line num="107" count="2" type="cond" truecount="3" falsecount="0"/>
        <line num="108" count="3" type="stmt"/>
        <line num="109" count="3" type="stmt"/>
        <line num="116" count="3" type="cond" truecount="2" falsecount="0"/>
        <line num="117" count="1" type="stmt"/>
        <line num="120" count="3" type="stmt"/>
        <line num="122" count="2" type="stmt"/>
        <line num="127" count="2" type="stmt"/>
        <line num="132" count="1" type="stmt"/>
        <line num="133" count="1" type="stmt"/>
        <line num="143" count="2" type="stmt"/>
        <line num="144" count="3" type="stmt"/>
        <line num="145" count="3" type="stmt"/>
        <line num="148" count="3" type="stmt"/>
        <line num="149" count="3" type="cond" truecount="2" falsecount="0"/>
        <line num="150" count="1" type="stmt"/>
        <line num="153" count="2" type="stmt"/>
        <line num="156" count="2" type="stmt"/>
        <line num="162" count="1" type="stmt"/>
        <line num="168" count="1" type="cond" truecount="1" falsecount="1"/>
        <line num="169" count="1" type="stmt"/>
        <line num="170" count="1" type="stmt"/>
        <line num="176" count="1" type="stmt"/>
        <line num="178" count="1" type="stmt"/>
        <line num="179" count="1" type="stmt"/>
        <line num="189" count="2" type="stmt"/>
        <line num="190" count="3" type="stmt"/>
        <line num="191" count="3" type="stmt"/>
        <line num="194" count="3" type="stmt"/>
        <line num="195" count="2" type="cond" truecount="2" falsecount="0"/>
        <line num="196" count="1" type="stmt"/>
        <line num="199" count="1" type="stmt"/>
        <line num="201" count="1" type="stmt"/>
        <line num="203" count="1" type="stmt"/>
        <line num="204" count="1" type="stmt"/>
      </file>
      <file name="firestoreServicosAdicionais.js" path="C:\Users\Mikael\Documents\GitHub\SGLM\functions\scripts\firestore\firestoreServicosAdicionais.js">
        <metrics statements="26" coveredstatements="21" conditionals="15" coveredconditionals="9" methods="3" coveredmethods="3"/>
        <line num="13" count="1" type="stmt"/>
        <line num="14" count="2" type="stmt"/>
        <line num="15" count="2" type="stmt"/>
        <line num="17" count="2" type="stmt"/>
        <line num="19" count="2" type="stmt"/>
        <line num="27" count="1" type="stmt"/>
        <line num="29" count="1" type="stmt"/>
        <line num="30" count="1" type="stmt"/>
        <line num="47" count="1" type="cond" truecount="3" falsecount="0"/>
        <line num="48" count="2" type="stmt"/>
        <line num="49" count="2" type="stmt"/>
        <line num="51" count="2" type="cond" truecount="1" falsecount="1"/>
        <line num="52" count="0" type="stmt"/>
        <line num="55" count="2" type="cond" truecount="1" falsecount="1"/>
        <line num="56" count="0" type="stmt"/>
        <line num="59" count="2" type="cond" truecount="1" falsecount="1"/>
        <line num="60" count="0" type="stmt"/>
        <line num="63" count="2" type="cond" truecount="1" falsecount="1"/>
        <line num="64" count="0" type="stmt"/>
        <line num="68" count="2" type="cond" truecount="1" falsecount="1"/>
        <line num="69" count="0" type="stmt"/>
        <line num="72" count="2" type="stmt"/>
        <line num="73" count="1" type="stmt"/>
        <line num="75" count="1" type="stmt"/>
        <line num="80" count="1" type="stmt"/>
        <line num="81" count="1" type="stmt"/>
      </file>
      <file name="firestoreUtils.js" path="C:\Users\Mikael\Documents\GitHub\SGLM\functions\scripts\firestore\firestoreUtils.js">
        <metrics statements="5" coveredstatements="5" conditionals="2" coveredconditionals="2" methods="2" coveredmethods="2"/>
        <line num="3" count="1" type="stmt"/>
        <line num="4" count="5" type="stmt"/>
        <line num="8" count="4" type="stmt"/>
        <line num="11" count="1" type="stmt"/>
        <line num="12" count="6" type="stmt"/>
      </file>
      <file name="firestoreVeiculos.js" path="C:\Users\Mikael\Documents\GitHub\SGLM\functions\scripts\firestore\firestoreVeiculos.js">
        <metrics statements="90" coveredstatements="75" conditionals="56" coveredconditionals="34" methods="9" coveredmethods="8"/>
        <line num="4" count="2" type="stmt"/>
        <line num="5" count="4" type="stmt"/>
        <line num="6" count="4" type="stmt"/>
        <line num="7" count="4" type="stmt"/>
        <line num="10" count="4" type="stmt"/>
        <line num="16" count="4" type="cond" truecount="2" falsecount="0"/>
        <line num="17" count="1" type="stmt"/>
        <line num="21" count="3" type="stmt"/>
        <line num="22" count="3" type="stmt"/>
        <line num="28" count="3" type="cond" truecount="2" falsecount="0"/>
        <line num="29" count="1" type="stmt"/>
        <line num="33" count="2" type="stmt"/>
        <line num="64" count="2" type="stmt"/>
        <line num="66" count="2" type="stmt"/>
        <line num="67" count="2" type="stmt"/>
        <line num="74" count="2" type="stmt"/>
        <line num="75" count="3" type="stmt"/>
        <line num="77" count="3" type="stmt"/>
        <line num="79" count="2" type="cond" truecount="2" falsecount="0"/>
        <line num="80" count="1" type="stmt"/>
        <line num="84" count="1" type="stmt"/>
        <line num="85" count="1" type="stmt"/>
        <line num="86" count="1" type="stmt"/>
        <line num="88" count="1" type="stmt"/>
        <line num="90" count="2" type="stmt"/>
        <line num="91" count="2" type="stmt"/>
        <line num="101" count="2" type="stmt"/>
        <line num="102" count="5" type="stmt"/>
        <line num="103" count="5" type="cond" truecount="5" falsecount="0"/>
        <line num="104" count="2" type="stmt"/>
        <line num="108" count="3" type="stmt"/>
        <line num="110" count="2" type="cond" truecount="2" falsecount="0"/>
        <line num="111" count="1" type="stmt"/>
        <line num="115" count="1" type="stmt"/>
        <line num="118" count="1" type="stmt"/>
        <line num="121" count="1" type="cond" truecount="1" falsecount="1"/>
        <line num="122" count="1" type="cond" truecount="1" falsecount="1"/>
        <line num="123" count="1" type="cond" truecount="1" falsecount="1"/>
        <line num="124" count="1" type="cond" truecount="1" falsecount="1"/>
        <line num="125" count="1" type="cond" truecount="1" falsecount="1"/>
        <line num="126" count="1" type="cond" truecount="1" falsecount="1"/>
        <line num="129" count="1" type="stmt"/>
        <line num="134" count="1" type="stmt"/>
        <line num="136" count="1" type="stmt"/>
        <line num="137" count="1" type="stmt"/>
        <line num="144" count="2" type="stmt"/>
        <line num="145" count="6" type="stmt"/>
        <line num="147" count="6" type="cond" truecount="2" falsecount="0"/>
        <line num="153" count="2" type="cond" truecount="0" falsecount="3"/>
        <line num="154" count="6" type="stmt"/>
        <line num="155" count="6" type="stmt"/>
        <line num="157" count="6" type="cond" truecount="5" falsecount="1"/>
        <line num="158" count="6" type="stmt"/>
        <line num="161" count="0" type="cond" truecount="0" falsecount="2"/>
        <line num="162" count="0" type="stmt"/>
        <line num="165" count="0" type="cond" truecount="0" falsecount="2"/>
        <line num="166" count="0" type="stmt"/>
        <line num="169" count="0" type="cond" truecount="0" falsecount="2"/>
        <line num="170" count="0" type="stmt"/>
        <line num="173" count="0" type="cond" truecount="0" falsecount="2"/>
        <line num="174" count="0" type="stmt"/>
        <line num="178" count="0" type="cond" truecount="0" falsecount="2"/>
        <line num="179" count="0" type="stmt"/>
        <line num="182" count="0" type="stmt"/>
        <line num="183" count="0" type="stmt"/>
        <line num="184" count="0" type="stmt"/>
        <line num="185" count="0" type="stmt"/>
        <line num="191" count="0" type="stmt"/>
        <line num="196" count="6" type="stmt"/>
        <line num="197" count="6" type="stmt"/>
        <line num="206" count="2" type="stmt"/>
        <line num="207" count="3" type="stmt"/>
        <line num="208" count="2" type="cond" truecount="2" falsecount="0"/>
        <line num="217" count="2" type="stmt"/>
        <line num="218" count="3" type="stmt"/>
        <line num="219" count="3" type="stmt"/>
        <line num="221" count="2" type="cond" truecount="2" falsecount="0"/>
        <line num="223" count="1" type="stmt"/>
        <line num="225" count="1" type="stmt"/>
        <line num="226" count="1" type="stmt"/>
        <line num="237" count="2" type="stmt"/>
        <line num="238" count="3" type="stmt"/>
        <line num="239" count="3" type="stmt"/>
        <line num="241" count="2" type="cond" truecount="2" falsecount="0"/>
        <line num="242" count="1" type="stmt"/>
        <line num="245" count="1" type="stmt"/>
        <line num="247" count="1" type="stmt"/>
        <line num="249" count="1" type="stmt"/>
        <line num="253" count="1" type="stmt"/>
        <line num="254" count="1" type="stmt"/>
      </file>
      <file name="firestoreVistoria.js" path="C:\Users\Mikael\Documents\GitHub\SGLM\functions\scripts\firestore\firestoreVistoria.js">
        <metrics statements="23" coveredstatements="20" conditionals="16" coveredconditionals="13" methods="3" coveredmethods="3"/>
        <line num="16" count="2" type="stmt"/>
        <line num="17" count="4" type="stmt"/>
        <line num="18" count="4" type="stmt"/>
        <line num="20" count="4" type="stmt"/>
        <line num="22" count="4" type="cond" truecount="7" falsecount="0"/>
        <line num="23" count="1" type="stmt"/>
        <line num="26" count="3" type="stmt"/>
        <line num="40" count="2" type="stmt"/>
        <line num="42" count="1" type="stmt"/>
        <line num="43" count="1" type="stmt"/>
        <line num="57" count="2" type="cond" truecount="3" falsecount="0"/>
        <line num="58" count="2" type="stmt"/>
        <line num="59" count="2" type="stmt"/>
        <line num="61" count="2" type="cond" truecount="1" falsecount="1"/>
        <line num="62" count="0" type="stmt"/>
        <line num="63" count="0" type="stmt"/>
        <line num="66" count="2" type="cond" truecount="1" falsecount="1"/>
        <line num="67" count="0" type="stmt"/>
        <line num="70" count="2" type="stmt"/>
        <line num="71" count="1" type="stmt"/>
        <line num="73" count="1" type="stmt"/>
        <line num="79" count="1" type="stmt"/>
        <line num="80" count="1" type="stmt"/>
      </file>
    </package>
  </project>
</coverage>
