{"C:\\Users\\Mikael\\Documents\\GitHub\\SGLM\\functions\\cliente.js": {"path":"C:\\Users\\Mikael\\Documents\\GitHub\\SGLM\\functions\\cliente.js","statementMap":{"0":{"start":{"line":7,"column":15},"end":{"line":7,"column":31}},"1":{"start":{"line":33,"column":0},"end":{"line":71,"column":3}},"2":{"start":{"line":34,"column":2},"end":{"line":70,"column":3}},"3":{"start":{"line":35,"column":24},"end":{"line":35,"column":32}},"4":{"start":{"line":45,"column":4},"end":{"line":49,"column":5}},"5":{"start":{"line":46,"column":6},"end":{"line":48,"column":86}},"6":{"start":{"line":52,"column":4},"end":{"line":54,"column":5}},"7":{"start":{"line":53,"column":6},"end":{"line":53,"column":50}},"8":{"start":{"line":57,"column":22},"end":{"line":57,"column":53}},"9":{"start":{"line":59,"column":4},"end":{"line":65,"column":5}},"10":{"start":{"line":61,"column":6},"end":{"line":61,"column":92}},"11":{"start":{"line":64,"column":6},"end":{"line":64,"column":89}},"12":{"start":{"line":68,"column":4},"end":{"line":68,"column":68}},"13":{"start":{"line":69,"column":4},"end":{"line":69,"column":54}},"14":{"start":{"line":81,"column":0},"end":{"line":128,"column":3}},"15":{"start":{"line":82,"column":2},"end":{"line":127,"column":3}},"16":{"start":{"line":83,"column":59},"end":{"line":83,"column":68}},"17":{"start":{"line":86,"column":22},"end":{"line":86,"column":44}},"18":{"start":{"line":89,"column":4},"end":{"line":93,"column":5}},"19":{"start":{"line":90,"column":6},"end":{"line":90,"column":42}},"20":{"start":{"line":92,"column":6},"end":{"line":92,"column":25}},"21":{"start":{"line":96,"column":28},"end":{"line":96,"column":32}},"22":{"start":{"line":97,"column":4},"end":{"line":102,"column":5}},"23":{"start":{"line":98,"column":6},"end":{"line":98,"column":81}},"24":{"start":{"line":99,"column":6},"end":{"line":101,"column":7}},"25":{"start":{"line":100,"column":8},"end":{"line":100,"column":71}},"26":{"start":{"line":105,"column":36},"end":{"line":109,"column":6}},"27":{"start":{"line":112,"column":21},"end":{"line":118,"column":5}},"28":{"start":{"line":120,"column":4},"end":{"line":120,"column":35}},"29":{"start":{"line":122,"column":4},"end":{"line":122,"column":56}},"30":{"start":{"line":123,"column":4},"end":{"line":126,"column":7}},"31":{"start":{"line":142,"column":0},"end":{"line":181,"column":3}},"32":{"start":{"line":143,"column":2},"end":{"line":180,"column":3}},"33":{"start":{"line":144,"column":20},"end":{"line":144,"column":30}},"34":{"start":{"line":147,"column":4},"end":{"line":152,"column":5}},"35":{"start":{"line":148,"column":6},"end":{"line":151,"column":9}},"36":{"start":{"line":155,"column":4},"end":{"line":157,"column":5}},"37":{"start":{"line":156,"column":6},"end":{"line":156,"column":50}},"38":{"start":{"line":159,"column":22},"end":{"line":159,"column":52}},"39":{"start":{"line":161,"column":4},"end":{"line":172,"column":5}},"40":{"start":{"line":162,"column":6},"end":{"line":165,"column":9}},"41":{"start":{"line":167,"column":25},"end":{"line":167,"column":82}},"42":{"start":{"line":168,"column":6},"end":{"line":171,"column":9}},"43":{"start":{"line":174,"column":4},"end":{"line":174,"column":72}},"44":{"start":{"line":175,"column":4},"end":{"line":179,"column":7}},"45":{"start":{"line":197,"column":0},"end":{"line":228,"column":3}},"46":{"start":{"line":198,"column":2},"end":{"line":227,"column":3}},"47":{"start":{"line":199,"column":20},"end":{"line":199,"column":30}},"48":{"start":{"line":200,"column":20},"end":{"line":200,"column":28}},"49":{"start":{"line":203,"column":4},"end":{"line":205,"column":5}},"50":{"start":{"line":204,"column":6},"end":{"line":204,"column":77}},"51":{"start":{"line":208,"column":4},"end":{"line":210,"column":5}},"52":{"start":{"line":209,"column":6},"end":{"line":209,"column":50}},"53":{"start":{"line":215,"column":22},"end":{"line":215,"column":58}},"54":{"start":{"line":217,"column":4},"end":{"line":223,"column":5}},"55":{"start":{"line":218,"column":6},"end":{"line":218,"column":82}},"56":{"start":{"line":221,"column":25},"end":{"line":221,"column":82}},"57":{"start":{"line":222,"column":6},"end":{"line":222,"column":100}},"58":{"start":{"line":225,"column":4},"end":{"line":225,"column":72}},"59":{"start":{"line":226,"column":4},"end":{"line":226,"column":54}},"60":{"start":{"line":243,"column":0},"end":{"line":265,"column":3}},"61":{"start":{"line":244,"column":2},"end":{"line":264,"column":3}},"62":{"start":{"line":245,"column":20},"end":{"line":245,"column":30}},"63":{"start":{"line":248,"column":4},"end":{"line":250,"column":5}},"64":{"start":{"line":249,"column":6},"end":{"line":249,"column":50}},"65":{"start":{"line":253,"column":22},"end":{"line":253,"column":47}},"66":{"start":{"line":255,"column":4},"end":{"line":260,"column":5}},"67":{"start":{"line":256,"column":6},"end":{"line":256,"column":80}},"68":{"start":{"line":258,"column":25},"end":{"line":258,"column":82}},"69":{"start":{"line":259,"column":6},"end":{"line":259,"column":98}},"70":{"start":{"line":262,"column":4},"end":{"line":262,"column":75}},"71":{"start":{"line":263,"column":4},"end":{"line":263,"column":54}}},"fnMap":{"0":{"name":"(anonymous_0)","decl":{"start":{"line":33,"column":17},"end":{"line":33,"column":18}},"loc":{"start":{"line":33,"column":37},"end":{"line":71,"column":1}},"line":33},"1":{"name":"(anonymous_1)","decl":{"start":{"line":81,"column":16},"end":{"line":81,"column":17}},"loc":{"start":{"line":81,"column":36},"end":{"line":128,"column":1}},"line":81},"2":{"name":"(anonymous_2)","decl":{"start":{"line":142,"column":20},"end":{"line":142,"column":21}},"loc":{"start":{"line":142,"column":40},"end":{"line":181,"column":1}},"line":142},"3":{"name":"(anonymous_3)","decl":{"start":{"line":197,"column":20},"end":{"line":197,"column":21}},"loc":{"start":{"line":197,"column":40},"end":{"line":228,"column":1}},"line":197},"4":{"name":"(anonymous_4)","decl":{"start":{"line":243,"column":23},"end":{"line":243,"column":24}},"loc":{"start":{"line":243,"column":43},"end":{"line":265,"column":1}},"line":243}},"branchMap":{"0":{"loc":{"start":{"line":45,"column":4},"end":{"line":49,"column":5}},"type":"if","locations":[{"start":{"line":45,"column":4},"end":{"line":49,"column":5}},{"start":{},"end":{}}],"line":45},"1":{"loc":{"start":{"line":45,"column":8},"end":{"line":45,"column":70}},"type":"binary-expr","locations":[{"start":{"line":45,"column":8},"end":{"line":45,"column":20}},{"start":{"line":45,"column":24},"end":{"line":45,"column":40}},{"start":{"line":45,"column":44},"end":{"line":45,"column":70}}],"line":45},"2":{"loc":{"start":{"line":52,"column":4},"end":{"line":54,"column":5}},"type":"if","locations":[{"start":{"line":52,"column":4},"end":{"line":54,"column":5}},{"start":{},"end":{}}],"line":52},"3":{"loc":{"start":{"line":59,"column":4},"end":{"line":65,"column":5}},"type":"if","locations":[{"start":{"line":59,"column":4},"end":{"line":65,"column":5}},{"start":{"line":62,"column":11},"end":{"line":65,"column":5}}],"line":59},"4":{"loc":{"start":{"line":83,"column":12},"end":{"line":83,"column":25}},"type":"default-arg","locations":[{"start":{"line":83,"column":21},"end":{"line":83,"column":25}}],"line":83},"5":{"loc":{"start":{"line":83,"column":40},"end":{"line":83,"column":54}},"type":"default-arg","locations":[{"start":{"line":83,"column":50},"end":{"line":83,"column":54}}],"line":83},"6":{"loc":{"start":{"line":86,"column":22},"end":{"line":86,"column":44}},"type":"binary-expr","locations":[{"start":{"line":86,"column":22},"end":{"line":86,"column":38}},{"start":{"line":86,"column":42},"end":{"line":86,"column":44}}],"line":86},"7":{"loc":{"start":{"line":97,"column":4},"end":{"line":102,"column":5}},"type":"if","locations":[{"start":{"line":97,"column":4},"end":{"line":102,"column":5}},{"start":{},"end":{}}],"line":97},"8":{"loc":{"start":{"line":99,"column":6},"end":{"line":101,"column":7}},"type":"if","locations":[{"start":{"line":99,"column":6},"end":{"line":101,"column":7}},{"start":{},"end":{}}],"line":99},"9":{"loc":{"start":{"line":116,"column":21},"end":{"line":116,"column":42}},"type":"binary-expr","locations":[{"start":{"line":116,"column":21},"end":{"line":116,"column":34}},{"start":{"line":116,"column":38},"end":{"line":116,"column":42}}],"line":116},"10":{"loc":{"start":{"line":125,"column":16},"end":{"line":125,"column":82}},"type":"cond-expr","locations":[{"start":{"line":125,"column":57},"end":{"line":125,"column":70}},{"start":{"line":125,"column":73},"end":{"line":125,"column":82}}],"line":125},"11":{"loc":{"start":{"line":147,"column":4},"end":{"line":152,"column":5}},"type":"if","locations":[{"start":{"line":147,"column":4},"end":{"line":152,"column":5}},{"start":{},"end":{}}],"line":147},"12":{"loc":{"start":{"line":147,"column":8},"end":{"line":147,"column":39}},"type":"binary-expr","locations":[{"start":{"line":147,"column":8},"end":{"line":147,"column":12}},{"start":{"line":147,"column":16},"end":{"line":147,"column":39}}],"line":147},"13":{"loc":{"start":{"line":155,"column":4},"end":{"line":157,"column":5}},"type":"if","locations":[{"start":{"line":155,"column":4},"end":{"line":157,"column":5}},{"start":{},"end":{}}],"line":155},"14":{"loc":{"start":{"line":161,"column":4},"end":{"line":172,"column":5}},"type":"if","locations":[{"start":{"line":161,"column":4},"end":{"line":172,"column":5}},{"start":{"line":166,"column":11},"end":{"line":172,"column":5}}],"line":161},"15":{"loc":{"start":{"line":167,"column":25},"end":{"line":167,"column":82}},"type":"cond-expr","locations":[{"start":{"line":167,"column":73},"end":{"line":167,"column":76}},{"start":{"line":167,"column":79},"end":{"line":167,"column":82}}],"line":167},"16":{"loc":{"start":{"line":178,"column":16},"end":{"line":178,"column":82}},"type":"cond-expr","locations":[{"start":{"line":178,"column":57},"end":{"line":178,"column":70}},{"start":{"line":178,"column":73},"end":{"line":178,"column":82}}],"line":178},"17":{"loc":{"start":{"line":203,"column":4},"end":{"line":205,"column":5}},"type":"if","locations":[{"start":{"line":203,"column":4},"end":{"line":205,"column":5}},{"start":{},"end":{}}],"line":203},"18":{"loc":{"start":{"line":203,"column":8},"end":{"line":203,"column":53}},"type":"binary-expr","locations":[{"start":{"line":203,"column":8},"end":{"line":203,"column":16}},{"start":{"line":203,"column":20},"end":{"line":203,"column":53}}],"line":203},"19":{"loc":{"start":{"line":208,"column":4},"end":{"line":210,"column":5}},"type":"if","locations":[{"start":{"line":208,"column":4},"end":{"line":210,"column":5}},{"start":{},"end":{}}],"line":208},"20":{"loc":{"start":{"line":217,"column":4},"end":{"line":223,"column":5}},"type":"if","locations":[{"start":{"line":217,"column":4},"end":{"line":223,"column":5}},{"start":{"line":219,"column":11},"end":{"line":223,"column":5}}],"line":217},"21":{"loc":{"start":{"line":221,"column":25},"end":{"line":221,"column":82}},"type":"cond-expr","locations":[{"start":{"line":221,"column":73},"end":{"line":221,"column":76}},{"start":{"line":221,"column":79},"end":{"line":221,"column":82}}],"line":221},"22":{"loc":{"start":{"line":248,"column":4},"end":{"line":250,"column":5}},"type":"if","locations":[{"start":{"line":248,"column":4},"end":{"line":250,"column":5}},{"start":{},"end":{}}],"line":248},"23":{"loc":{"start":{"line":255,"column":4},"end":{"line":260,"column":5}},"type":"if","locations":[{"start":{"line":255,"column":4},"end":{"line":260,"column":5}},{"start":{"line":257,"column":11},"end":{"line":260,"column":5}}],"line":255},"24":{"loc":{"start":{"line":258,"column":25},"end":{"line":258,"column":82}},"type":"cond-expr","locations":[{"start":{"line":258,"column":73},"end":{"line":258,"column":76}},{"start":{"line":258,"column":79},"end":{"line":258,"column":82}}],"line":258}},"s":{"0":2,"1":2,"2":14,"3":14,"4":14,"5":6,"6":8,"7":2,"8":6,"9":5,"10":3,"11":2,"12":1,"13":1,"14":2,"15":22,"16":22,"17":22,"18":22,"19":22,"20":3,"21":22,"22":22,"23":3,"24":3,"25":2,"26":20,"27":11,"28":11,"29":9,"30":9,"31":2,"32":14,"33":14,"34":14,"35":1,"36":13,"37":1,"38":12,"39":9,"40":3,"41":6,"42":6,"43":3,"44":3,"45":2,"46":17,"47":17,"48":17,"49":17,"50":4,"51":13,"52":1,"53":12,"54":10,"55":5,"56":5,"57":5,"58":2,"59":2,"60":2,"61":10,"62":10,"63":10,"64":1,"65":9,"66":7,"67":2,"68":5,"69":5,"70":2,"71":2},"f":{"0":14,"1":22,"2":14,"3":17,"4":10},"b":{"0":[6,8],"1":[14,13,9],"2":[2,6],"3":[3,2],"4":[16],"5":[16],"6":[22,3],"7":[3,19],"8":[2,1],"9":[11,10],"10":[2,7],"11":[1,13],"12":[14,14],"13":[1,12],"14":[3,6],"15":[4,2],"16":[1,2],"17":[4,13],"18":[17,16],"19":[1,12],"20":[5,5],"21":[3,2],"22":[1,9],"23":[2,5],"24":[3,2]},"_coverageSchema":"1a1c01bbd47fc00a2c39e90264f33305004495a9","hash":"2a3dd748d962a3e9121c87a2efd0e1b3405bb20c"}
,"C:\\Users\\Mikael\\Documents\\GitHub\\SGLM\\functions\\contrato.js": {"path":"C:\\Users\\Mikael\\Documents\\GitHub\\SGLM\\functions\\contrato.js","statementMap":{"0":{"start":{"line":7,"column":15},"end":{"line":7,"column":31}},"1":{"start":{"line":26,"column":0},"end":{"line":53,"column":3}},"2":{"start":{"line":27,"column":2},"end":{"line":52,"column":3}},"3":{"start":{"line":28,"column":58},"end":{"line":28,"column":66}},"4":{"start":{"line":31,"column":4},"end":{"line":37,"column":5}},"5":{"start":{"line":32,"column":6},"end":{"line":36,"column":10}},"6":{"start":{"line":39,"column":22},"end":{"line":39,"column":96}},"7":{"start":{"line":41,"column":4},"end":{"line":48,"column":5}},"8":{"start":{"line":42,"column":6},"end":{"line":42,"column":90}},"9":{"start":{"line":44,"column":25},"end":{"line":44,"column":75}},"10":{"start":{"line":45,"column":6},"end":{"line":47,"column":77}},"11":{"start":{"line":50,"column":4},"end":{"line":50,"column":69}},"12":{"start":{"line":51,"column":4},"end":{"line":51,"column":54}},"13":{"start":{"line":65,"column":0},"end":{"line":83,"column":3}},"14":{"start":{"line":66,"column":2},"end":{"line":82,"column":3}},"15":{"start":{"line":67,"column":19},"end":{"line":67,"column":29}},"16":{"start":{"line":69,"column":22},"end":{"line":69,"column":51}},"17":{"start":{"line":71,"column":4},"end":{"line":78,"column":5}},"18":{"start":{"line":72,"column":6},"end":{"line":72,"column":47}},"19":{"start":{"line":74,"column":25},"end":{"line":74,"column":83}},"20":{"start":{"line":75,"column":6},"end":{"line":77,"column":78}},"21":{"start":{"line":80,"column":4},"end":{"line":80,"column":72}},"22":{"start":{"line":81,"column":4},"end":{"line":81,"column":54}}},"fnMap":{"0":{"name":"(anonymous_0)","decl":{"start":{"line":26,"column":17},"end":{"line":26,"column":18}},"loc":{"start":{"line":26,"column":37},"end":{"line":53,"column":1}},"line":26},"1":{"name":"(anonymous_1)","decl":{"start":{"line":65,"column":19},"end":{"line":65,"column":20}},"loc":{"start":{"line":65,"column":39},"end":{"line":83,"column":1}},"line":65}},"branchMap":{"0":{"loc":{"start":{"line":31,"column":4},"end":{"line":37,"column":5}},"type":"if","locations":[{"start":{"line":31,"column":4},"end":{"line":37,"column":5}},{"start":{},"end":{}}],"line":31},"1":{"loc":{"start":{"line":31,"column":8},"end":{"line":31,"column":56}},"type":"binary-expr","locations":[{"start":{"line":31,"column":8},"end":{"line":31,"column":19}},{"start":{"line":31,"column":23},"end":{"line":31,"column":37}},{"start":{"line":31,"column":41},"end":{"line":31,"column":56}}],"line":31},"2":{"loc":{"start":{"line":41,"column":4},"end":{"line":48,"column":5}},"type":"if","locations":[{"start":{"line":41,"column":4},"end":{"line":48,"column":5}},{"start":{"line":43,"column":11},"end":{"line":48,"column":5}}],"line":41},"3":{"loc":{"start":{"line":44,"column":25},"end":{"line":44,"column":75}},"type":"cond-expr","locations":[{"start":{"line":44,"column":66},"end":{"line":44,"column":69}},{"start":{"line":44,"column":72},"end":{"line":44,"column":75}}],"line":44},"4":{"loc":{"start":{"line":71,"column":4},"end":{"line":78,"column":5}},"type":"if","locations":[{"start":{"line":71,"column":4},"end":{"line":78,"column":5}},{"start":{"line":73,"column":11},"end":{"line":78,"column":5}}],"line":71},"5":{"loc":{"start":{"line":74,"column":25},"end":{"line":74,"column":83}},"type":"cond-expr","locations":[{"start":{"line":74,"column":74},"end":{"line":74,"column":77}},{"start":{"line":74,"column":80},"end":{"line":74,"column":83}}],"line":74}},"s":{"0":2,"1":2,"2":5,"3":5,"4":5,"5":1,"6":4,"7":3,"8":1,"9":2,"10":2,"11":1,"12":1,"13":2,"14":4,"15":4,"16":4,"17":3,"18":1,"19":2,"20":2,"21":1,"22":1},"f":{"0":5,"1":4},"b":{"0":[1,4],"1":[5,4,4],"2":[1,2],"3":[1,1],"4":[1,2],"5":[1,1]},"_coverageSchema":"1a1c01bbd47fc00a2c39e90264f33305004495a9","hash":"ad2966c87e5e1cc0f268b2cdd327e24a22c139d1"}
,"C:\\Users\\Mikael\\Documents\\GitHub\\SGLM\\functions\\fornecedores.js": {"path":"C:\\Users\\Mikael\\Documents\\GitHub\\SGLM\\functions\\fornecedores.js","statementMap":{"0":{"start":{"line":3,"column":15},"end":{"line":3,"column":31}},"1":{"start":{"line":26,"column":0},"end":{"line":53,"column":3}},"2":{"start":{"line":27,"column":2},"end":{"line":52,"column":3}},"3":{"start":{"line":28,"column":27},"end":{"line":28,"column":35}},"4":{"start":{"line":36,"column":4},"end":{"line":38,"column":5}},"5":{"start":{"line":37,"column":6},"end":{"line":37,"column":91}},"6":{"start":{"line":40,"column":22},"end":{"line":40,"column":59}},"7":{"start":{"line":42,"column":4},"end":{"line":47,"column":5}},"8":{"start":{"line":44,"column":6},"end":{"line":44,"column":99}},"9":{"start":{"line":46,"column":6},"end":{"line":46,"column":92}},"10":{"start":{"line":50,"column":4},"end":{"line":50,"column":72}},"11":{"start":{"line":51,"column":4},"end":{"line":51,"column":54}},"12":{"start":{"line":67,"column":0},"end":{"line":80,"column":3}},"13":{"start":{"line":68,"column":2},"end":{"line":79,"column":3}},"14":{"start":{"line":75,"column":4},"end":{"line":75,"column":87}},"15":{"start":{"line":77,"column":4},"end":{"line":77,"column":60}},"16":{"start":{"line":78,"column":4},"end":{"line":78,"column":54}}},"fnMap":{"0":{"name":"(anonymous_0)","decl":{"start":{"line":26,"column":17},"end":{"line":26,"column":18}},"loc":{"start":{"line":26,"column":37},"end":{"line":53,"column":1}},"line":26},"1":{"name":"(anonymous_1)","decl":{"start":{"line":67,"column":16},"end":{"line":67,"column":17}},"loc":{"start":{"line":67,"column":36},"end":{"line":80,"column":1}},"line":67}},"branchMap":{"0":{"loc":{"start":{"line":36,"column":4},"end":{"line":38,"column":5}},"type":"if","locations":[{"start":{"line":36,"column":4},"end":{"line":38,"column":5}},{"start":{},"end":{}}],"line":36},"1":{"loc":{"start":{"line":36,"column":8},"end":{"line":36,"column":47}},"type":"binary-expr","locations":[{"start":{"line":36,"column":8},"end":{"line":36,"column":23}},{"start":{"line":36,"column":27},"end":{"line":36,"column":47}}],"line":36},"2":{"loc":{"start":{"line":42,"column":4},"end":{"line":47,"column":5}},"type":"if","locations":[{"start":{"line":42,"column":4},"end":{"line":47,"column":5}},{"start":{"line":45,"column":11},"end":{"line":47,"column":5}}],"line":42}},"s":{"0":2,"1":2,"2":10,"3":10,"4":10,"5":3,"6":7,"7":6,"8":5,"9":1,"10":1,"11":1,"12":2,"13":4,"14":4,"15":0,"16":0},"f":{"0":10,"1":4},"b":{"0":[3,7],"1":[10,9],"2":[5,1]},"_coverageSchema":"1a1c01bbd47fc00a2c39e90264f33305004495a9","hash":"a8e0d4ddc6bfccbfc5191307497eae892db30b47"}
,"C:\\Users\\Mikael\\Documents\\GitHub\\SGLM\\functions\\index.js": {"path":"C:\\Users\\Mikael\\Documents\\GitHub\\SGLM\\functions\\index.js","statementMap":{"0":{"start":{"line":12,"column":12},"end":{"line":12,"column":21}},"1":{"start":{"line":17,"column":0},"end":{"line":17,"column":24}},"2":{"start":{"line":23,"column":0},"end":{"line":23,"column":32}},"3":{"start":{"line":36,"column":0},"end":{"line":38,"column":3}},"4":{"start":{"line":37,"column":2},"end":{"line":37,"column":79}},"5":{"start":{"line":47,"column":0},"end":{"line":47,"column":37}},"6":{"start":{"line":56,"column":0},"end":{"line":56,"column":37}},"7":{"start":{"line":65,"column":0},"end":{"line":65,"column":45}},"8":{"start":{"line":74,"column":0},"end":{"line":74,"column":43}},"9":{"start":{"line":83,"column":0},"end":{"line":83,"column":39}},"10":{"start":{"line":92,"column":0},"end":{"line":92,"column":37}},"11":{"start":{"line":101,"column":0},"end":{"line":101,"column":39}},"12":{"start":{"line":114,"column":19},"end":{"line":114,"column":49}}},"fnMap":{"0":{"name":"(anonymous_0)","decl":{"start":{"line":36,"column":24},"end":{"line":36,"column":25}},"loc":{"start":{"line":36,"column":38},"end":{"line":38,"column":1}},"line":36}},"branchMap":{},"s":{"0":1,"1":1,"2":1,"3":1,"4":1,"5":1,"6":1,"7":1,"8":1,"9":1,"10":1,"11":1,"12":1},"f":{"0":1},"b":{},"_coverageSchema":"1a1c01bbd47fc00a2c39e90264f33305004495a9","hash":"4282fc01adbac61fb7276b92dfdc6d360e2b7f92"}
,"C:\\Users\\Mikael\\Documents\\GitHub\\SGLM\\functions\\locacoes.js": {"path":"C:\\Users\\Mikael\\Documents\\GitHub\\SGLM\\functions\\locacoes.js","statementMap":{"0":{"start":{"line":11,"column":12},"end":{"line":11,"column":21}},"1":{"start":{"line":13,"column":0},"end":{"line":13,"column":32}},"2":{"start":{"line":16,"column":0},"end":{"line":16,"column":24}},"3":{"start":{"line":19,"column":0},"end":{"line":32,"column":3}},"4":{"start":{"line":20,"column":2},"end":{"line":31,"column":3}},"5":{"start":{"line":21,"column":24},"end":{"line":21,"column":32}},"6":{"start":{"line":22,"column":19},"end":{"line":22,"column":50}},"7":{"start":{"line":23,"column":4},"end":{"line":27,"column":5}},"8":{"start":{"line":24,"column":6},"end":{"line":24,"column":35}},"9":{"start":{"line":26,"column":6},"end":{"line":26,"column":52}},"10":{"start":{"line":29,"column":4},"end":{"line":29,"column":51}},"11":{"start":{"line":30,"column":4},"end":{"line":30,"column":61}},"12":{"start":{"line":35,"column":0},"end":{"line":53,"column":3}},"13":{"start":{"line":36,"column":2},"end":{"line":52,"column":3}},"14":{"start":{"line":37,"column":34},"end":{"line":37,"column":43}},"15":{"start":{"line":40,"column":22},"end":{"line":40,"column":52}},"16":{"start":{"line":43,"column":4},"end":{"line":45,"column":5}},"17":{"start":{"line":44,"column":6},"end":{"line":44,"column":91}},"18":{"start":{"line":47,"column":19},"end":{"line":47,"column":73}},"19":{"start":{"line":48,"column":4},"end":{"line":48,"column":33}},"20":{"start":{"line":50,"column":4},"end":{"line":50,"column":51}},"21":{"start":{"line":51,"column":4},"end":{"line":51,"column":61}},"22":{"start":{"line":56,"column":0},"end":{"line":90,"column":3}},"23":{"start":{"line":57,"column":2},"end":{"line":89,"column":3}},"24":{"start":{"line":58,"column":26},"end":{"line":58,"column":36}},"25":{"start":{"line":61,"column":4},"end":{"line":66,"column":5}},"26":{"start":{"line":62,"column":6},"end":{"line":65,"column":9}},"27":{"start":{"line":68,"column":22},"end":{"line":68,"column":51}},"28":{"start":{"line":70,"column":4},"end":{"line":81,"column":5}},"29":{"start":{"line":71,"column":6},"end":{"line":74,"column":9}},"30":{"start":{"line":76,"column":25},"end":{"line":76,"column":82}},"31":{"start":{"line":77,"column":6},"end":{"line":80,"column":9}},"32":{"start":{"line":83,"column":4},"end":{"line":83,"column":78}},"33":{"start":{"line":84,"column":4},"end":{"line":88,"column":7}},"34":{"start":{"line":93,"column":0},"end":{"line":107,"column":3}},"35":{"start":{"line":94,"column":2},"end":{"line":106,"column":3}},"36":{"start":{"line":95,"column":19},"end":{"line":95,"column":29}},"37":{"start":{"line":96,"column":24},"end":{"line":96,"column":32}},"38":{"start":{"line":97,"column":19},"end":{"line":97,"column":58}},"39":{"start":{"line":98,"column":4},"end":{"line":102,"column":5}},"40":{"start":{"line":99,"column":6},"end":{"line":99,"column":35}},"41":{"start":{"line":101,"column":6},"end":{"line":101,"column":52}},"42":{"start":{"line":104,"column":4},"end":{"line":104,"column":51}},"43":{"start":{"line":105,"column":4},"end":{"line":105,"column":61}},"44":{"start":{"line":110,"column":0},"end":{"line":123,"column":3}},"45":{"start":{"line":111,"column":2},"end":{"line":122,"column":3}},"46":{"start":{"line":112,"column":19},"end":{"line":112,"column":29}},"47":{"start":{"line":113,"column":19},"end":{"line":113,"column":43}},"48":{"start":{"line":114,"column":4},"end":{"line":118,"column":5}},"49":{"start":{"line":115,"column":6},"end":{"line":115,"column":35}},"50":{"start":{"line":117,"column":6},"end":{"line":117,"column":52}},"51":{"start":{"line":120,"column":4},"end":{"line":120,"column":51}},"52":{"start":{"line":121,"column":4},"end":{"line":121,"column":61}}},"fnMap":{"0":{"name":"(anonymous_0)","decl":{"start":{"line":19,"column":14},"end":{"line":19,"column":15}},"loc":{"start":{"line":19,"column":34},"end":{"line":32,"column":1}},"line":19},"1":{"name":"(anonymous_1)","decl":{"start":{"line":35,"column":13},"end":{"line":35,"column":14}},"loc":{"start":{"line":35,"column":33},"end":{"line":53,"column":1}},"line":35},"2":{"name":"(anonymous_2)","decl":{"start":{"line":56,"column":23},"end":{"line":56,"column":24}},"loc":{"start":{"line":56,"column":43},"end":{"line":90,"column":1}},"line":56},"3":{"name":"(anonymous_3)","decl":{"start":{"line":93,"column":16},"end":{"line":93,"column":17}},"loc":{"start":{"line":93,"column":36},"end":{"line":107,"column":1}},"line":93},"4":{"name":"(anonymous_4)","decl":{"start":{"line":110,"column":19},"end":{"line":110,"column":20}},"loc":{"start":{"line":110,"column":39},"end":{"line":123,"column":1}},"line":110}},"branchMap":{"0":{"loc":{"start":{"line":23,"column":4},"end":{"line":27,"column":5}},"type":"if","locations":[{"start":{"line":23,"column":4},"end":{"line":27,"column":5}},{"start":{"line":25,"column":11},"end":{"line":27,"column":5}}],"line":23},"1":{"loc":{"start":{"line":40,"column":22},"end":{"line":40,"column":52}},"type":"cond-expr","locations":[{"start":{"line":40,"column":31},"end":{"line":40,"column":47}},{"start":{"line":40,"column":50},"end":{"line":40,"column":52}}],"line":40},"2":{"loc":{"start":{"line":43,"column":4},"end":{"line":45,"column":5}},"type":"if","locations":[{"start":{"line":43,"column":4},"end":{"line":45,"column":5}},{"start":{},"end":{}}],"line":43},"3":{"loc":{"start":{"line":61,"column":4},"end":{"line":66,"column":5}},"type":"if","locations":[{"start":{"line":61,"column":4},"end":{"line":66,"column":5}},{"start":{},"end":{}}],"line":61},"4":{"loc":{"start":{"line":61,"column":8},"end":{"line":61,"column":51}},"type":"binary-expr","locations":[{"start":{"line":61,"column":8},"end":{"line":61,"column":18}},{"start":{"line":61,"column":22},"end":{"line":61,"column":51}}],"line":61},"5":{"loc":{"start":{"line":70,"column":4},"end":{"line":81,"column":5}},"type":"if","locations":[{"start":{"line":70,"column":4},"end":{"line":81,"column":5}},{"start":{"line":75,"column":11},"end":{"line":81,"column":5}}],"line":70},"6":{"loc":{"start":{"line":76,"column":25},"end":{"line":76,"column":82}},"type":"cond-expr","locations":[{"start":{"line":76,"column":73},"end":{"line":76,"column":76}},{"start":{"line":76,"column":79},"end":{"line":76,"column":82}}],"line":76},"7":{"loc":{"start":{"line":87,"column":16},"end":{"line":87,"column":82}},"type":"cond-expr","locations":[{"start":{"line":87,"column":57},"end":{"line":87,"column":70}},{"start":{"line":87,"column":73},"end":{"line":87,"column":82}}],"line":87},"8":{"loc":{"start":{"line":98,"column":4},"end":{"line":102,"column":5}},"type":"if","locations":[{"start":{"line":98,"column":4},"end":{"line":102,"column":5}},{"start":{"line":100,"column":11},"end":{"line":102,"column":5}}],"line":98},"9":{"loc":{"start":{"line":114,"column":4},"end":{"line":118,"column":5}},"type":"if","locations":[{"start":{"line":114,"column":4},"end":{"line":118,"column":5}},{"start":{"line":116,"column":11},"end":{"line":118,"column":5}}],"line":114}},"s":{"0":2,"1":2,"2":2,"3":2,"4":9,"5":9,"6":9,"7":8,"8":1,"9":7,"10":1,"11":1,"12":2,"13":13,"14":13,"15":13,"16":13,"17":2,"18":11,"19":1,"20":10,"21":10,"22":2,"23":5,"24":5,"25":5,"26":0,"27":5,"28":3,"29":1,"30":2,"31":2,"32":2,"33":2,"34":2,"35":6,"36":6,"37":6,"38":6,"39":5,"40":1,"41":4,"42":1,"43":1,"44":2,"45":5,"46":5,"47":5,"48":4,"49":1,"50":3,"51":1,"52":1},"f":{"0":9,"1":13,"2":5,"3":6,"4":5},"b":{"0":[1,7],"1":[6,7],"2":[2,11],"3":[0,5],"4":[5,5],"5":[1,2],"6":[1,1],"7":[1,1],"8":[1,4],"9":[1,3]},"_coverageSchema":"1a1c01bbd47fc00a2c39e90264f33305004495a9","hash":"9ba86da2f29a24ae410bddf2ac1fd9acf67c77d8"}
,"C:\\Users\\Mikael\\Documents\\GitHub\\SGLM\\functions\\manutencoes.js": {"path":"C:\\Users\\Mikael\\Documents\\GitHub\\SGLM\\functions\\manutencoes.js","statementMap":{"0":{"start":{"line":8,"column":15},"end":{"line":8,"column":31}},"1":{"start":{"line":32,"column":0},"end":{"line":63,"column":3}},"2":{"start":{"line":33,"column":2},"end":{"line":62,"column":3}},"3":{"start":{"line":34,"column":27},"end":{"line":34,"column":35}},"4":{"start":{"line":43,"column":4},"end":{"line":47,"column":5}},"5":{"start":{"line":44,"column":6},"end":{"line":46,"column":106}},"6":{"start":{"line":50,"column":22},"end":{"line":50,"column":63}},"7":{"start":{"line":52,"column":4},"end":{"line":57,"column":5}},"8":{"start":{"line":54,"column":6},"end":{"line":54,"column":91}},"9":{"start":{"line":56,"column":6},"end":{"line":56,"column":92}},"10":{"start":{"line":60,"column":4},"end":{"line":60,"column":71}},"11":{"start":{"line":61,"column":4},"end":{"line":61,"column":54}},"12":{"start":{"line":74,"column":0},"end":{"line":83,"column":3}},"13":{"start":{"line":75,"column":2},"end":{"line":82,"column":3}},"14":{"start":{"line":76,"column":29},"end":{"line":76,"column":54}},"15":{"start":{"line":78,"column":4},"end":{"line":78,"column":43}},"16":{"start":{"line":80,"column":4},"end":{"line":80,"column":69}},"17":{"start":{"line":81,"column":4},"end":{"line":81,"column":54}},"18":{"start":{"line":99,"column":0},"end":{"line":123,"column":3}},"19":{"start":{"line":100,"column":2},"end":{"line":122,"column":3}},"20":{"start":{"line":101,"column":22},"end":{"line":101,"column":42}},"21":{"start":{"line":103,"column":4},"end":{"line":105,"column":5}},"22":{"start":{"line":104,"column":6},"end":{"line":104,"column":66}},"23":{"start":{"line":107,"column":23},"end":{"line":107,"column":75}},"24":{"start":{"line":109,"column":4},"end":{"line":111,"column":5}},"25":{"start":{"line":110,"column":6},"end":{"line":110,"column":81}},"26":{"start":{"line":113,"column":29},"end":{"line":113,"column":62}},"27":{"start":{"line":117,"column":4},"end":{"line":117,"column":43}},"28":{"start":{"line":120,"column":4},"end":{"line":120,"column":94}},"29":{"start":{"line":121,"column":4},"end":{"line":121,"column":54}},"30":{"start":{"line":138,"column":0},"end":{"line":154,"column":3}},"31":{"start":{"line":139,"column":2},"end":{"line":153,"column":3}},"32":{"start":{"line":140,"column":29},"end":{"line":140,"column":39}},"33":{"start":{"line":142,"column":22},"end":{"line":142,"column":59}},"34":{"start":{"line":144,"column":4},"end":{"line":149,"column":5}},"35":{"start":{"line":145,"column":6},"end":{"line":145,"column":92}},"36":{"start":{"line":147,"column":25},"end":{"line":147,"column":85}},"37":{"start":{"line":148,"column":6},"end":{"line":148,"column":101}},"38":{"start":{"line":151,"column":4},"end":{"line":151,"column":87}},"39":{"start":{"line":152,"column":4},"end":{"line":152,"column":54}}},"fnMap":{"0":{"name":"(anonymous_0)","decl":{"start":{"line":32,"column":17},"end":{"line":32,"column":18}},"loc":{"start":{"line":32,"column":37},"end":{"line":63,"column":1}},"line":32},"1":{"name":"(anonymous_1)","decl":{"start":{"line":74,"column":16},"end":{"line":74,"column":17}},"loc":{"start":{"line":74,"column":36},"end":{"line":83,"column":1}},"line":74},"2":{"name":"(anonymous_2)","decl":{"start":{"line":99,"column":26},"end":{"line":99,"column":27}},"loc":{"start":{"line":99,"column":46},"end":{"line":123,"column":1}},"line":99},"3":{"name":"(anonymous_3)","decl":{"start":{"line":138,"column":32},"end":{"line":138,"column":33}},"loc":{"start":{"line":138,"column":52},"end":{"line":154,"column":1}},"line":138}},"branchMap":{"0":{"loc":{"start":{"line":43,"column":4},"end":{"line":47,"column":5}},"type":"if","locations":[{"start":{"line":43,"column":4},"end":{"line":47,"column":5}},{"start":{},"end":{}}],"line":43},"1":{"loc":{"start":{"line":43,"column":8},"end":{"line":43,"column":86}},"type":"binary-expr","locations":[{"start":{"line":43,"column":8},"end":{"line":43,"column":23}},{"start":{"line":43,"column":27},"end":{"line":43,"column":55}},{"start":{"line":43,"column":59},"end":{"line":43,"column":86}}],"line":43},"2":{"loc":{"start":{"line":52,"column":4},"end":{"line":57,"column":5}},"type":"if","locations":[{"start":{"line":52,"column":4},"end":{"line":57,"column":5}},{"start":{"line":55,"column":11},"end":{"line":57,"column":5}}],"line":52},"3":{"loc":{"start":{"line":103,"column":4},"end":{"line":105,"column":5}},"type":"if","locations":[{"start":{"line":103,"column":4},"end":{"line":105,"column":5}},{"start":{},"end":{}}],"line":103},"4":{"loc":{"start":{"line":109,"column":4},"end":{"line":111,"column":5}},"type":"if","locations":[{"start":{"line":109,"column":4},"end":{"line":111,"column":5}},{"start":{},"end":{}}],"line":109},"5":{"loc":{"start":{"line":144,"column":4},"end":{"line":149,"column":5}},"type":"if","locations":[{"start":{"line":144,"column":4},"end":{"line":149,"column":5}},{"start":{"line":146,"column":11},"end":{"line":149,"column":5}}],"line":144},"6":{"loc":{"start":{"line":147,"column":25},"end":{"line":147,"column":85}},"type":"cond-expr","locations":[{"start":{"line":147,"column":76},"end":{"line":147,"column":79}},{"start":{"line":147,"column":82},"end":{"line":147,"column":85}}],"line":147}},"s":{"0":2,"1":2,"2":6,"3":6,"4":6,"5":3,"6":3,"7":2,"8":1,"9":1,"10":1,"11":1,"12":2,"13":3,"14":3,"15":2,"16":1,"17":1,"18":2,"19":9,"20":9,"21":9,"22":0,"23":9,"24":8,"25":2,"26":6,"27":5,"28":2,"29":2,"30":2,"31":4,"32":4,"33":4,"34":3,"35":1,"36":2,"37":2,"38":1,"39":1},"f":{"0":6,"1":3,"2":9,"3":4},"b":{"0":[3,3],"1":[6,6,4],"2":[1,1],"3":[0,9],"4":[2,6],"5":[1,2],"6":[1,1]},"_coverageSchema":"1a1c01bbd47fc00a2c39e90264f33305004495a9","hash":"16cd2a30eb292343cb3e19ed6978697369dd30c7"}
,"C:\\Users\\Mikael\\Documents\\GitHub\\SGLM\\functions\\veiculo.js": {"path":"C:\\Users\\Mikael\\Documents\\GitHub\\SGLM\\functions\\veiculo.js","statementMap":{"0":{"start":{"line":7,"column":15},"end":{"line":7,"column":31}},"1":{"start":{"line":30,"column":0},"end":{"line":59,"column":3}},"2":{"start":{"line":31,"column":2},"end":{"line":58,"column":3}},"3":{"start":{"line":32,"column":24},"end":{"line":32,"column":32}},"4":{"start":{"line":40,"column":4},"end":{"line":44,"column":5}},"5":{"start":{"line":41,"column":6},"end":{"line":43,"column":89}},"6":{"start":{"line":47,"column":22},"end":{"line":47,"column":53}},"7":{"start":{"line":49,"column":4},"end":{"line":54,"column":5}},"8":{"start":{"line":51,"column":6},"end":{"line":51,"column":89}},"9":{"start":{"line":53,"column":6},"end":{"line":53,"column":89}},"10":{"start":{"line":56,"column":4},"end":{"line":56,"column":57}},"11":{"start":{"line":57,"column":4},"end":{"line":57,"column":54}},"12":{"start":{"line":73,"column":0},"end":{"line":127,"column":3}},"13":{"start":{"line":74,"column":2},"end":{"line":126,"column":3}},"14":{"start":{"line":75,"column":53},"end":{"line":75,"column":62}},"15":{"start":{"line":78,"column":20},"end":{"line":78,"column":22}},"16":{"start":{"line":79,"column":4},"end":{"line":81,"column":5}},"17":{"start":{"line":80,"column":6},"end":{"line":80,"column":39}},"18":{"start":{"line":83,"column":4},"end":{"line":85,"column":5}},"19":{"start":{"line":84,"column":6},"end":{"line":84,"column":91}},"20":{"start":{"line":87,"column":27},"end":{"line":87,"column":51}},"21":{"start":{"line":89,"column":26},"end":{"line":89,"column":28}},"22":{"start":{"line":90,"column":4},"end":{"line":92,"column":7}},"23":{"start":{"line":91,"column":6},"end":{"line":91,"column":68}},"24":{"start":{"line":91,"column":29},"end":{"line":91,"column":68}},"25":{"start":{"line":95,"column":20},"end":{"line":95,"column":24}},"26":{"start":{"line":96,"column":4},"end":{"line":103,"column":5}},"27":{"start":{"line":98,"column":30},"end":{"line":98,"column":84}},"28":{"start":{"line":99,"column":6},"end":{"line":101,"column":7}},"29":{"start":{"line":100,"column":8},"end":{"line":100,"column":82}},"30":{"start":{"line":102,"column":6},"end":{"line":102,"column":34}},"31":{"start":{"line":106,"column":55},"end":{"line":110,"column":6}},"32":{"start":{"line":113,"column":4},"end":{"line":119,"column":7}},"33":{"start":{"line":121,"column":4},"end":{"line":121,"column":56}},"34":{"start":{"line":122,"column":4},"end":{"line":125,"column":7}},"35":{"start":{"line":129,"column":0},"end":{"line":163,"column":3}},"36":{"start":{"line":130,"column":2},"end":{"line":162,"column":3}},"37":{"start":{"line":131,"column":26},"end":{"line":131,"column":36}},"38":{"start":{"line":134,"column":4},"end":{"line":139,"column":5}},"39":{"start":{"line":135,"column":6},"end":{"line":138,"column":9}},"40":{"start":{"line":141,"column":22},"end":{"line":141,"column":51}},"41":{"start":{"line":143,"column":4},"end":{"line":154,"column":5}},"42":{"start":{"line":144,"column":6},"end":{"line":147,"column":9}},"43":{"start":{"line":149,"column":25},"end":{"line":149,"column":82}},"44":{"start":{"line":150,"column":6},"end":{"line":153,"column":9}},"45":{"start":{"line":156,"column":4},"end":{"line":156,"column":78}},"46":{"start":{"line":157,"column":4},"end":{"line":161,"column":7}},"47":{"start":{"line":183,"column":0},"end":{"line":207,"column":3}},"48":{"start":{"line":184,"column":2},"end":{"line":206,"column":3}},"49":{"start":{"line":185,"column":22},"end":{"line":185,"column":42}},"50":{"start":{"line":186,"column":20},"end":{"line":186,"column":28}},"51":{"start":{"line":188,"column":4},"end":{"line":190,"column":5}},"52":{"start":{"line":189,"column":6},"end":{"line":189,"column":83}},"53":{"start":{"line":193,"column":20},"end":{"line":193,"column":48}},"54":{"start":{"line":194,"column":4},"end":{"line":196,"column":5}},"55":{"start":{"line":195,"column":6},"end":{"line":195,"column":61}},"56":{"start":{"line":198,"column":23},"end":{"line":198,"column":37}},"57":{"start":{"line":200,"column":22},"end":{"line":200,"column":67}},"58":{"start":{"line":202,"column":4},"end":{"line":202,"column":73}},"59":{"start":{"line":204,"column":4},"end":{"line":204,"column":80}},"60":{"start":{"line":205,"column":4},"end":{"line":205,"column":89}},"61":{"start":{"line":220,"column":0},"end":{"line":245,"column":3}},"62":{"start":{"line":221,"column":2},"end":{"line":244,"column":3}},"63":{"start":{"line":222,"column":22},"end":{"line":222,"column":42}},"64":{"start":{"line":224,"column":4},"end":{"line":226,"column":5}},"65":{"start":{"line":225,"column":6},"end":{"line":225,"column":60}},"66":{"start":{"line":229,"column":21},"end":{"line":229,"column":96}},"67":{"start":{"line":231,"column":4},"end":{"line":233,"column":5}},"68":{"start":{"line":232,"column":6},"end":{"line":232,"column":61}},"69":{"start":{"line":235,"column":26},"end":{"line":235,"column":46}},"70":{"start":{"line":238,"column":4},"end":{"line":238,"column":33}},"71":{"start":{"line":240,"column":4},"end":{"line":240,"column":71}},"72":{"start":{"line":242,"column":4},"end":{"line":242,"column":83}},"73":{"start":{"line":243,"column":4},"end":{"line":243,"column":87}}},"fnMap":{"0":{"name":"(anonymous_0)","decl":{"start":{"line":30,"column":17},"end":{"line":30,"column":18}},"loc":{"start":{"line":30,"column":37},"end":{"line":59,"column":1}},"line":30},"1":{"name":"(anonymous_1)","decl":{"start":{"line":73,"column":16},"end":{"line":73,"column":17}},"loc":{"start":{"line":73,"column":36},"end":{"line":127,"column":1}},"line":73},"2":{"name":"(anonymous_2)","decl":{"start":{"line":90,"column":38},"end":{"line":90,"column":39}},"loc":{"start":{"line":90,"column":47},"end":{"line":92,"column":5}},"line":90},"3":{"name":"(anonymous_3)","decl":{"start":{"line":129,"column":26},"end":{"line":129,"column":27}},"loc":{"start":{"line":129,"column":46},"end":{"line":163,"column":1}},"line":129},"4":{"name":"(anonymous_4)","decl":{"start":{"line":183,"column":26},"end":{"line":183,"column":27}},"loc":{"start":{"line":183,"column":46},"end":{"line":207,"column":1}},"line":183},"5":{"name":"(anonymous_5)","decl":{"start":{"line":220,"column":29},"end":{"line":220,"column":30}},"loc":{"start":{"line":220,"column":49},"end":{"line":245,"column":1}},"line":220}},"branchMap":{"0":{"loc":{"start":{"line":40,"column":4},"end":{"line":44,"column":5}},"type":"if","locations":[{"start":{"line":40,"column":4},"end":{"line":44,"column":5}},{"start":{},"end":{}}],"line":40},"1":{"loc":{"start":{"line":40,"column":8},"end":{"line":40,"column":88}},"type":"binary-expr","locations":[{"start":{"line":40,"column":8},"end":{"line":40,"column":20}},{"start":{"line":40,"column":24},"end":{"line":40,"column":43}},{"start":{"line":40,"column":47},"end":{"line":40,"column":65}},{"start":{"line":40,"column":69},"end":{"line":40,"column":88}}],"line":40},"2":{"loc":{"start":{"line":49,"column":4},"end":{"line":54,"column":5}},"type":"if","locations":[{"start":{"line":49,"column":4},"end":{"line":54,"column":5}},{"start":{"line":52,"column":11},"end":{"line":54,"column":5}}],"line":49},"3":{"loc":{"start":{"line":79,"column":4},"end":{"line":81,"column":5}},"type":"if","locations":[{"start":{"line":79,"column":4},"end":{"line":81,"column":5}},{"start":{},"end":{}}],"line":79},"4":{"loc":{"start":{"line":83,"column":4},"end":{"line":85,"column":5}},"type":"if","locations":[{"start":{"line":83,"column":4},"end":{"line":85,"column":5}},{"start":{},"end":{}}],"line":83},"5":{"loc":{"start":{"line":91,"column":6},"end":{"line":91,"column":68}},"type":"if","locations":[{"start":{"line":91,"column":6},"end":{"line":91,"column":68}},{"start":{},"end":{}}],"line":91},"6":{"loc":{"start":{"line":96,"column":4},"end":{"line":103,"column":5}},"type":"if","locations":[{"start":{"line":96,"column":4},"end":{"line":103,"column":5}},{"start":{},"end":{}}],"line":96},"7":{"loc":{"start":{"line":99,"column":6},"end":{"line":101,"column":7}},"type":"if","locations":[{"start":{"line":99,"column":6},"end":{"line":101,"column":7}},{"start":{},"end":{}}],"line":99},"8":{"loc":{"start":{"line":117,"column":22},"end":{"line":117,"column":51}},"type":"binary-expr","locations":[{"start":{"line":117,"column":22},"end":{"line":117,"column":43}},{"start":{"line":117,"column":47},"end":{"line":117,"column":51}}],"line":117},"9":{"loc":{"start":{"line":124,"column":10},"end":{"line":124,"column":79}},"type":"binary-expr","locations":[{"start":{"line":124,"column":10},"end":{"line":124,"column":48}},{"start":{"line":124,"column":52},"end":{"line":124,"column":79}}],"line":124},"10":{"loc":{"start":{"line":134,"column":4},"end":{"line":139,"column":5}},"type":"if","locations":[{"start":{"line":134,"column":4},"end":{"line":139,"column":5}},{"start":{},"end":{}}],"line":134},"11":{"loc":{"start":{"line":134,"column":8},"end":{"line":134,"column":51}},"type":"binary-expr","locations":[{"start":{"line":134,"column":8},"end":{"line":134,"column":18}},{"start":{"line":134,"column":22},"end":{"line":134,"column":51}}],"line":134},"12":{"loc":{"start":{"line":143,"column":4},"end":{"line":154,"column":5}},"type":"if","locations":[{"start":{"line":143,"column":4},"end":{"line":154,"column":5}},{"start":{"line":148,"column":11},"end":{"line":154,"column":5}}],"line":143},"13":{"loc":{"start":{"line":149,"column":25},"end":{"line":149,"column":82}},"type":"cond-expr","locations":[{"start":{"line":149,"column":73},"end":{"line":149,"column":76}},{"start":{"line":149,"column":79},"end":{"line":149,"column":82}}],"line":149},"14":{"loc":{"start":{"line":160,"column":16},"end":{"line":160,"column":82}},"type":"cond-expr","locations":[{"start":{"line":160,"column":57},"end":{"line":160,"column":70}},{"start":{"line":160,"column":73},"end":{"line":160,"column":82}}],"line":160},"15":{"loc":{"start":{"line":188,"column":4},"end":{"line":190,"column":5}},"type":"if","locations":[{"start":{"line":188,"column":4},"end":{"line":190,"column":5}},{"start":{},"end":{}}],"line":188},"16":{"loc":{"start":{"line":188,"column":8},"end":{"line":188,"column":67}},"type":"binary-expr","locations":[{"start":{"line":188,"column":8},"end":{"line":188,"column":18}},{"start":{"line":188,"column":22},"end":{"line":188,"column":30}},{"start":{"line":188,"column":34},"end":{"line":188,"column":67}}],"line":188},"17":{"loc":{"start":{"line":194,"column":4},"end":{"line":196,"column":5}},"type":"if","locations":[{"start":{"line":194,"column":4},"end":{"line":196,"column":5}},{"start":{},"end":{}}],"line":194},"18":{"loc":{"start":{"line":224,"column":4},"end":{"line":226,"column":5}},"type":"if","locations":[{"start":{"line":224,"column":4},"end":{"line":226,"column":5}},{"start":{},"end":{}}],"line":224},"19":{"loc":{"start":{"line":231,"column":4},"end":{"line":233,"column":5}},"type":"if","locations":[{"start":{"line":231,"column":4},"end":{"line":233,"column":5}},{"start":{},"end":{}}],"line":231}},"s":{"0":2,"1":2,"2":10,"3":10,"4":10,"5":6,"6":4,"7":3,"8":2,"9":1,"10":1,"11":1,"12":2,"13":13,"14":13,"15":13,"16":13,"17":4,"18":13,"19":2,"20":11,"21":11,"22":11,"23":2,"24":2,"25":11,"26":11,"27":2,"28":2,"29":2,"30":0,"31":9,"32":1,"33":8,"34":8,"35":2,"36":5,"37":5,"38":5,"39":0,"40":5,"41":3,"42":1,"43":2,"44":2,"45":2,"46":2,"47":2,"48":9,"49":9,"50":9,"51":9,"52":2,"53":7,"54":6,"55":5,"56":1,"57":1,"58":1,"59":1,"60":1,"61":2,"62":4,"63":4,"64":4,"65":0,"66":4,"67":3,"68":2,"69":1,"70":1,"71":1,"72":1,"73":1},"f":{"0":10,"1":13,"2":2,"3":5,"4":9,"5":4},"b":{"0":[6,4],"1":[10,9,7,5],"2":[2,1],"3":[4,9],"4":[2,11],"5":[2,0],"6":[2,9],"7":[2,0],"8":[1,1],"9":[8,2],"10":[0,5],"11":[5,5],"12":[1,2],"13":[1,1],"14":[1,1],"15":[2,7],"16":[9,9,9],"17":[5,1],"18":[0,4],"19":[2,1]},"_coverageSchema":"1a1c01bbd47fc00a2c39e90264f33305004495a9","hash":"79a4bbe92c689d895fbf4316fc97156eed930351"}
,"C:\\Users\\Mikael\\Documents\\GitHub\\SGLM\\functions\\vistoria.js": {"path":"C:\\Users\\Mikael\\Documents\\GitHub\\SGLM\\functions\\vistoria.js","statementMap":{"0":{"start":{"line":6,"column":15},"end":{"line":6,"column":31}},"1":{"start":{"line":22,"column":0},"end":{"line":61,"column":3}},"2":{"start":{"line":23,"column":2},"end":{"line":60,"column":3}},"3":{"start":{"line":24,"column":25},"end":{"line":24,"column":33}},"4":{"start":{"line":32,"column":4},"end":{"line":46,"column":5}},"5":{"start":{"line":41,"column":6},"end":{"line":45,"column":10}},"6":{"start":{"line":49,"column":22},"end":{"line":49,"column":55}},"7":{"start":{"line":51,"column":4},"end":{"line":56,"column":5}},"8":{"start":{"line":53,"column":6},"end":{"line":53,"column":72}},"9":{"start":{"line":55,"column":6},"end":{"line":55,"column":90}},"10":{"start":{"line":58,"column":4},"end":{"line":58,"column":57}},"11":{"start":{"line":59,"column":4},"end":{"line":59,"column":54}},"12":{"start":{"line":75,"column":0},"end":{"line":88,"column":3}},"13":{"start":{"line":76,"column":2},"end":{"line":87,"column":3}},"14":{"start":{"line":83,"column":4},"end":{"line":83,"column":83}},"15":{"start":{"line":85,"column":4},"end":{"line":85,"column":56}},"16":{"start":{"line":86,"column":4},"end":{"line":86,"column":54}}},"fnMap":{"0":{"name":"(anonymous_0)","decl":{"start":{"line":22,"column":17},"end":{"line":22,"column":18}},"loc":{"start":{"line":22,"column":37},"end":{"line":61,"column":1}},"line":22},"1":{"name":"(anonymous_1)","decl":{"start":{"line":75,"column":16},"end":{"line":75,"column":17}},"loc":{"start":{"line":75,"column":36},"end":{"line":88,"column":1}},"line":75}},"branchMap":{"0":{"loc":{"start":{"line":32,"column":4},"end":{"line":46,"column":5}},"type":"if","locations":[{"start":{"line":32,"column":4},"end":{"line":46,"column":5}},{"start":{},"end":{}}],"line":32},"1":{"loc":{"start":{"line":33,"column":6},"end":{"line":39,"column":24}},"type":"binary-expr","locations":[{"start":{"line":33,"column":6},"end":{"line":33,"column":19}},{"start":{"line":34,"column":6},"end":{"line":34,"column":33}},{"start":{"line":35,"column":6},"end":{"line":35,"column":32}},{"start":{"line":36,"column":6},"end":{"line":36,"column":31}},{"start":{"line":37,"column":6},"end":{"line":37,"column":35}},{"start":{"line":38,"column":7},"end":{"line":38,"column":47}},{"start":{"line":38,"column":51},"end":{"line":38,"column":86}},{"start":{"line":39,"column":6},"end":{"line":39,"column":24}}],"line":33},"2":{"loc":{"start":{"line":51,"column":4},"end":{"line":56,"column":5}},"type":"if","locations":[{"start":{"line":51,"column":4},"end":{"line":56,"column":5}},{"start":{"line":54,"column":11},"end":{"line":56,"column":5}}],"line":51}},"s":{"0":2,"1":2,"2":25,"3":25,"4":25,"5":8,"6":17,"7":16,"8":15,"9":1,"10":1,"11":1,"12":2,"13":3,"14":3,"15":0,"16":0},"f":{"0":25,"1":3},"b":{"0":[8,17],"1":[25,24,22,21,20,19,18,18],"2":[15,1]},"_coverageSchema":"1a1c01bbd47fc00a2c39e90264f33305004495a9","hash":"9c9d1ceb7db5d52ea6cb4a1075dcd8beb5d274ce"}
,"C:\\Users\\Mikael\\Documents\\GitHub\\SGLM\\functions\\scripts\\firestore\\firestoreClientes.js": {"path":"C:\\Users\\Mikael\\Documents\\GitHub\\SGLM\\functions\\scripts\\firestore\\firestoreClientes.js","statementMap":{"0":{"start":{"line":34,"column":28},"end":{"line":110,"column":1}},"1":{"start":{"line":35,"column":2},"end":{"line":109,"column":3}},"2":{"start":{"line":36,"column":82},"end":{"line":36,"column":93}},"3":{"start":{"line":38,"column":25},"end":{"line":38,"column":49}},"4":{"start":{"line":40,"column":25},"end":{"line":44,"column":12}},"5":{"start":{"line":46,"column":4},"end":{"line":48,"column":5}},"6":{"start":{"line":47,"column":6},"end":{"line":47,"column":55}},"7":{"start":{"line":51,"column":4},"end":{"line":57,"column":7}},"8":{"start":{"line":60,"column":18},"end":{"line":60,"column":28}},"9":{"start":{"line":61,"column":23},"end":{"line":61,"column":66}},"10":{"start":{"line":64,"column":4},"end":{"line":72,"column":7}},"11":{"start":{"line":75,"column":4},"end":{"line":79,"column":7}},"12":{"start":{"line":82,"column":4},"end":{"line":89,"column":5}},"13":{"start":{"line":83,"column":6},"end":{"line":88,"column":9}},"14":{"start":{"line":92,"column":4},"end":{"line":102,"column":5}},"15":{"start":{"line":93,"column":6},"end":{"line":101,"column":9}},"16":{"start":{"line":104,"column":4},"end":{"line":104,"column":25}},"17":{"start":{"line":105,"column":4},"end":{"line":105,"column":29}},"18":{"start":{"line":107,"column":4},"end":{"line":107,"column":51}},"19":{"start":{"line":108,"column":4},"end":{"line":108,"column":52}},"20":{"start":{"line":123,"column":30},"end":{"line":195,"column":1}},"21":{"start":{"line":124,"column":2},"end":{"line":194,"column":3}},"22":{"start":{"line":125,"column":16},"end":{"line":125,"column":79}},"23":{"start":{"line":128,"column":4},"end":{"line":132,"column":5}},"24":{"start":{"line":129,"column":6},"end":{"line":131,"column":62}},"25":{"start":{"line":134,"column":4},"end":{"line":136,"column":5}},"26":{"start":{"line":135,"column":6},"end":{"line":135,"column":54}},"27":{"start":{"line":139,"column":4},"end":{"line":141,"column":5}},"28":{"start":{"line":140,"column":6},"end":{"line":140,"column":42}},"29":{"start":{"line":143,"column":21},"end":{"line":143,"column":38}},"30":{"start":{"line":146,"column":21},"end":{"line":185,"column":5}},"31":{"start":{"line":148,"column":28},"end":{"line":148,"column":57}},"32":{"start":{"line":149,"column":27},"end":{"line":149,"column":34}},"33":{"start":{"line":152,"column":20},"end":{"line":152,"column":26}},"34":{"start":{"line":153,"column":8},"end":{"line":153,"column":121}},"35":{"start":{"line":156,"column":8},"end":{"line":169,"column":9}},"36":{"start":{"line":157,"column":41},"end":{"line":157,"column":110}},"37":{"start":{"line":158,"column":10},"end":{"line":165,"column":11}},"38":{"start":{"line":159,"column":35},"end":{"line":159,"column":64}},"39":{"start":{"line":160,"column":12},"end":{"line":164,"column":14}},"40":{"start":{"line":168,"column":10},"end":{"line":168,"column":88}},"41":{"start":{"line":172,"column":8},"end":{"line":181,"column":9}},"42":{"start":{"line":173,"column":34},"end":{"line":173,"column":96}},"43":{"start":{"line":174,"column":10},"end":{"line":178,"column":11}},"44":{"start":{"line":175,"column":28},"end":{"line":175,"column":50}},"45":{"start":{"line":176,"column":12},"end":{"line":176,"column":46}},"46":{"start":{"line":177,"column":12},"end":{"line":177,"column":52}},"47":{"start":{"line":180,"column":10},"end":{"line":180,"column":80}},"48":{"start":{"line":183,"column":8},"end":{"line":183,"column":27}},"49":{"start":{"line":187,"column":4},"end":{"line":190,"column":6}},"50":{"start":{"line":192,"column":4},"end":{"line":192,"column":53}},"51":{"start":{"line":193,"column":4},"end":{"line":193,"column":16}},"52":{"start":{"line":228,"column":32},"end":{"line":289,"column":1}},"53":{"start":{"line":229,"column":2},"end":{"line":288,"column":3}},"54":{"start":{"line":230,"column":23},"end":{"line":230,"column":57}},"55":{"start":{"line":231,"column":18},"end":{"line":231,"column":28}},"56":{"start":{"line":234,"column":16},"end":{"line":234,"column":38}},"57":{"start":{"line":235,"column":4},"end":{"line":237,"column":5}},"58":{"start":{"line":236,"column":6},"end":{"line":236,"column":66}},"59":{"start":{"line":240,"column":27},"end":{"line":240,"column":29}},"60":{"start":{"line":241,"column":4},"end":{"line":243,"column":5}},"61":{"start":{"line":242,"column":6},"end":{"line":242,"column":63}},"62":{"start":{"line":244,"column":4},"end":{"line":246,"column":5}},"63":{"start":{"line":245,"column":6},"end":{"line":245,"column":75}},"64":{"start":{"line":248,"column":4},"end":{"line":250,"column":5}},"65":{"start":{"line":249,"column":6},"end":{"line":249,"column":47}},"66":{"start":{"line":253,"column":4},"end":{"line":257,"column":5}},"67":{"start":{"line":254,"column":6},"end":{"line":256,"column":9}},"68":{"start":{"line":259,"column":4},"end":{"line":263,"column":5}},"69":{"start":{"line":260,"column":6},"end":{"line":262,"column":9}},"70":{"start":{"line":265,"column":4},"end":{"line":269,"column":5}},"71":{"start":{"line":266,"column":6},"end":{"line":268,"column":9}},"72":{"start":{"line":272,"column":4},"end":{"line":281,"column":5}},"73":{"start":{"line":273,"column":33},"end":{"line":276,"column":7}},"74":{"start":{"line":278,"column":6},"end":{"line":280,"column":9}},"75":{"start":{"line":283,"column":4},"end":{"line":283,"column":25}},"76":{"start":{"line":284,"column":4},"end":{"line":284,"column":29}},"77":{"start":{"line":286,"column":4},"end":{"line":286,"column":62}},"78":{"start":{"line":287,"column":4},"end":{"line":287,"column":52}},"79":{"start":{"line":296,"column":35},"end":{"line":351,"column":1}},"80":{"start":{"line":297,"column":2},"end":{"line":350,"column":3}},"81":{"start":{"line":298,"column":25},"end":{"line":298,"column":49}},"82":{"start":{"line":299,"column":23},"end":{"line":299,"column":66}},"83":{"start":{"line":302,"column":16},"end":{"line":302,"column":38}},"84":{"start":{"line":303,"column":4},"end":{"line":305,"column":5}},"85":{"start":{"line":304,"column":6},"end":{"line":304,"column":66}},"86":{"start":{"line":307,"column":24},"end":{"line":307,"column":53}},"87":{"start":{"line":310,"column":32},"end":{"line":310,"column":44}},"88":{"start":{"line":311,"column":4},"end":{"line":311,"column":181}},"89":{"start":{"line":314,"column":27},"end":{"line":314,"column":85}},"90":{"start":{"line":316,"column":4},"end":{"line":324,"column":5}},"91":{"start":{"line":317,"column":23},"end":{"line":317,"column":75}},"92":{"start":{"line":318,"column":6},"end":{"line":323,"column":7}},"93":{"start":{"line":319,"column":8},"end":{"line":319,"column":44}},"94":{"start":{"line":320,"column":8},"end":{"line":322,"column":11}},"95":{"start":{"line":321,"column":10},"end":{"line":321,"column":68}},"96":{"start":{"line":327,"column":4},"end":{"line":338,"column":5}},"97":{"start":{"line":328,"column":29},"end":{"line":328,"column":69}},"98":{"start":{"line":329,"column":6},"end":{"line":335,"column":8}},"99":{"start":{"line":337,"column":6},"end":{"line":337,"column":44}},"100":{"start":{"line":341,"column":4},"end":{"line":344,"column":5}},"101":{"start":{"line":342,"column":6},"end":{"line":342,"column":63}},"102":{"start":{"line":343,"column":6},"end":{"line":343,"column":69}},"103":{"start":{"line":346,"column":4},"end":{"line":346,"column":51}},"104":{"start":{"line":348,"column":4},"end":{"line":348,"column":59}},"105":{"start":{"line":349,"column":4},"end":{"line":349,"column":52}},"106":{"start":{"line":358,"column":30},"end":{"line":387,"column":1}},"107":{"start":{"line":359,"column":2},"end":{"line":386,"column":3}},"108":{"start":{"line":360,"column":23},"end":{"line":360,"column":57}},"109":{"start":{"line":363,"column":16},"end":{"line":363,"column":38}},"110":{"start":{"line":364,"column":4},"end":{"line":366,"column":5}},"111":{"start":{"line":365,"column":6},"end":{"line":365,"column":66}},"112":{"start":{"line":369,"column":27},"end":{"line":369,"column":85}},"113":{"start":{"line":370,"column":4},"end":{"line":377,"column":5}},"114":{"start":{"line":371,"column":23},"end":{"line":371,"column":75}},"115":{"start":{"line":372,"column":20},"end":{"line":372,"column":30}},"116":{"start":{"line":373,"column":6},"end":{"line":375,"column":9}},"117":{"start":{"line":374,"column":8},"end":{"line":374,"column":33}},"118":{"start":{"line":376,"column":6},"end":{"line":376,"column":27}},"119":{"start":{"line":380,"column":4},"end":{"line":380,"column":30}},"120":{"start":{"line":382,"column":4},"end":{"line":382,"column":29}},"121":{"start":{"line":384,"column":4},"end":{"line":384,"column":60}},"122":{"start":{"line":385,"column":4},"end":{"line":385,"column":52}}},"fnMap":{"0":{"name":"(anonymous_0)","decl":{"start":{"line":34,"column":28},"end":{"line":34,"column":29}},"loc":{"start":{"line":34,"column":51},"end":{"line":110,"column":1}},"line":34},"1":{"name":"(anonymous_1)","decl":{"start":{"line":123,"column":30},"end":{"line":123,"column":31}},"loc":{"start":{"line":123,"column":89},"end":{"line":195,"column":1}},"line":123},"2":{"name":"(anonymous_2)","decl":{"start":{"line":147,"column":24},"end":{"line":147,"column":25}},"loc":{"start":{"line":147,"column":39},"end":{"line":184,"column":7}},"line":147},"3":{"name":"(anonymous_3)","decl":{"start":{"line":228,"column":32},"end":{"line":228,"column":33}},"loc":{"start":{"line":228,"column":56},"end":{"line":289,"column":1}},"line":228},"4":{"name":"(anonymous_4)","decl":{"start":{"line":296,"column":35},"end":{"line":296,"column":36}},"loc":{"start":{"line":296,"column":50},"end":{"line":351,"column":1}},"line":296},"5":{"name":"(anonymous_5)","decl":{"start":{"line":320,"column":30},"end":{"line":320,"column":31}},"loc":{"start":{"line":320,"column":42},"end":{"line":322,"column":9}},"line":320},"6":{"name":"(anonymous_6)","decl":{"start":{"line":358,"column":30},"end":{"line":358,"column":31}},"loc":{"start":{"line":358,"column":45},"end":{"line":387,"column":1}},"line":358},"7":{"name":"(anonymous_7)","decl":{"start":{"line":373,"column":28},"end":{"line":373,"column":29}},"loc":{"start":{"line":373,"column":40},"end":{"line":375,"column":7}},"line":373}},"branchMap":{"0":{"loc":{"start":{"line":46,"column":4},"end":{"line":48,"column":5}},"type":"if","locations":[{"start":{"line":46,"column":4},"end":{"line":48,"column":5}},{"start":{},"end":{}}],"line":46},"1":{"loc":{"start":{"line":82,"column":4},"end":{"line":89,"column":5}},"type":"if","locations":[{"start":{"line":82,"column":4},"end":{"line":89,"column":5}},{"start":{},"end":{}}],"line":82},"2":{"loc":{"start":{"line":92,"column":4},"end":{"line":102,"column":5}},"type":"if","locations":[{"start":{"line":92,"column":4},"end":{"line":102,"column":5}},{"start":{},"end":{}}],"line":92},"3":{"loc":{"start":{"line":123,"column":39},"end":{"line":123,"column":50}},"type":"default-arg","locations":[{"start":{"line":123,"column":48},"end":{"line":123,"column":50}}],"line":123},"4":{"loc":{"start":{"line":123,"column":52},"end":{"line":123,"column":68}},"type":"default-arg","locations":[{"start":{"line":123,"column":64},"end":{"line":123,"column":68}}],"line":123},"5":{"loc":{"start":{"line":123,"column":70},"end":{"line":123,"column":82}},"type":"default-arg","locations":[{"start":{"line":123,"column":80},"end":{"line":123,"column":82}}],"line":123},"6":{"loc":{"start":{"line":128,"column":4},"end":{"line":132,"column":5}},"type":"if","locations":[{"start":{"line":128,"column":4},"end":{"line":132,"column":5}},{"start":{},"end":{}}],"line":128},"7":{"loc":{"start":{"line":134,"column":4},"end":{"line":136,"column":5}},"type":"if","locations":[{"start":{"line":134,"column":4},"end":{"line":136,"column":5}},{"start":{},"end":{}}],"line":134},"8":{"loc":{"start":{"line":139,"column":4},"end":{"line":141,"column":5}},"type":"if","locations":[{"start":{"line":139,"column":4},"end":{"line":141,"column":5}},{"start":{},"end":{}}],"line":139},"9":{"loc":{"start":{"line":158,"column":10},"end":{"line":165,"column":11}},"type":"if","locations":[{"start":{"line":158,"column":10},"end":{"line":165,"column":11}},{"start":{},"end":{}}],"line":158},"10":{"loc":{"start":{"line":174,"column":10},"end":{"line":178,"column":11}},"type":"if","locations":[{"start":{"line":174,"column":10},"end":{"line":178,"column":11}},{"start":{},"end":{}}],"line":174},"11":{"loc":{"start":{"line":189,"column":17},"end":{"line":189,"column":64}},"type":"binary-expr","locations":[{"start":{"line":189,"column":17},"end":{"line":189,"column":56}},{"start":{"line":189,"column":60},"end":{"line":189,"column":64}}],"line":189},"12":{"loc":{"start":{"line":235,"column":4},"end":{"line":237,"column":5}},"type":"if","locations":[{"start":{"line":235,"column":4},"end":{"line":237,"column":5}},{"start":{},"end":{}}],"line":235},"13":{"loc":{"start":{"line":241,"column":4},"end":{"line":243,"column":5}},"type":"if","locations":[{"start":{"line":241,"column":4},"end":{"line":243,"column":5}},{"start":{},"end":{}}],"line":241},"14":{"loc":{"start":{"line":244,"column":4},"end":{"line":246,"column":5}},"type":"if","locations":[{"start":{"line":244,"column":4},"end":{"line":246,"column":5}},{"start":{},"end":{}}],"line":244},"15":{"loc":{"start":{"line":248,"column":4},"end":{"line":250,"column":5}},"type":"if","locations":[{"start":{"line":248,"column":4},"end":{"line":250,"column":5}},{"start":{},"end":{}}],"line":248},"16":{"loc":{"start":{"line":253,"column":4},"end":{"line":257,"column":5}},"type":"if","locations":[{"start":{"line":253,"column":4},"end":{"line":257,"column":5}},{"start":{},"end":{}}],"line":253},"17":{"loc":{"start":{"line":259,"column":4},"end":{"line":263,"column":5}},"type":"if","locations":[{"start":{"line":259,"column":4},"end":{"line":263,"column":5}},{"start":{},"end":{}}],"line":259},"18":{"loc":{"start":{"line":265,"column":4},"end":{"line":269,"column":5}},"type":"if","locations":[{"start":{"line":265,"column":4},"end":{"line":269,"column":5}},{"start":{},"end":{}}],"line":265},"19":{"loc":{"start":{"line":272,"column":4},"end":{"line":281,"column":5}},"type":"if","locations":[{"start":{"line":272,"column":4},"end":{"line":281,"column":5}},{"start":{},"end":{}}],"line":272},"20":{"loc":{"start":{"line":303,"column":4},"end":{"line":305,"column":5}},"type":"if","locations":[{"start":{"line":303,"column":4},"end":{"line":305,"column":5}},{"start":{},"end":{}}],"line":303},"21":{"loc":{"start":{"line":318,"column":6},"end":{"line":323,"column":7}},"type":"if","locations":[{"start":{"line":318,"column":6},"end":{"line":323,"column":7}},{"start":{},"end":{}}],"line":318},"22":{"loc":{"start":{"line":327,"column":4},"end":{"line":338,"column":5}},"type":"if","locations":[{"start":{"line":327,"column":4},"end":{"line":338,"column":5}},{"start":{},"end":{}}],"line":327},"23":{"loc":{"start":{"line":341,"column":4},"end":{"line":344,"column":5}},"type":"if","locations":[{"start":{"line":341,"column":4},"end":{"line":344,"column":5}},{"start":{},"end":{}}],"line":341},"24":{"loc":{"start":{"line":364,"column":4},"end":{"line":366,"column":5}},"type":"if","locations":[{"start":{"line":364,"column":4},"end":{"line":366,"column":5}},{"start":{},"end":{}}],"line":364}},"s":{"0":2,"1":1,"2":1,"3":1,"4":1,"5":1,"6":0,"7":1,"8":1,"9":1,"10":1,"11":1,"12":1,"13":0,"14":1,"15":0,"16":1,"17":1,"18":0,"19":0,"20":2,"21":7,"22":7,"23":0,"24":0,"25":0,"26":0,"27":0,"28":0,"29":0,"30":0,"31":0,"32":0,"33":0,"34":0,"35":0,"36":0,"37":0,"38":0,"39":0,"40":0,"41":0,"42":0,"43":0,"44":0,"45":0,"46":0,"47":0,"48":0,"49":0,"50":7,"51":7,"52":2,"53":1,"54":1,"55":1,"56":1,"57":1,"58":1,"59":0,"60":0,"61":0,"62":0,"63":0,"64":0,"65":0,"66":0,"67":0,"68":0,"69":0,"70":0,"71":0,"72":0,"73":0,"74":0,"75":0,"76":0,"77":0,"78":0,"79":2,"80":2,"81":2,"82":2,"83":2,"84":2,"85":2,"86":0,"87":0,"88":0,"89":0,"90":0,"91":0,"92":0,"93":0,"94":0,"95":0,"96":0,"97":0,"98":0,"99":0,"100":0,"101":0,"102":0,"103":0,"104":0,"105":0,"106":2,"107":1,"108":1,"109":1,"110":1,"111":1,"112":0,"113":0,"114":0,"115":0,"116":0,"117":0,"118":0,"119":0,"120":0,"121":0,"122":0},"f":{"0":1,"1":7,"2":0,"3":1,"4":2,"5":0,"6":1,"7":0},"b":{"0":[0,1],"1":[0,1],"2":[0,1],"3":[0],"4":[0],"5":[0],"6":[0,0],"7":[0,0],"8":[0,0],"9":[0,0],"10":[0,0],"11":[0,0],"12":[1,0],"13":[0,0],"14":[0,0],"15":[0,0],"16":[0,0],"17":[0,0],"18":[0,0],"19":[0,0],"20":[2,0],"21":[0,0],"22":[0,0],"23":[0,0],"24":[1,0]},"_coverageSchema":"1a1c01bbd47fc00a2c39e90264f33305004495a9","hash":"bd31b5fa0c7e8d02f69cb6f75483ee1192991d1e"}
,"C:\\Users\\Mikael\\Documents\\GitHub\\SGLM\\functions\\scripts\\firestore\\firestoreContratos.js": {"path":"C:\\Users\\Mikael\\Documents\\GitHub\\SGLM\\functions\\scripts\\firestore\\firestoreContratos.js","statementMap":{"0":{"start":{"line":14,"column":37},"end":{"line":68,"column":1}},"1":{"start":{"line":15,"column":2},"end":{"line":67,"column":3}},"2":{"start":{"line":17,"column":26},"end":{"line":17,"column":63}},"3":{"start":{"line":18,"column":4},"end":{"line":20,"column":5}},"4":{"start":{"line":19,"column":6},"end":{"line":19,"column":60}},"5":{"start":{"line":21,"column":20},"end":{"line":21,"column":41}},"6":{"start":{"line":23,"column":20},"end":{"line":23,"column":48}},"7":{"start":{"line":24,"column":4},"end":{"line":26,"column":5}},"8":{"start":{"line":25,"column":6},"end":{"line":25,"column":66}},"9":{"start":{"line":29,"column":25},"end":{"line":58,"column":5}},"10":{"start":{"line":61,"column":4},"end":{"line":61,"column":76}},"11":{"start":{"line":63,"column":4},"end":{"line":63,"column":50}},"12":{"start":{"line":65,"column":4},"end":{"line":65,"column":61}},"13":{"start":{"line":66,"column":4},"end":{"line":66,"column":52}},"14":{"start":{"line":76,"column":35},"end":{"line":89,"column":1}},"15":{"start":{"line":77,"column":2},"end":{"line":88,"column":3}},"16":{"start":{"line":78,"column":24},"end":{"line":78,"column":58}},"17":{"start":{"line":79,"column":16},"end":{"line":79,"column":39}},"18":{"start":{"line":81,"column":4},"end":{"line":83,"column":5}},"19":{"start":{"line":82,"column":6},"end":{"line":82,"column":67}},"20":{"start":{"line":84,"column":4},"end":{"line":84,"column":51}},"21":{"start":{"line":86,"column":4},"end":{"line":86,"column":59}},"22":{"start":{"line":87,"column":4},"end":{"line":87,"column":52}}},"fnMap":{"0":{"name":"(anonymous_0)","decl":{"start":{"line":14,"column":37},"end":{"line":14,"column":38}},"loc":{"start":{"line":14,"column":90},"end":{"line":68,"column":1}},"line":14},"1":{"name":"(anonymous_1)","decl":{"start":{"line":76,"column":35},"end":{"line":76,"column":36}},"loc":{"start":{"line":76,"column":49},"end":{"line":89,"column":1}},"line":76}},"branchMap":{"0":{"loc":{"start":{"line":18,"column":4},"end":{"line":20,"column":5}},"type":"if","locations":[{"start":{"line":18,"column":4},"end":{"line":20,"column":5}},{"start":{},"end":{}}],"line":18},"1":{"loc":{"start":{"line":24,"column":4},"end":{"line":26,"column":5}},"type":"if","locations":[{"start":{"line":24,"column":4},"end":{"line":26,"column":5}},{"start":{},"end":{}}],"line":24},"2":{"loc":{"start":{"line":81,"column":4},"end":{"line":83,"column":5}},"type":"if","locations":[{"start":{"line":81,"column":4},"end":{"line":83,"column":5}},{"start":{},"end":{}}],"line":81}},"s":{"0":2,"1":4,"2":4,"3":4,"4":1,"5":3,"6":3,"7":3,"8":1,"9":2,"10":2,"11":1,"12":1,"13":1,"14":2,"15":3,"16":3,"17":3,"18":2,"19":1,"20":1,"21":1,"22":1},"f":{"0":4,"1":3},"b":{"0":[1,3],"1":[1,2],"2":[1,1]},"_coverageSchema":"1a1c01bbd47fc00a2c39e90264f33305004495a9","hash":"d431ef8bbaef92f20dea6701234608ed7fc96004"}
,"C:\\Users\\Mikael\\Documents\\GitHub\\SGLM\\functions\\scripts\\firestore\\firestoreFornecedores.js": {"path":"C:\\Users\\Mikael\\Documents\\GitHub\\SGLM\\functions\\scripts\\firestore\\firestoreFornecedores.js","statementMap":{"0":{"start":{"line":14,"column":31},"end":{"line":76,"column":1}},"1":{"start":{"line":15,"column":2},"end":{"line":75,"column":3}},"2":{"start":{"line":16,"column":15},"end":{"line":16,"column":23}},"3":{"start":{"line":17,"column":21},"end":{"line":17,"column":35}},"4":{"start":{"line":20,"column":26},"end":{"line":24,"column":12}},"5":{"start":{"line":26,"column":4},"end":{"line":28,"column":5}},"6":{"start":{"line":27,"column":6},"end":{"line":27,"column":56}},"7":{"start":{"line":31,"column":4},"end":{"line":39,"column":7}},"8":{"start":{"line":42,"column":18},"end":{"line":42,"column":28}},"9":{"start":{"line":43,"column":26},"end":{"line":43,"column":63}},"10":{"start":{"line":46,"column":4},"end":{"line":52,"column":7}},"11":{"start":{"line":47,"column":25},"end":{"line":47,"column":75}},"12":{"start":{"line":48,"column":6},"end":{"line":51,"column":9}},"13":{"start":{"line":55,"column":4},"end":{"line":60,"column":5}},"14":{"start":{"line":56,"column":6},"end":{"line":59,"column":9}},"15":{"start":{"line":63,"column":4},"end":{"line":68,"column":5}},"16":{"start":{"line":64,"column":6},"end":{"line":67,"column":9}},"17":{"start":{"line":70,"column":4},"end":{"line":70,"column":25}},"18":{"start":{"line":71,"column":4},"end":{"line":71,"column":33}},"19":{"start":{"line":73,"column":4},"end":{"line":73,"column":54}},"20":{"start":{"line":74,"column":4},"end":{"line":74,"column":52}},"21":{"start":{"line":86,"column":34},"end":{"line":115,"column":1}},"22":{"start":{"line":87,"column":2},"end":{"line":114,"column":3}},"23":{"start":{"line":88,"column":16},"end":{"line":88,"column":75}},"24":{"start":{"line":91,"column":4},"end":{"line":93,"column":5}},"25":{"start":{"line":92,"column":6},"end":{"line":92,"column":99}},"26":{"start":{"line":95,"column":4},"end":{"line":97,"column":5}},"27":{"start":{"line":96,"column":6},"end":{"line":96,"column":54}},"28":{"start":{"line":100,"column":4},"end":{"line":102,"column":5}},"29":{"start":{"line":101,"column":6},"end":{"line":101,"column":42}},"30":{"start":{"line":104,"column":21},"end":{"line":104,"column":38}},"31":{"start":{"line":105,"column":25},"end":{"line":105,"column":63}},"32":{"start":{"line":105,"column":52},"end":{"line":105,"column":62}},"33":{"start":{"line":107,"column":4},"end":{"line":110,"column":6}},"34":{"start":{"line":112,"column":4},"end":{"line":112,"column":57}},"35":{"start":{"line":113,"column":4},"end":{"line":113,"column":16}},"36":{"start":{"line":122,"column":29},"end":{"line":126,"column":1}},"37":{"start":{"line":123,"column":19},"end":{"line":123,"column":95}},"38":{"start":{"line":125,"column":2},"end":{"line":125,"column":57}}},"fnMap":{"0":{"name":"(anonymous_0)","decl":{"start":{"line":14,"column":31},"end":{"line":14,"column":32}},"loc":{"start":{"line":14,"column":57},"end":{"line":76,"column":1}},"line":14},"1":{"name":"(anonymous_1)","decl":{"start":{"line":46,"column":36},"end":{"line":46,"column":37}},"loc":{"start":{"line":46,"column":49},"end":{"line":52,"column":5}},"line":46},"2":{"name":"(anonymous_2)","decl":{"start":{"line":86,"column":34},"end":{"line":86,"column":35}},"loc":{"start":{"line":86,"column":93},"end":{"line":115,"column":1}},"line":86},"3":{"name":"(anonymous_3)","decl":{"start":{"line":105,"column":43},"end":{"line":105,"column":44}},"loc":{"start":{"line":105,"column":52},"end":{"line":105,"column":62}},"line":105},"4":{"name":"(anonymous_4)","decl":{"start":{"line":122,"column":29},"end":{"line":122,"column":30}},"loc":{"start":{"line":122,"column":45},"end":{"line":126,"column":1}},"line":122}},"branchMap":{"0":{"loc":{"start":{"line":26,"column":4},"end":{"line":28,"column":5}},"type":"if","locations":[{"start":{"line":26,"column":4},"end":{"line":28,"column":5}},{"start":{},"end":{}}],"line":26},"1":{"loc":{"start":{"line":55,"column":4},"end":{"line":60,"column":5}},"type":"if","locations":[{"start":{"line":55,"column":4},"end":{"line":60,"column":5}},{"start":{},"end":{}}],"line":55},"2":{"loc":{"start":{"line":63,"column":4},"end":{"line":68,"column":5}},"type":"if","locations":[{"start":{"line":63,"column":4},"end":{"line":68,"column":5}},{"start":{},"end":{}}],"line":63},"3":{"loc":{"start":{"line":86,"column":43},"end":{"line":86,"column":54}},"type":"default-arg","locations":[{"start":{"line":86,"column":52},"end":{"line":86,"column":54}}],"line":86},"4":{"loc":{"start":{"line":86,"column":56},"end":{"line":86,"column":72}},"type":"default-arg","locations":[{"start":{"line":86,"column":68},"end":{"line":86,"column":72}}],"line":86},"5":{"loc":{"start":{"line":86,"column":74},"end":{"line":86,"column":86}},"type":"default-arg","locations":[{"start":{"line":86,"column":84},"end":{"line":86,"column":86}}],"line":86},"6":{"loc":{"start":{"line":91,"column":4},"end":{"line":93,"column":5}},"type":"if","locations":[{"start":{"line":91,"column":4},"end":{"line":93,"column":5}},{"start":{},"end":{}}],"line":91},"7":{"loc":{"start":{"line":95,"column":4},"end":{"line":97,"column":5}},"type":"if","locations":[{"start":{"line":95,"column":4},"end":{"line":97,"column":5}},{"start":{},"end":{}}],"line":95},"8":{"loc":{"start":{"line":100,"column":4},"end":{"line":102,"column":5}},"type":"if","locations":[{"start":{"line":100,"column":4},"end":{"line":102,"column":5}},{"start":{},"end":{}}],"line":100},"9":{"loc":{"start":{"line":109,"column":17},"end":{"line":109,"column":64}},"type":"binary-expr","locations":[{"start":{"line":109,"column":17},"end":{"line":109,"column":56}},{"start":{"line":109,"column":60},"end":{"line":109,"column":64}}],"line":109},"10":{"loc":{"start":{"line":125,"column":9},"end":{"line":125,"column":56}},"type":"cond-expr","locations":[{"start":{"line":125,"column":26},"end":{"line":125,"column":30}},{"start":{"line":125,"column":33},"end":{"line":125,"column":56}}],"line":125}},"s":{"0":2,"1":6,"2":6,"3":6,"4":6,"5":5,"6":1,"7":4,"8":3,"9":3,"10":3,"11":6,"12":6,"13":3,"14":3,"15":3,"16":3,"17":3,"18":3,"19":3,"20":3,"21":2,"22":0,"23":0,"24":0,"25":0,"26":0,"27":0,"28":0,"29":0,"30":0,"31":0,"32":0,"33":0,"34":0,"35":0,"36":2,"37":0,"38":0},"f":{"0":6,"1":6,"2":0,"3":0,"4":0},"b":{"0":[1,4],"1":[3,0],"2":[3,0],"3":[0],"4":[0],"5":[0],"6":[0,0],"7":[0,0],"8":[0,0],"9":[0,0],"10":[0,0]},"_coverageSchema":"1a1c01bbd47fc00a2c39e90264f33305004495a9","hash":"cac1cc5907ec38e47b38bbe303fee09b5bfea6f5"}
,"C:\\Users\\Mikael\\Documents\\GitHub\\SGLM\\functions\\scripts\\firestore\\firestoreLocacoes.js": {"path":"C:\\Users\\Mikael\\Documents\\GitHub\\SGLM\\functions\\scripts\\firestore\\firestoreLocacoes.js","statementMap":{"0":{"start":{"line":15,"column":28},"end":{"line":85,"column":1}},"1":{"start":{"line":16,"column":2},"end":{"line":84,"column":3}},"2":{"start":{"line":17,"column":110},"end":{"line":17,"column":121}},"3":{"start":{"line":20,"column":23},"end":{"line":20,"column":66}},"4":{"start":{"line":21,"column":23},"end":{"line":21,"column":45}},"5":{"start":{"line":23,"column":4},"end":{"line":25,"column":5}},"6":{"start":{"line":24,"column":6},"end":{"line":24,"column":48}},"7":{"start":{"line":28,"column":27},"end":{"line":28,"column":57}},"8":{"start":{"line":29,"column":29},"end":{"line":33,"column":12}},"9":{"start":{"line":35,"column":4},"end":{"line":37,"column":5}},"10":{"start":{"line":36,"column":6},"end":{"line":36,"column":48}},"11":{"start":{"line":39,"column":23},"end":{"line":39,"column":47}},"12":{"start":{"line":40,"column":24},"end":{"line":40,"column":41}},"13":{"start":{"line":42,"column":4},"end":{"line":44,"column":5}},"14":{"start":{"line":43,"column":6},"end":{"line":43,"column":66}},"15":{"start":{"line":47,"column":22},"end":{"line":50,"column":5}},"16":{"start":{"line":48,"column":33},"end":{"line":48,"column":51}},"17":{"start":{"line":49,"column":6},"end":{"line":49,"column":49}},"18":{"start":{"line":53,"column":15},"end":{"line":53,"column":23}},"19":{"start":{"line":56,"column":4},"end":{"line":72,"column":9}},"20":{"start":{"line":75,"column":4},"end":{"line":78,"column":7}},"21":{"start":{"line":80,"column":4},"end":{"line":80,"column":33}},"22":{"start":{"line":82,"column":4},"end":{"line":82,"column":51}},"23":{"start":{"line":83,"column":4},"end":{"line":83,"column":52}},"24":{"start":{"line":94,"column":30},"end":{"line":119,"column":1}},"25":{"start":{"line":95,"column":2},"end":{"line":118,"column":3}},"26":{"start":{"line":96,"column":16},"end":{"line":96,"column":87}},"27":{"start":{"line":98,"column":4},"end":{"line":101,"column":5}},"28":{"start":{"line":99,"column":22},"end":{"line":99,"column":74}},"29":{"start":{"line":100,"column":6},"end":{"line":100,"column":40}},"30":{"start":{"line":103,"column":21},"end":{"line":103,"column":38}},"31":{"start":{"line":104,"column":21},"end":{"line":109,"column":7}},"32":{"start":{"line":104,"column":49},"end":{"line":109,"column":5}},"33":{"start":{"line":111,"column":4},"end":{"line":114,"column":6}},"34":{"start":{"line":116,"column":4},"end":{"line":116,"column":53}},"35":{"start":{"line":117,"column":4},"end":{"line":117,"column":16}},"36":{"start":{"line":126,"column":28},"end":{"line":143,"column":1}},"37":{"start":{"line":127,"column":2},"end":{"line":142,"column":3}},"38":{"start":{"line":128,"column":21},"end":{"line":128,"column":96}},"39":{"start":{"line":130,"column":4},"end":{"line":132,"column":5}},"40":{"start":{"line":131,"column":6},"end":{"line":131,"column":48}},"41":{"start":{"line":134,"column":23},"end":{"line":134,"column":43}},"42":{"start":{"line":135,"column":23},"end":{"line":135,"column":45}},"43":{"start":{"line":136,"column":24},"end":{"line":136,"column":41}},"44":{"start":{"line":138,"column":4},"end":{"line":138,"column":50}},"45":{"start":{"line":140,"column":4},"end":{"line":140,"column":55}},"46":{"start":{"line":141,"column":4},"end":{"line":141,"column":52}},"47":{"start":{"line":151,"column":32},"end":{"line":177,"column":1}},"48":{"start":{"line":152,"column":2},"end":{"line":176,"column":3}},"49":{"start":{"line":153,"column":23},"end":{"line":153,"column":56}},"50":{"start":{"line":154,"column":23},"end":{"line":154,"column":45}},"51":{"start":{"line":156,"column":4},"end":{"line":158,"column":5}},"52":{"start":{"line":157,"column":6},"end":{"line":157,"column":48}},"53":{"start":{"line":160,"column":23},"end":{"line":160,"column":84}},"54":{"start":{"line":163,"column":4},"end":{"line":165,"column":5}},"55":{"start":{"line":164,"column":6},"end":{"line":164,"column":77}},"56":{"start":{"line":166,"column":4},"end":{"line":168,"column":5}},"57":{"start":{"line":167,"column":6},"end":{"line":167,"column":71}},"58":{"start":{"line":170,"column":4},"end":{"line":170,"column":40}},"59":{"start":{"line":172,"column":4},"end":{"line":172,"column":29}},"60":{"start":{"line":174,"column":4},"end":{"line":174,"column":55}},"61":{"start":{"line":175,"column":4},"end":{"line":175,"column"
[...]
,"C:\\Users\\Mikael\\Documents\\GitHub\\SGLM\\functions\\scripts\\firestore\\firestoreUtils.js": {"path":"C:\\Users\\Mikael\\Documents\\GitHub\\SGLM\\functions\\scripts\\firestore\\firestoreUtils.js","statementMap":{"0":{"start":{"line":4,"column":43},"end":{"line":10,"column":1}},"1":{"start":{"line":5,"column":19},"end":{"line":8,"column":10}},"2":{"start":{"line":9,"column":2},"end":{"line":9,"column":25}},"3":{"start":{"line":13,"column":37},"end":{"line":15,"column":1}},"4":{"start":{"line":14,"column":2},"end":{"line":14,"column":44}}},"fnMap":{"0":{"name":"(anonymous_0)","decl":{"start":{"line":4,"column":43},"end":{"line":4,"column":44}},"loc":{"start":{"line":4,"column":66},"end":{"line":10,"column":1}},"line":4},"1":{"name":"(anonymous_1)","decl":{"start":{"line":13,"column":37},"end":{"line":13,"column":38}},"loc":{"start":{"line":13,"column":53},"end":{"line":15,"column":1}},"line":13}},"branchMap":{"0":{"loc":{"start":{"line":7,"column":11},"end":{"line":7,"column":42}},"type":"cond-expr","locations":[{"start":{"line":7,"column":28},"end":{"line":7,"column":33}},{"start":{"line":7,"column":36},"end":{"line":7,"column":42}}],"line":7}},"s":{"0":0,"1":0,"2":0,"3":0,"4":0},"f":{"0":0,"1":0},"b":{"0":[0,0]}}
,"C:\\Users\\Mikael\\Documents\\GitHub\\SGLM\\functions\\scripts\\firestore\\firestoreVeiculos.js": {"path":"C:\\Users\\Mikael\\Documents\\GitHub\\SGLM\\functions\\scripts\\firestore\\firestoreVeiculos.js","statementMap":{"0":{"start":{"line":10,"column":28},"end":{"line":68,"column":1}},"1":{"start":{"line":11,"column":2},"end":{"line":67,"column":3}},"2":{"start":{"line":12,"column":15},"end":{"line":12,"column":23}},"3":{"start":{"line":13,"column":30},"end":{"line":13,"column":41}},"4":{"start":{"line":16,"column":28},"end":{"line":20,"column":12}},"5":{"start":{"line":22,"column":4},"end":{"line":24,"column":5}},"6":{"start":{"line":23,"column":6},"end":{"line":23,"column":58}},"7":{"start":{"line":27,"column":4},"end":{"line":61,"column":9}},"8":{"start":{"line":63,"column":4},"end":{"line":63,"column":33}},"9":{"start":{"line":65,"column":4},"end":{"line":65,"column":51}},"10":{"start":{"line":66,"column":4},"end":{"line":66,"column":52}},"11":{"start":{"line":73,"column":28},"end":{"line":92,"column":1}},"12":{"start":{"line":74,"column":2},"end":{"line":91,"column":3}},"13":{"start":{"line":76,"column":21},"end":{"line":76,"column":96}},"14":{"start":{"line":78,"column":4},"end":{"line":80,"column":5}},"15":{"start":{"line":79,"column":6},"end":{"line":79,"column":49}},"16":{"start":{"line":83,"column":23},"end":{"line":83,"column":43}},"17":{"start":{"line":84,"column":23},"end":{"line":84,"column":45}},"18":{"start":{"line":85,"column":24},"end":{"line":85,"column":41}},"19":{"start":{"line":87,"column":4},"end":{"line":87,"column":50}},"20":{"start":{"line":89,"column":4},"end":{"line":89,"column":50}},"21":{"start":{"line":90,"column":4},"end":{"line":90,"column":52}},"22":{"start":{"line":100,"column":32},"end":{"line":138,"column":1}},"23":{"start":{"line":101,"column":2},"end":{"line":137,"column":3}},"24":{"start":{"line":102,"column":4},"end":{"line":104,"column":5}},"25":{"start":{"line":103,"column":6},"end":{"line":103,"column":90}},"26":{"start":{"line":107,"column":21},"end":{"line":107,"column":96}},"27":{"start":{"line":109,"column":4},"end":{"line":111,"column":5}},"28":{"start":{"line":110,"column":6},"end":{"line":110,"column":66}},"29":{"start":{"line":114,"column":26},"end":{"line":114,"column":46}},"30":{"start":{"line":117,"column":23},"end":{"line":117,"column":37}},"31":{"start":{"line":120,"column":4},"end":{"line":120,"column":80}},"32":{"start":{"line":120,"column":26},"end":{"line":120,"column":80}},"33":{"start":{"line":121,"column":4},"end":{"line":121,"column":96}},"34":{"start":{"line":121,"column":34},"end":{"line":121,"column":96}},"35":{"start":{"line":122,"column":4},"end":{"line":122,"column":120}},"36":{"start":{"line":122,"column":42},"end":{"line":122,"column":120}},"37":{"start":{"line":123,"column":4},"end":{"line":123,"column":118}},"38":{"start":{"line":123,"column":42},"end":{"line":123,"column":118}},"39":{"start":{"line":124,"column":4},"end":{"line":124,"column":106}},"40":{"start":{"line":124,"column":38},"end":{"line":124,"column":106}},"41":{"start":{"line":125,"column":4},"end":{"line":125,"column":101}},"42":{"start":{"line":125,"column":31},"end":{"line":125,"column":101}},"43":{"start":{"line":128,"column":4},"end":{"line":131,"column":7}},"44":{"start":{"line":133,"column":4},"end":{"line":133,"column":29}},"45":{"start":{"line":135,"column":4},"end":{"line":135,"column":68}},"46":{"start":{"line":136,"column":4},"end":{"line":136,"column":52}},"47":{"start":{"line":143,"column":27},"end":{"line":147,"column":1}},"48":{"start":{"line":144,"column":19},"end":{"line":144,"column":94}},"49":{"start":{"line":146,"column":2},"end":{"line":146,"column":57}},"50":{"start":{"line":152,"column":30},"end":{"line":199,"column":1}},"51":{"start":{"line":153,"column":2},"end":{"line":198,"column":3}},"52":{"start":{"line":154,"column":16},"end":{"line":154,"column":55}},"53":{"start":{"line":156,"column":4},"end":{"line":158,"column":5}},"54":{"start":{"line":157,"column":6},"end":{"line":157,"column":37}},"55":{"start":{"line":161,"column":4},"end":{"line":163,"column":5}},"56":{"start":{"line":162,"column":6},"end":{"line":162,"column":74}},"57":{"start":{"line":165,"column":4},"end":{"line":167,"column":5}},"58":{"start":{"line":166,"column":6},"end":{"line":166,"column":58}},"59":{"start":{"line":169,"column":4},"end":{"line":171,"column":5}},"60":{"start":{"line":170,"column":6},"end":{"line":170,"column":56}},"61":{"start":{"line":173,"column":4},"end":{"line":175,"column":5}},"62":{"start":{"line":174,"column":6},"end":{"line":174,"column":58}},"63":{"start":{"line":178,"column":4},"end":{"line":180,"column":5}},"64":{"start":{"line":179,"column":6},"end":{"line":179,"column":42}},"65":{"start":{"line":182,"column":21},"end":{"line":182,"column":38}},"66":{"start":{"line":183,"column":21},"end":{"line":189,"column":6}},"67":{"start":{"line":184,"column":19},"end":{"line":184,"column":29}},"68":{"start":{"line":185,"column":6},"end":{"line":188,"column":8}},"69":{"start":{"line":191,"column":4},"end":{"line":194,"column":6}},"70":{"start":{"line":196,"column":4},"end":{"line":196,"column":53}},"71":{"start":{"line":197,"column":4},"end":{"line":197,"column":16}}},"fnMap":{"0":{"name":"(anonymous_0)","decl":{"start":{"line":10,"column":28},"end":{"line":10,"column":29}},"loc":{"start":{"line":10,"column":51},"end":{"line":68,"column":1}},"line":10},"1":{"name":"(anonymous_1)","decl":{"start":{"line":73,"column":28},"end":{"line":73,"column":29}},"loc":{"start":{"line":73,"column":49},"end":{"line":92,"column":1}},"line":73},"2":{"name":"(anonymous_2)","decl":{"start":{"line":100,"column":32},"end":{"line":100,"column":33}},"loc":{"start":{"line":100,"column":62},"end":{"line":138,"column":1}},"line":100},"3":{"name":"(anonymous_3)","decl":{"start":{"line":143,"column":27},"end":{"line":143,"column":28}},"loc":{"start":{"line":143,"column":48},"end":{"line":147,"column":1}},"line":143},"4":{"name":"(anonymous_4)","decl":{"start":{"line":152,"column":30},"end":{"line":152,"column":31}},"loc":{"start":{"line":152,"column":89},"end":{"line":199,"column":1}},"line":152},"5":{"name":"(anonymous_5)","decl":{"start":{"line":183,"column":39},"end":{"line":183,"column":40}},"loc":{"start":{"line":183,"column":48},"end":{"line":189,"column":5}},"line":183}},"branchMap":{"0":{"loc":{"start":{"line":22,"column":4},"end":{"line":24,"column":5}},"type":"if","locations":[{"start":{"line":22,"column":4},"end":{"line":24,"column":5}},{"start":{},"end":{}}],"line":22},"1":{"loc":{"start":{"line":48,"column":40},"end":{"line":48,"column":80}},"type":"binary-expr","locations":[{"start":{"line":48,"column":40},"end":{"line":48,"column":73}},{"start":{"line":48,"column":77},"end":{"line":48,"column":80}}],"line":48},"2":{"loc":{"start":{"line":78,"column":4},"end":{"line":80,"column":5}},"type":"if","locations":[{"start":{"line":78,"column":4},"end":{"line":80,"column":5}},{"start":{},"end":{}}],"line":78},"3":{"loc":{"start":{"line":102,"column":4},"end":{"line":104,"column":5}},"type":"if","locations":[{"start":{"line":102,"column":4},"end":{"line":104,"column":5}},{"start":{},"end":{}}],"line":102},"4":{"loc":{"start":{"line":102,"column":8},"end":{"line":102,"column":67}},"type":"binary-expr","locations":[{"start":{"line":102,"column":8},"end":{"line":102,"column":18}},{"start":{"line":102,"column":22},"end":{"line":102,"column":30}},{"start":{"line":102,"column":34},"end":{"line":102,"column":67}}],"line":102},"5":{"loc":{"start":{"line":109,"column":4},"end":{"line":111,"column":5}},"type":"if","locations":[{"start":{"line":109,"column":4},"end":{"line":111,"column":5}},{"start":{},"end":{}}],"line":109},"6":{"loc":{"start":{"line":120,"column":4},"end":{"line":120,"column":80}},"type":"if","locations":[{"start":{"line":120,"column":4},"end":{"line":120,"column":80}},{"start":{},"end":{}}],"line":120},"7":{"loc":{"start":{"line":121,"column":4},"end":{"line":121,"column":96}},"type":"if","locations":[{"start":{"line":121,"column":4},"end":{"line":121,"column":96}},{"start":{},"end":{}}],"line":121},"8":{"loc":{"start":{"line":122,"column":4},"end":{"line":122,"column":120}},"type":"if","locations":[{"start":{"line":122,"column":4},"end":{"line":122,"column":120}},{"start":{},"end":{}}],"line":122},"9":{"loc":{"start":{"line":123,"column":4},"end":{"line":123,"column":118}},"type":"if","locations":[{"start":{"line":123,"column":4},"end":{"line":123,"column":118}},{"start":{},"end":{}}],"line":123},"10":{"loc":{"start":{"line":124,"column":4},"end":{"line":124,"column":106}},"type":"if","locations":[{"start":{"line":124,"column":4},"end":{"line":124,"column":106}},{"start":{},"end":{}}],"line":124},"11":{"loc":{"start":{"line":125,"column":4},"end":{"line":125,"column":101}},"type":"if","locations":[{"start":{"line":125,"column":4},"end":{"line":125,"column":101}},{"start":{},"end":{}}],"line":125},"12":{"loc":{"start":{"line":146,"column":9},"end":{"line":146,"column":56}},"type":"cond-expr","locations":[{"start":{"line":146,"column":26},"end":{"line":146,"column":30}},{"start":{"line":146,"column":33},"end":{"line":146,"column":56}}],"line":146},"13":{"loc":{"start":{"line":152,"column":39},"end":{"line":152,"column":50}},"type":"default-arg","locations":[{"start":{"line":152,"column":48},"end":{"line":152,"column":50}}],"line":152},"14":{"loc":{"start":{"line":152,"column":52},"end":{"line":152,"column":68}},"type":"default-arg","locations":[{"start":{"line":152,"column":64},"end":{"line":152,"column":68}}],"line":152},"15":{"loc":{"start":{"line":152,"column":70},"end":{"line":152,"column":82}},"type":"default-arg","locations":[{"start":{"line":152,"column":80},"end":{"line":152,"column":82}}],"line":152},"16":{"loc":{"start":{"line":156,"column":4},"end":{"line":158,"column":5}},"type":"if","locations":[{"start":{"line":156,"column":4},"end":{"line":158,"column":5}},{"start":{},"end":{}}],"line":156},"17":{"loc":{"start":{"line":156,"column":8},"end":{"line":156,"column":78}},"type":"binary-expr","locations":[{"start":{"line":156,"column":8},"end":{"line":156,"column":23}},{"start":{"line":156,"column":27},"end":{"line":156,"column":41}},{"start":{"line":156,"column":45},"end":{"line":156,"column":59}},{"start":{"line":156,"column":63},"end":{"line":156,"column":78}}],"line":156},"18":{"loc":{"start":{"line":161,"column":4},"end":{"line":163,"column":5}},"type":"if","locations":[{"start":{"line":161,"column":4},"end":{"line":163,"column":5}},{"start":{},"end":{}}],"line":161},"19":{"loc":{"start":{"line":165,"column":4},"end":{"line":167,"column":5}},"type":"if","locations":[{"start":{"line":165,"column":4},"end":{"line":167,"column":5}},{"start":{},"end":{}}],"line":165},"20":{"loc":{"start":{"line":169,"column":4},"end":{"line":171,"column":5}},"type":"if","locations":[{"start":{"line":169,"column":4},"end":{"line":171,"column":5}},{"start":{},"end":{}}],"line":169},"21":{"loc":{"start":{"line":173,"column":4},"end":{"line":175,"column":5}},"type":"if","locations":[{"start":{"line":173,"column":4},"end":{"line":175,"column":5}},{"start":{},"end":{}}],"line":173},"22":{"loc":{"start":{"line":178,"column":4},"end":{"line":180,"column":5}},"type":"if","locations":[{"start":{"line":178,"column":4},"end":{"line":180,"column":5}},{"start":{},"end":{}}],"line":178},"23":{"loc":{"start":{"line":193,"column":17},"end":{"line":193,"column":64}},"type":"binary-expr","locations":[{"start":{"line":193,"column":17},"end":{"line":193,"column":56}},{"start":{"line":193,"column":60},"end":{"line":193,"column":64}}],"line":193}},"s":{"0":1,"1":1,"2":1,"3":1,"4":1,"5":1,"6":0,"7":1,"8":1,"9":0,"10":0,"11":1,"12":0,"13":0,"14":0,"15":0,"16":0,"17":0,"18":0,"19":0,"20":0,"21":0,"22":1,"23":0,"24":0,"25":0,"26":0,"27":0,"28":0,"29":0,"30":0,"31":0,"32":0,"33":0,"34":0,"35":0,"36":0,"37":0,"38":0,"39":0,"40":0,"41":0,"42":0,"43":0,"44":0,"45":0,"46":0,"47":1,"48":4,"49":4,"50":1,"51":6,"52":6,"53":6,"54":6,"55":0,"56":0,"57":0,"58":0,"59":0,"60":0,"61":0,"62":0,"63":0,"64":0,"65":0,"66":0,"67":0,"68":0,"69":0,"70":6,"71":6},"f":{"0":1,"1":0,"2":0,"3":4,"4":6,"5":0},"b":{"0":[0,1],"1":[1,1],"2":[0,0],"3":[0,0],"4":[0,0,0],"5":[0,0],"6":[0,0],"7":[0,0],"8":[0,0],"9":[0,0],"10":[0,0],"11":[0,0],"12":[4,0],"13":[0],"14":[0],"15":[0],"16":[6,0],"17":[6,6,6,6],"18":[0,0],"19":[0,0],"20":[0,0],"21":[0,0],"22":[0,0],"23":[0,0]},"_coverageSchema":"1a1c01bbd47fc00a2c39e90264f33305004495a9","hash":"9fa8ef1cda97b9feb035e9c6af4965182da83bbd"}
,"C:\\Users\\Mikael\\Documents\\GitHub\\SGLM\\functions\\scripts\\firestore\\firestoreVistoria.js": {"path":"C:\\Users\\Mikael\\Documents\\GitHub\\SGLM\\functions\\scripts\\firestore\\firestoreVistoria.js","statementMap":{"0":{"start":{"line":16,"column":29},"end":{"line":46,"column":1}},"1":{"start":{"line":17,"column":2},"end":{"line":45,"column":3}},"2":{"start":{"line":18,"column":15},"end":{"line":18,"column":23}},"3":{"start":{"line":20,"column":6},"end":{"line":20,"column":18}},"4":{"start":{"line":22,"column":4},"end":{"line":24,"column":5}},"5":{"start":{"line":23,"column":6},"end":{"line":23,"column":71}},"6":{"start":{"line":27,"column":4},"end":{"line":39,"column":9}},"7":{"start":{"line":41,"column":4},"end":{"line":41,"column":29}},"8":{"start":{"line":43,"column":4},"end":{"line":43,"column":52}},"9":{"start":{"line":44,"column":4},"end":{"line":44,"column":52}},"10":{"start":{"line":58,"column":38},"end":{"line":84,"column":1}},"11":{"start":{"line":59,"column":2},"end":{"line":83,"column":3}},"12":{"start":{"line":60,"column":16},"end":{"line":60,"column":42}},"13":{"start":{"line":62,"column":4},"end":{"line":65,"column":5}},"14":{"start":{"line":63,"column":21},"end":{"line":63,"column":35}},"15":{"start":{"line":64,"column":6},"end":{"line":64,"column":50}},"16":{"start":{"line":68,"column":4},"end":{"line":70,"column":5}},"17":{"start":{"line":69,"column":6},"end":{"line":69,"column":42}},"18":{"start":{"line":72,"column":21},"end":{"line":72,"column":38}},"19":{"start":{"line":73,"column":22},"end":{"line":73,"column":60}},"20":{"start":{"line":73,"column":49},"end":{"line":73,"column":59}},"21":{"start":{"line":75,"column":4},"end":{"line":79,"column":6}},"22":{"start":{"line":81,"column":4},"end":{"line":81,"column":54}},"23":{"start":{"line":82,"column":4},"end":{"line":82,"column":52}}},"fnMap":{"0":{"name":"(anonymous_0)","decl":{"start":{"line":16,"column":29},"end":{"line":16,"column":30}},"loc":{"start":{"line":16,"column":53},"end":{"line":46,"column":1}},"line":16},"1":{"name":"(anonymous_1)","decl":{"start":{"line":58,"column":38},"end":{"line":58,"column":39}},"loc":{"start":{"line":58,"column":97},"end":{"line":84,"column":1}},"line":58},"2":{"name":"(anonymous_2)","decl":{"start":{"line":73,"column":40},"end":{"line":73,"column":41}},"loc":{"start":{"line":73,"column":49},"end":{"line":73,"column":59}},"line":73}},"branchMap":{"0":{"loc":{"start":{"line":22,"column":4},"end":{"line":24,"column":5}},"type":"if","locations":[{"start":{"line":22,"column":4},"end":{"line":24,"column":5}},{"start":{},"end":{}}],"line":22},"1":{"loc":{"start":{"line":22,"column":8},"end":{"line":22,"column":88}},"type":"binary-expr","locations":[{"start":{"line":22,"column":8},"end":{"line":22,"column":21}},{"start":{"line":22,"column":25},"end":{"line":22,"column":39}},{"start":{"line":22,"column":43},"end":{"line":22,"column":55}},{"start":{"line":22,"column":59},"end":{"line":22,"column":79}},{"start":{"line":22,"column":83},"end":{"line":22,"column":88}}],"line":22},"2":{"loc":{"start":{"line":58,"column":47},"end":{"line":58,"column":58}},"type":"default-arg","locations":[{"start":{"line":58,"column":56},"end":{"line":58,"column":58}}],"line":58},"3":{"loc":{"start":{"line":58,"column":60},"end":{"line":58,"column":76}},"type":"default-arg","locations":[{"start":{"line":58,"column":72},"end":{"line":58,"column":76}}],"line":58},"4":{"loc":{"start":{"line":58,"column":78},"end":{"line":58,"column":90}},"type":"default-arg","locations":[{"start":{"line":58,"column":88},"end":{"line":58,"column":90}}],"line":58},"5":{"loc":{"start":{"line":62,"column":4},"end":{"line":65,"column":5}},"type":"if","locations":[{"start":{"line":62,"column":4},"end":{"line":65,"column":5}},{"start":{},"end":{}}],"line":62},"6":{"loc":{"start":{"line":68,"column":4},"end":{"line":70,"column":5}},"type":"if","locations":[{"start":{"line":68,"column":4},"end":{"line":70,"column":5}},{"start":{},"end":{}}],"line":68},"7":{"loc":{"start":{"line":78,"column":17},"end":{"line":78,"column":64}},"type":"binary-expr","locations":[{"start":{"line":78,"column":17},"end":{"line":78,"column":56}},{"start":{"line":78,"column":60},"end":{"line":78,"column":64}}],"line":78}},"s":{"0":1,"1":1,"2":1,"3":1,"4":1,"5":0,"6":1,"7":1,"8":0,"9":0,"10":1,"11":0,"12":0,"13":0,"14":0,"15":0,"16":0,"17":0,"18":0,"19":0,"20":0,"21":0,"22":0,"23":0},"f":{"0":1,"1":0,"2":0},"b":{"0":[0,1],"1":[1,1,1,1,1],"2":[0],"3":[0],"4":[0],"5":[0,0],"6":[0,0],"7":[0,0]},"_coverageSchema":"1a1c01bbd47fc00a2c39e90264f33305004495a9","hash":"425e1931988090e416081a6534ecc37a541559d7"}
}
