{"C:\\Users\\Mikael\\Documents\\GitHub\\SGLM\\functions\\cliente.js": {"path":"C:\\Users\\Mikael\\Documents\\GitHub\\SGLM\\functions\\cliente.js","statementMap":{"0":{"start":{"line":7,"column":15},"end":{"line":7,"column":31}},"1":{"start":{"line":32,"column":0},"end":{"line":65,"column":3}},"2":{"start":{"line":33,"column":2},"end":{"line":64,"column":3}},"3":{"start":{"line":34,"column":24},"end":{"line":34,"column":32}},"4":{"start":{"line":44,"column":4},"end":{"line":48,"column":5}},"5":{"start":{"line":45,"column":6},"end":{"line":47,"column":86}},"6":{"start":{"line":51,"column":22},"end":{"line":51,"column":53}},"7":{"start":{"line":53,"column":4},"end":{"line":59,"column":5}},"8":{"start":{"line":55,"column":6},"end":{"line":55,"column":92}},"9":{"start":{"line":58,"column":6},"end":{"line":58,"column":89}},"10":{"start":{"line":62,"column":4},"end":{"line":62,"column":68}},"11":{"start":{"line":63,"column":4},"end":{"line":63,"column":54}},"12":{"start":{"line":75,"column":0},"end":{"line":122,"column":3}},"13":{"start":{"line":76,"column":2},"end":{"line":121,"column":3}},"14":{"start":{"line":77,"column":59},"end":{"line":77,"column":68}},"15":{"start":{"line":80,"column":22},"end":{"line":80,"column":44}},"16":{"start":{"line":83,"column":4},"end":{"line":87,"column":5}},"17":{"start":{"line":84,"column":6},"end":{"line":84,"column":42}},"18":{"start":{"line":86,"column":6},"end":{"line":86,"column":25}},"19":{"start":{"line":90,"column":28},"end":{"line":90,"column":32}},"20":{"start":{"line":91,"column":4},"end":{"line":96,"column":5}},"21":{"start":{"line":92,"column":6},"end":{"line":92,"column":81}},"22":{"start":{"line":93,"column":6},"end":{"line":95,"column":7}},"23":{"start":{"line":94,"column":8},"end":{"line":94,"column":71}},"24":{"start":{"line":99,"column":36},"end":{"line":103,"column":6}},"25":{"start":{"line":106,"column":21},"end":{"line":112,"column":5}},"26":{"start":{"line":114,"column":4},"end":{"line":114,"column":35}},"27":{"start":{"line":116,"column":4},"end":{"line":116,"column":56}},"28":{"start":{"line":117,"column":4},"end":{"line":120,"column":7}},"29":{"start":{"line":136,"column":0},"end":{"line":170,"column":3}},"30":{"start":{"line":137,"column":2},"end":{"line":169,"column":3}},"31":{"start":{"line":138,"column":20},"end":{"line":138,"column":30}},"32":{"start":{"line":141,"column":4},"end":{"line":146,"column":5}},"33":{"start":{"line":142,"column":6},"end":{"line":145,"column":9}},"34":{"start":{"line":148,"column":22},"end":{"line":148,"column":52}},"35":{"start":{"line":150,"column":4},"end":{"line":161,"column":5}},"36":{"start":{"line":151,"column":6},"end":{"line":154,"column":9}},"37":{"start":{"line":156,"column":25},"end":{"line":156,"column":82}},"38":{"start":{"line":157,"column":6},"end":{"line":160,"column":9}},"39":{"start":{"line":163,"column":4},"end":{"line":163,"column":72}},"40":{"start":{"line":164,"column":4},"end":{"line":168,"column":7}},"41":{"start":{"line":186,"column":0},"end":{"line":212,"column":3}},"42":{"start":{"line":187,"column":2},"end":{"line":211,"column":3}},"43":{"start":{"line":188,"column":20},"end":{"line":188,"column":30}},"44":{"start":{"line":189,"column":20},"end":{"line":189,"column":28}},"45":{"start":{"line":192,"column":4},"end":{"line":194,"column":5}},"46":{"start":{"line":193,"column":6},"end":{"line":193,"column":77}},"47":{"start":{"line":199,"column":22},"end":{"line":199,"column":58}},"48":{"start":{"line":201,"column":4},"end":{"line":207,"column":5}},"49":{"start":{"line":202,"column":6},"end":{"line":202,"column":82}},"50":{"start":{"line":205,"column":25},"end":{"line":205,"column":82}},"51":{"start":{"line":206,"column":6},"end":{"line":206,"column":100}},"52":{"start":{"line":209,"column":4},"end":{"line":209,"column":72}},"53":{"start":{"line":210,"column":4},"end":{"line":210,"column":54}},"54":{"start":{"line":227,"column":0},"end":{"line":243,"column":3}},"55":{"start":{"line":228,"column":2},"end":{"line":242,"column":3}},"56":{"start":{"line":229,"column":20},"end":{"line":229,"column":30}},"57":{"start":{"line":231,"column":22},"end":{"line":231,"column":47}},"58":{"start":{"line":233,"column":4},"end":{"line":238,"column":5}},"59":{"start":{"line":234,"column":6},"end":{"line":234,"column":80}},"60":{"start":{"line":236,"column":25},"end":{"line":236,"column":82}},"61":{"start":{"line":237,"column":6},"end":{"line":237,"column":98}},"62":{"start":{"line":240,"column":4},"end":{"line":240,"column":75}},"63":{"start":{"line":241,"column":4},"end":{"line":241,"column":54}}},"fnMap":{"0":{"name":"(anonymous_0)","decl":{"start":{"line":32,"column":17},"end":{"line":32,"column":18}},"loc":{"start":{"line":32,"column":37},"end":{"line":65,"column":1}},"line":32},"1":{"name":"(anonymous_1)","decl":{"start":{"line":75,"column":16},"end":{"line":75,"column":17}},"loc":{"start":{"line":75,"column":36},"end":{"line":122,"column":1}},"line":75},"2":{"name":"(anonymous_2)","decl":{"start":{"line":136,"column":20},"end":{"line":136,"column":21}},"loc":{"start":{"line":136,"column":40},"end":{"line":170,"column":1}},"line":136},"3":{"name":"(anonymous_3)","decl":{"start":{"line":186,"column":20},"end":{"line":186,"column":21}},"loc":{"start":{"line":186,"column":40},"end":{"line":212,"column":1}},"line":186},"4":{"name":"(anonymous_4)","decl":{"start":{"line":227,"column":23},"end":{"line":227,"column":24}},"loc":{"start":{"line":227,"column":43},"end":{"line":243,"column":1}},"line":227}},"branchMap":{"0":{"loc":{"start":{"line":44,"column":4},"end":{"line":48,"column":5}},"type":"if","locations":[{"start":{"line":44,"column":4},"end":{"line":48,"column":5}},{"start":{},"end":{}}],"line":44},"1":{"loc":{"start":{"line":44,"column":8},"end":{"line":44,"column":70}},"type":"binary-expr","locations":[{"start":{"line":44,"column":8},"end":{"line":44,"column":20}},{"start":{"line":44,"column":24},"end":{"line":44,"column":40}},{"start":{"line":44,"column":44},"end":{"line":44,"column":70}}],"line":44},"2":{"loc":{"start":{"line":53,"column":4},"end":{"line":59,"column":5}},"type":"if","locations":[{"start":{"line":53,"column":4},"end":{"line":59,"column":5}},{"start":{"line":56,"column":11},"end":{"line":59,"column":5}}],"line":53},"3":{"loc":{"start":{"line":77,"column":12},"end":{"line":77,"column":25}},"type":"default-arg","locations":[{"start":{"line":77,"column":21},"end":{"line":77,"column":25}}],"line":77},"4":{"loc":{"start":{"line":77,"column":40},"end":{"line":77,"column":54}},"type":"default-arg","locations":[{"start":{"line":77,"column":50},"end":{"line":77,"column":54}}],"line":77},"5":{"loc":{"start":{"line":80,"column":22},"end":{"line":80,"column":44}},"type":"binary-expr","locations":[{"start":{"line":80,"column":22},"end":{"line":80,"column":38}},{"start":{"line":80,"column":42},"end":{"line":80,"column":44}}],"line":80},"6":{"loc":{"start":{"line":91,"column":4},"end":{"line":96,"column":5}},"type":"if","locations":[{"start":{"line":91,"column":4},"end":{"line":96,"column":5}},{"start":{},"end":{}}],"line":91},"7":{"loc":{"start":{"line":93,"column":6},"end":{"line":95,"column":7}},"type":"if","locations":[{"start":{"line":93,"column":6},"end":{"line":95,"column":7}},{"start":{},"end":{}}],"line":93},"8":{"loc":{"start":{"line":110,"column":21},"end":{"line":110,"column":42}},"type":"binary-expr","locations":[{"start":{"line":110,"column":21},"end":{"line":110,"column":34}},{"start":{"line":110,"column":38},"end":{"line":110,"column":42}}],"line":110},"9":{"loc":{"start":{"line":119,"column":16},"end":{"line":119,"column":82}},"type":"cond-expr","locations":[{"start":{"line":119,"column":57},"end":{"line":119,"column":70}},{"start":{"line":119,"column":73},"end":{"line":119,"column":82}}],"line":119},"10":{"loc":{"start":{"line":141,"column":4},"end":{"line":146,"column":5}},"type":"if","locations":[{"start":{"line":141,"column":4},"end":{"line":146,"column":5}},{"start":{},"end":{}}],"line":141},"11":{"loc":{"start":{"line":141,"column":8},"end":{"line":141,"column":39}},"type":"binary-expr","locations":[{"start":{"line":141,"column":8},"end":{"line":141,"column":12}},{"start":{"line":141,"column":16},"end":{"line":141,"column":39}}],"line":141},"12":{"loc":{"start":{"line":150,"column":4},"end":{"line":161,"column":5}},"type":"if","locations":[{"start":{"line":150,"column":4},"end":{"line":161,"column":5}},{"start":{"line":155,"column":11},"end":{"line":161,"column":5}}],"line":150},"13":{"loc":{"start":{"line":156,"column":25},"end":{"line":156,"column":82}},"type":"cond-expr","locations":[{"start":{"line":156,"column":73},"end":{"line":156,"column":76}},{"start":{"line":156,"column":79},"end":{"line":156,"column":82}}],"line":156},"14":{"loc":{"start":{"line":167,"column":16},"end":{"line":167,"column":82}},"type":"cond-expr","locations":[{"start":{"line":167,"column":57},"end":{"line":167,"column":70}},{"start":{"line":167,"column":73},"end":{"line":167,"column":82}}],"line":167},"15":{"loc":{"start":{"line":192,"column":4},"end":{"line":194,"column":5}},"type":"if","locations":[{"start":{"line":192,"column":4},"end":{"line":194,"column":5}},{"start":{},"end":{}}],"line":192},"16":{"loc":{"start":{"line":192,"column":8},"end":{"line":192,"column":53}},"type":"binary-expr","locations":[{"start":{"line":192,"column":8},"end":{"line":192,"column":16}},{"start":{"line":192,"column":20},"end":{"line":192,"column":53}}],"line":192},"17":{"loc":{"start":{"line":201,"column":4},"end":{"line":207,"column":5}},"type":"if","locations":[{"start":{"line":201,"column":4},"end":{"line":207,"column":5}},{"start":{"line":203,"column":11},"end":{"line":207,"column":5}}],"line":201},"18":{"loc":{"start":{"line":205,"column":25},"end":{"line":205,"column":82}},"type":"cond-expr","locations":[{"start":{"line":205,"column":73},"end":{"line":205,"column":76}},{"start":{"line":205,"column":79},"end":{"line":205,"column":82}}],"line":205},"19":{"loc":{"start":{"line":233,"column":4},"end":{"line":238,"column":5}},"type":"if","locations":[{"start":{"line":233,"column":4},"end":{"line":238,"column":5}},{"start":{"line":235,"column":11},"end":{"line":238,"column":5}}],"line":233},"20":{"loc":{"start":{"line":236,"column":25},"end":{"line":236,"column":82}},"type":"cond-expr","locations":[{"start":{"line":236,"column":73},"end":{"line":236,"column":76}},{"start":{"line":236,"column":79},"end":{"line":236,"column":82}}],"line":236}},"s":{"0":1,"1":1,"2":4,"3":4,"4":4,"5":3,"6":1,"7":1,"8":1,"9":0,"10":0,"11":0,"12":1,"13":8,"14":8,"15":8,"16":8,"17":8,"18":1,"19":8,"20":8,"21":1,"22":0,"23":0,"24":7,"25":0,"26":0,"27":8,"28":8,"29":1,"30":2,"31":2,"32":2,"33":0,"34":2,"35":2,"36":0,"37":2,"38":2,"39":0,"40":0,"41":1,"42":2,"43":2,"44":2,"45":2,"46":1,"47":1,"48":1,"49":0,"50":1,"51":1,"52":0,"53":0,"54":1,"55":1,"56":1,"57":1,"58":1,"59":0,"60":1,"61":1,"62":0,"63":0},"f":{"0":4,"1":8,"2":2,"3":2,"4":1},"b":{"0":[3,1],"1":[4,3,1],"2":[1,0],"3":[6],"4":[6],"5":[8,1],"6":[1,7],"7":[0,0],"8":[0,0],"9":[1,7],"10":[0,2],"11":[2,2],"12":[0,2],"13":[2,0],"14":[0,0],"15":[1,1],"16":[2,2],"17":[0,1],"18":[1,0],"19":[0,1],"20":[1,0]},"_coverageSchema":"1a1c01bbd47fc00a2c39e90264f33305004495a9","hash":"59db3bade3b9cf4f4ae50eae7c5dd473b8aa7ae6"}
,"C:\\Users\\Mikael\\Documents\\GitHub\\SGLM\\functions\\locacoes.js": {"path":"C:\\Users\\Mikael\\Documents\\GitHub\\SGLM\\functions\\locacoes.js","statementMap":{"0":{"start":{"line":11,"column":12},"end":{"line":11,"column":21}},"1":{"start":{"line":13,"column":0},"end":{"line":13,"column":32}},"2":{"start":{"line":16,"column":0},"end":{"line":16,"column":24}},"3":{"start":{"line":19,"column":0},"end":{"line":32,"column":3}},"4":{"start":{"line":20,"column":2},"end":{"line":31,"column":3}},"5":{"start":{"line":21,"column":24},"end":{"line":21,"column":32}},"6":{"start":{"line":22,"column":19},"end":{"line":22,"column":50}},"7":{"start":{"line":23,"column":4},"end":{"line":27,"column":5}},"8":{"start":{"line":24,"column":6},"end":{"line":24,"column":35}},"9":{"start":{"line":26,"column":6},"end":{"line":26,"column":52}},"10":{"start":{"line":29,"column":4},"end":{"line":29,"column":51}},"11":{"start":{"line":30,"column":4},"end":{"line":30,"column":61}},"12":{"start":{"line":35,"column":0},"end":{"line":53,"column":3}},"13":{"start":{"line":36,"column":2},"end":{"line":52,"column":3}},"14":{"start":{"line":37,"column":34},"end":{"line":37,"column":43}},"15":{"start":{"line":40,"column":22},"end":{"line":40,"column":52}},"16":{"start":{"line":43,"column":4},"end":{"line":45,"column":5}},"17":{"start":{"line":44,"column":6},"end":{"line":44,"column":91}},"18":{"start":{"line":47,"column":19},"end":{"line":47,"column":73}},"19":{"start":{"line":48,"column":4},"end":{"line":48,"column":33}},"20":{"start":{"line":50,"column":4},"end":{"line":50,"column":51}},"21":{"start":{"line":51,"column":4},"end":{"line":51,"column":61}},"22":{"start":{"line":56,"column":0},"end":{"line":70,"column":3}},"23":{"start":{"line":57,"column":2},"end":{"line":69,"column":3}},"24":{"start":{"line":58,"column":19},"end":{"line":58,"column":29}},"25":{"start":{"line":59,"column":24},"end":{"line":59,"column":32}},"26":{"start":{"line":60,"column":19},"end":{"line":60,"column":58}},"27":{"start":{"line":61,"column":4},"end":{"line":65,"column":5}},"28":{"start":{"line":62,"column":6},"end":{"line":62,"column":35}},"29":{"start":{"line":64,"column":6},"end":{"line":64,"column":52}},"30":{"start":{"line":67,"column":4},"end":{"line":67,"column":51}},"31":{"start":{"line":68,"column":4},"end":{"line":68,"column":61}},"32":{"start":{"line":73,"column":0},"end":{"line":86,"column":3}},"33":{"start":{"line":74,"column":2},"end":{"line":85,"column":3}},"34":{"start":{"line":75,"column":19},"end":{"line":75,"column":29}},"35":{"start":{"line":76,"column":19},"end":{"line":76,"column":43}},"36":{"start":{"line":77,"column":4},"end":{"line":81,"column":5}},"37":{"start":{"line":78,"column":6},"end":{"line":78,"column":35}},"38":{"start":{"line":80,"column":6},"end":{"line":80,"column":52}},"39":{"start":{"line":83,"column":4},"end":{"line":83,"column":51}},"40":{"start":{"line":84,"column":4},"end":{"line":84,"column":61}}},"fnMap":{"0":{"name":"(anonymous_0)","decl":{"start":{"line":19,"column":14},"end":{"line":19,"column":15}},"loc":{"start":{"line":19,"column":34},"end":{"line":32,"column":1}},"line":19},"1":{"name":"(anonymous_1)","decl":{"start":{"line":35,"column":13},"end":{"line":35,"column":14}},"loc":{"start":{"line":35,"column":33},"end":{"line":53,"column":1}},"line":35},"2":{"name":"(anonymous_2)","decl":{"start":{"line":56,"column":16},"end":{"line":56,"column":17}},"loc":{"start":{"line":56,"column":36},"end":{"line":70,"column":1}},"line":56},"3":{"name":"(anonymous_3)","decl":{"start":{"line":73,"column":19},"end":{"line":73,"column":20}},"loc":{"start":{"line":73,"column":39},"end":{"line":86,"column":1}},"line":73}},"branchMap":{"0":{"loc":{"start":{"line":23,"column":4},"end":{"line":27,"column":5}},"type":"if","locations":[{"start":{"line":23,"column":4},"end":{"line":27,"column":5}},{"start":{"line":25,"column":11},"end":{"line":27,"column":5}}],"line":23},"1":{"loc":{"start":{"line":40,"column":22},"end":{"line":40,"column":52}},"type":"cond-expr","locations":[{"start":{"line":40,"column":31},"end":{"line":40,"column":47}},{"start":{"line":40,"column":50},"end":{"line":40,"column":52}}],"line":40},"2":{"loc":{"start":{"line":43,"column":4},"end":{"line":45,"column":5}},"type":"if","locations":[{"start":{"line":43,"column":4},"end":{"line":45,"column":5}},{"start":{},"end":{}}],"line":43},"3":{"loc":{"start":{"line":61,"column":4},"end":{"line":65,"column":5}},"type":"if","locations":[{"start":{"line":61,"column":4},"end":{"line":65,"column":5}},{"start":{"line":63,"column":11},"end":{"line":65,"column":5}}],"line":61},"4":{"loc":{"start":{"line":77,"column":4},"end":{"line":81,"column":5}},"type":"if","locations":[{"start":{"line":77,"column":4},"end":{"line":81,"column":5}},{"start":{"line":79,"column":11},"end":{"line":81,"column":5}}],"line":77}},"s":{"0":1,"1":1,"2":1,"3":1,"4":6,"5":6,"6":6,"7":6,"8":0,"9":6,"10":0,"11":0,"12":1,"13":10,"14":10,"15":10,"16":10,"17":1,"18":9,"19":0,"20":9,"21":9,"22":1,"23":3,"24":3,"25":3,"26":3,"27":3,"28":0,"29":3,"30":0,"31":0,"32":1,"33":2,"34":2,"35":2,"36":2,"37":0,"38":2,"39":0,"40":0},"f":{"0":6,"1":10,"2":3,"3":2},"b":{"0":[0,6],"1":[5,5],"2":[1,9],"3":[0,3],"4":[0,2]},"_coverageSchema":"1a1c01bbd47fc00a2c39e90264f33305004495a9","hash":"0a31a20a69810316f33cb43619237f7615920d4a"}
,"C:\\Users\\Mikael\\Documents\\GitHub\\SGLM\\functions\\veiculo.js": {"path":"C:\\Users\\Mikael\\Documents\\GitHub\\SGLM\\functions\\veiculo.js","statementMap":{"0":{"start":{"line":7,"column":15},"end":{"line":7,"column":31}},"1":{"start":{"line":31,"column":0},"end":{"line":60,"column":3}},"2":{"start":{"line":32,"column":2},"end":{"line":59,"column":3}},"3":{"start":{"line":33,"column":24},"end":{"line":33,"column":32}},"4":{"start":{"line":41,"column":4},"end":{"line":45,"column":5}},"5":{"start":{"line":42,"column":6},"end":{"line":44,"column":89}},"6":{"start":{"line":48,"column":22},"end":{"line":48,"column":53}},"7":{"start":{"line":50,"column":4},"end":{"line":55,"column":5}},"8":{"start":{"line":52,"column":6},"end":{"line":52,"column":89}},"9":{"start":{"line":54,"column":6},"end":{"line":54,"column":89}},"10":{"start":{"line":57,"column":4},"end":{"line":57,"column":57}},"11":{"start":{"line":58,"column":4},"end":{"line":58,"column":54}},"12":{"start":{"line":74,"column":0},"end":{"line":125,"column":3}},"13":{"start":{"line":75,"column":2},"end":{"line":124,"column":3}},"14":{"start":{"line":76,"column":52},"end":{"line":76,"column":61}},"15":{"start":{"line":79,"column":22},"end":{"line":79,"column":73}},"16":{"start":{"line":81,"column":4},"end":{"line":83,"column":5}},"17":{"start":{"line":82,"column":6},"end":{"line":82,"column":91}},"18":{"start":{"line":86,"column":4},"end":{"line":90,"column":5}},"19":{"start":{"line":87,"column":6},"end":{"line":87,"column":42}},"20":{"start":{"line":89,"column":6},"end":{"line":89,"column":25}},"21":{"start":{"line":93,"column":20},"end":{"line":93,"column":24}},"22":{"start":{"line":94,"column":4},"end":{"line":101,"column":5}},"23":{"start":{"line":96,"column":30},"end":{"line":96,"column":84}},"24":{"start":{"line":97,"column":6},"end":{"line":99,"column":7}},"25":{"start":{"line":98,"column":8},"end":{"line":98,"column":82}},"26":{"start":{"line":100,"column":6},"end":{"line":100,"column":34}},"27":{"start":{"line":104,"column":55},"end":{"line":108,"column":6}},"28":{"start":{"line":111,"column":4},"end":{"line":117,"column":7}},"29":{"start":{"line":119,"column":4},"end":{"line":119,"column":56}},"30":{"start":{"line":120,"column":4},"end":{"line":123,"column":7}},"31":{"start":{"line":144,"column":0},"end":{"line":204,"column":3}},"32":{"start":{"line":145,"column":2},"end":{"line":203,"column":3}},"33":{"start":{"line":146,"column":19},"end":{"line":146,"column":36}},"34":{"start":{"line":147,"column":20},"end":{"line":147,"column":28}},"35":{"start":{"line":149,"column":4},"end":{"line":151,"column":5}},"36":{"start":{"line":150,"column":6},"end":{"line":150,"column":80}},"37":{"start":{"line":154,"column":20},"end":{"line":154,"column":49}},"38":{"start":{"line":155,"column":4},"end":{"line":157,"column":5}},"39":{"start":{"line":156,"column":6},"end":{"line":156,"column":61}},"40":{"start":{"line":162,"column":4},"end":{"line":165,"column":5}},"41":{"start":{"line":163,"column":6},"end":{"line":163,"column":62}},"42":{"start":{"line":164,"column":6},"end":{"line":164,"column":63}},"43":{"start":{"line":164,"column":30},"end":{"line":164,"column":63}},"44":{"start":{"line":167,"column":4},"end":{"line":173,"column":5}},"45":{"start":{"line":168,"column":6},"end":{"line":170,"column":7}},"46":{"start":{"line":169,"column":8},"end":{"line":169,"column":80}},"47":{"start":{"line":171,"column":6},"end":{"line":171,"column":95}},"48":{"start":{"line":172,"column":6},"end":{"line":172,"column":63}},"49":{"start":{"line":172,"column":30},"end":{"line":172,"column":63}},"50":{"start":{"line":175,"column":4},"end":{"line":179,"column":5}},"51":{"start":{"line":177,"column":6},"end":{"line":177,"column":66}},"52":{"start":{"line":178,"column":6},"end":{"line":178,"column":63}},"53":{"start":{"line":178,"column":30},"end":{"line":178,"column":63}},"54":{"start":{"line":193,"column":4},"end":{"line":197,"column":5}},"55":{"start":{"line":194,"column":6},"end":{"line":196,"column":90}},"56":{"start":{"line":199,"column":4},"end":{"line":199,"column":73}},"57":{"start":{"line":201,"column":4},"end":{"line":201,"column":77}},"58":{"start":{"line":202,"column":4},"end":{"line":202,"column":89}},"59":{"start":{"line":217,"column":0},"end":{"line":242,"column":3}},"60":{"start":{"line":218,"column":2},"end":{"line":241,"column":3}},"61":{"start":{"line":219,"column":19},"end":{"line":219,"column":36}},"62":{"start":{"line":221,"column":4},"end":{"line":223,"column":5}},"63":{"start":{"line":222,"column":6},"end":{"line":222,"column":64}},"64":{"start":{"line":226,"column":21},"end":{"line":226,"column":97}},"65":{"start":{"line":228,"column":4},"end":{"line":230,"column":5}},"66":{"start":{"line":229,"column":6},"end":{"line":229,"column":61}},"67":{"start":{"line":232,"column":26},"end":{"line":232,"column":46}},"68":{"start":{"line":235,"column":4},"end":{"line":235,"column":33}},"69":{"start":{"line":237,"column":4},"end":{"line":237,"column":71}},"70":{"start":{"line":239,"column":4},"end":{"line":239,"column":80}},"71":{"start":{"line":240,"column":4},"end":{"line":240,"column":87}}},"fnMap":{"0":{"name":"(anonymous_0)","decl":{"start":{"line":31,"column":17},"end":{"line":31,"column":18}},"loc":{"start":{"line":31,"column":37},"end":{"line":60,"column":1}},"line":31},"1":{"name":"(anonymous_1)","decl":{"start":{"line":74,"column":16},"end":{"line":74,"column":17}},"loc":{"start":{"line":74,"column":36},"end":{"line":125,"column":1}},"line":74},"2":{"name":"(anonymous_2)","decl":{"start":{"line":144,"column":23},"end":{"line":144,"column":24}},"loc":{"start":{"line":144,"column":43},"end":{"line":204,"column":1}},"line":144},"3":{"name":"(anonymous_3)","decl":{"start":{"line":217,"column":26},"end":{"line":217,"column":27}},"loc":{"start":{"line":217,"column":46},"end":{"line":242,"column":1}},"line":217}},"branchMap":{"0":{"loc":{"start":{"line":41,"column":4},"end":{"line":45,"column":5}},"type":"if","locations":[{"start":{"line":41,"column":4},"end":{"line":45,"column":5}},{"start":{},"end":{}}],"line":41},"1":{"loc":{"start":{"line":41,"column":8},"end":{"line":41,"column":88}},"type":"binary-expr","locations":[{"start":{"line":41,"column":8},"end":{"line":41,"column":20}},{"start":{"line":41,"column":24},"end":{"line":41,"column":43}},{"start":{"line":41,"column":47},"end":{"line":41,"column":65}},{"start":{"line":41,"column":69},"end":{"line":41,"column":88}}],"line":41},"2":{"loc":{"start":{"line":50,"column":4},"end":{"line":55,"column":5}},"type":"if","locations":[{"start":{"line":50,"column":4},"end":{"line":55,"column":5}},{"start":{"line":53,"column":11},"end":{"line":55,"column":5}}],"line":50},"3":{"loc":{"start":{"line":76,"column":33},"end":{"line":76,"column":47}},"type":"default-arg","locations":[{"start":{"line":76,"column":43},"end":{"line":76,"column":47}}],"line":76},"4":{"loc":{"start":{"line":79,"column":22},"end":{"line":79,"column":73}},"type":"cond-expr","locations":[{"start":{"line":79,"column":31},"end":{"line":79,"column":68}},{"start":{"line":79,"column":71},"end":{"line":79,"column":73}}],"line":79},"5":{"loc":{"start":{"line":79,"column":40},"end":{"line":79,"column":62}},"type":"binary-expr","locations":[{"start":{"line":79,"column":40},"end":{"line":79,"column":56}},{"start":{"line":79,"column":60},"end":{"line":79,"column":62}}],"line":79},"6":{"loc":{"start":{"line":81,"column":4},"end":{"line":83,"column":5}},"type":"if","locations":[{"start":{"line":81,"column":4},"end":{"line":83,"column":5}},{"start":{},"end":{}}],"line":81},"7":{"loc":{"start":{"line":94,"column":4},"end":{"line":101,"column":5}},"type":"if","locations":[{"start":{"line":94,"column":4},"end":{"line":101,"column":5}},{"start":{},"end":{}}],"line":94},"8":{"loc":{"start":{"line":97,"column":6},"end":{"line":99,"column":7}},"type":"if","locations":[{"start":{"line":97,"column":6},"end":{"line":99,"column":7}},{"start":{},"end":{}}],"line":97},"9":{"loc":{"start":{"line":115,"column":22},"end":{"line":115,"column":51}},"type":"binary-expr","locations":[{"start":{"line":115,"column":22},"end":{"line":115,"column":43}},{"start":{"line":115,"column":47},"end":{"line":115,"column":51}}],"line":115},"10":{"loc":{"start":{"line":122,"column":10},"end":{"line":122,"column":79}},"type":"binary-expr","locations":[{"start":{"line":122,"column":10},"end":{"line":122,"column":48}},{"start":{"line":122,"column":52},"end":{"line":122,"column":79}}],"line":122},"11":{"loc":{"start":{"line":149,"column":4},"end":{"line":151,"column":5}},"type":"if","locations":[{"start":{"line":149,"column":4},"end":{"line":151,"column":5}},{"start":{},"end":{}}],"line":149},"12":{"loc":{"start":{"line":149,"column":8},"end":{"line":149,"column":64}},"type":"binary-expr","locations":[{"start":{"line":149,"column":8},"end":{"line":149,"column":15}},{"start":{"line":149,"column":19},"end":{"line":149,"column":27}},{"start":{"line":149,"column":31},"end":{"line":149,"column":64}}],"line":149},"13":{"loc":{"start":{"line":155,"column":4},"end":{"line":157,"column":5}},"type":"if","locations":[{"start":{"line":155,"column":4},"end":{"line":157,"column":5}},{"start":{},"end":{}}],"line":155},"14":{"loc":{"start":{"line":162,"column":4},"end":{"line":165,"column":5}},"type":"if","locations":[{"start":{"line":162,"column":4},"end":{"line":165,"column":5}},{"start":{},"end":{}}],"line":162},"15":{"loc":{"start":{"line":164,"column":6},"end":{"line":164,"column":63}},"type":"if","locations":[{"start":{"line":164,"column":6},"end":{"line":164,"column":63}},{"start":{},"end":{}}],"line":164},"16":{"loc":{"start":{"line":167,"column":4},"end":{"line":173,"column":5}},"type":"if","locations":[{"start":{"line":167,"column":4},"end":{"line":173,"column":5}},{"start":{},"end":{}}],"line":167},"17":{"loc":{"start":{"line":168,"column":6},"end":{"line":170,"column":7}},"type":"if","locations":[{"start":{"line":168,"column":6},"end":{"line":170,"column":7}},{"start":{},"end":{}}],"line":168},"18":{"loc":{"start":{"line":172,"column":6},"end":{"line":172,"column":63}},"type":"if","locations":[{"start":{"line":172,"column":6},"end":{"line":172,"column":63}},{"start":{},"end":{}}],"line":172},"19":{"loc":{"start":{"line":175,"column":4},"end":{"line":179,"column":5}},"type":"if","locations":[{"start":{"line":175,"column":4},"end":{"line":179,"column":5}},{"start":{},"end":{}}],"line":175},"20":{"loc":{"start":{"line":178,"column":6},"end":{"line":178,"column":63}},"type":"if","locations":[{"start":{"line":178,"column":6},"end":{"line":178,"column":63}},{"start":{},"end":{}}],"line":178},"21":{"loc":{"start":{"line":193,"column":4},"end":{"line":197,"column":5}},"type":"if","locations":[{"start":{"line":193,"column":4},"end":{"line":197,"column":5}},{"start":{},"end":{}}],"line":193},"22":{"loc":{"start":{"line":221,"column":4},"end":{"line":223,"column":5}},"type":"if","locations":[{"start":{"line":221,"column":4},"end":{"line":223,"column":5}},{"start":{},"end":{}}],"line":221},"23":{"loc":{"start":{"line":228,"column":4},"end":{"line":230,"column":5}},"type":"if","locations":[{"start":{"line":228,"column":4},"end":{"line":230,"column":5}},{"start":{},"end":{}}],"line":228}},"s":{"0":1,"1":1,"2":6,"3":6,"4":6,"5":5,"6":1,"7":1,"8":1,"9":0,"10":0,"11":0,"12":1,"13":8,"14":8,"15":8,"16":8,"17":0,"18":8,"19":8,"20":1,"21":8,"22":8,"23":1,"24":1,"25":1,"26":0,"27":7,"28":0,"29":7,"30":7,"31":1,"32":5,"33":5,"34":5,"35":5,"36":1,"37":4,"38":4,"39":4,"40":0,"41":0,"42":0,"43":0,"44":0,"45":0,"46":0,"47":0,"48":0,"49":0,"50":0,"51":0,"52":0,"53":0,"54":0,"55":0,"56":0,"57":0,"58":0,"59":1,"60":1,"61":1,"62":1,"63":0,"64":1,"65":1,"66":1,"67":0,"68":0,"69":0,"70":0,"71":0},"f":{"0":6,"1":8,"2":5,"3":1},"b":{"0":[5,1],"1":[6,5,3,2],"2":[1,0],"3":[6],"4":[3,5],"5":[3,1],"6":[0,8],"7":[1,7],"8":[1,0],"9":[0,0],"10":[7,1],"11":[1,4],"12":[5,5,5],"13":[4,0],"14":[0,0],"15":[0,0],"16":[0,0],"17":[0,0],"18":[0,0],"19":[0,0],"20":[0,0],"21":[0,0],"22":[0,1],"23":[1,0]},"_coverageSchema":"1a1c01bbd47fc00a2c39e90264f33305004495a9","hash":"342b9851922505436bdece1185ef2fdd9ebecde3"}
}
