TN:
SF:cliente.js
FN:33,(anonymous_0)
FN:81,(anonymous_1)
FN:142,(anonymous_2)
FN:197,(anonymous_3)
FN:243,(anonymous_4)
FNF:5
FNH:5
FNDA:14,(anonymous_0)
FNDA:22,(anonymous_1)
FNDA:14,(anonymous_2)
FNDA:17,(anonymous_3)
FNDA:10,(anonymous_4)
DA:7,2
DA:33,2
DA:34,14
DA:35,14
DA:45,14
DA:46,6
DA:52,8
DA:53,2
DA:57,6
DA:59,5
DA:61,3
DA:64,2
DA:68,1
DA:69,1
DA:81,2
DA:82,22
DA:83,22
DA:86,22
DA:89,22
DA:90,22
DA:92,3
DA:96,22
DA:97,22
DA:98,3
DA:99,3
DA:100,2
DA:105,20
DA:112,11
DA:120,11
DA:122,9
DA:123,9
DA:142,2
DA:143,14
DA:144,14
DA:147,14
DA:148,1
DA:155,13
DA:156,1
DA:159,12
DA:161,9
DA:162,3
DA:167,6
DA:168,6
DA:174,3
DA:175,3
DA:197,2
DA:198,17
DA:199,17
DA:200,17
DA:203,17
DA:204,4
DA:208,13
DA:209,1
DA:215,12
DA:217,10
DA:218,5
DA:221,5
DA:222,5
DA:225,2
DA:226,2
DA:243,2
DA:244,10
DA:245,10
DA:248,10
DA:249,1
DA:253,9
DA:255,7
DA:256,2
DA:258,5
DA:259,5
DA:262,2
DA:263,2
LF:72
LH:72
BRDA:45,0,0,6
BRDA:45,0,1,8
BRDA:45,1,0,14
BRDA:45,1,1,13
BRDA:45,1,2,9
BRDA:52,2,0,2
BRDA:52,2,1,6
BRDA:59,3,0,3
BRDA:59,3,1,2
BRDA:83,4,0,16
BRDA:83,5,0,16
BRDA:86,6,0,22
BRDA:86,6,1,3
BRDA:97,7,0,3
BRDA:97,7,1,19
BRDA:99,8,0,2
BRDA:99,8,1,1
BRDA:116,9,0,11
BRDA:116,9,1,10
BRDA:125,10,0,2
BRDA:125,10,1,7
BRDA:147,11,0,1
BRDA:147,11,1,13
BRDA:147,12,0,14
BRDA:147,12,1,14
BRDA:155,13,0,1
BRDA:155,13,1,12
BRDA:161,14,0,3
BRDA:161,14,1,6
BRDA:167,15,0,4
BRDA:167,15,1,2
BRDA:178,16,0,1
BRDA:178,16,1,2
BRDA:203,17,0,4
BRDA:203,17,1,13
BRDA:203,18,0,17
BRDA:203,18,1,16
BRDA:208,19,0,1
BRDA:208,19,1,12
BRDA:217,20,0,5
BRDA:217,20,1,5
BRDA:221,21,0,3
BRDA:221,21,1,2
BRDA:248,22,0,1
BRDA:248,22,1,9
BRDA:255,23,0,2
BRDA:255,23,1,5
BRDA:258,24,0,3
BRDA:258,24,1,2
BRF:49
BRH:49
end_of_record
TN:
SF:contrato.js
FN:26,(anonymous_0)
FN:65,(anonymous_1)
FNF:2
FNH:2
FNDA:5,(anonymous_0)
FNDA:4,(anonymous_1)
DA:7,2
DA:26,2
DA:27,5
DA:28,5
DA:31,5
DA:32,1
DA:39,4
DA:41,3
DA:42,1
DA:44,2
DA:45,2
DA:50,1
DA:51,1
DA:65,2
DA:66,4
DA:67,4
DA:69,4
DA:71,3
DA:72,1
DA:74,2
DA:75,2
DA:80,1
DA:81,1
LF:23
LH:23
BRDA:31,0,0,1
BRDA:31,0,1,4
BRDA:31,1,0,5
BRDA:31,1,1,4
BRDA:31,1,2,4
BRDA:41,2,0,1
BRDA:41,2,1,2
BRDA:44,3,0,1
BRDA:44,3,1,1
BRDA:71,4,0,1
BRDA:71,4,1,2
BRDA:74,5,0,1
BRDA:74,5,1,1
BRF:13
BRH:13
end_of_record
TN:
SF:fornecedores.js
FN:26,(anonymous_0)
FN:67,(anonymous_1)
FNF:2
FNH:2
FNDA:10,(anonymous_0)
FNDA:4,(anonymous_1)
DA:3,2
DA:26,2
DA:27,10
DA:28,10
DA:36,10
DA:37,3
DA:40,7
DA:42,6
DA:44,5
DA:46,1
DA:50,1
DA:51,1
DA:67,2
DA:68,4
DA:75,4
DA:77,0
DA:78,0
LF:17
LH:15
BRDA:36,0,0,3
BRDA:36,0,1,7
BRDA:36,1,0,10
BRDA:36,1,1,9
BRDA:42,2,0,5
BRDA:42,2,1,1
BRF:6
BRH:6
end_of_record
TN:
SF:index.js
FN:36,(anonymous_0)
FNF:1
FNH:1
FNDA:1,(anonymous_0)
DA:12,1
DA:17,1
DA:23,1
DA:36,1
DA:37,1
DA:47,1
DA:56,1
DA:65,1
DA:74,1
DA:83,1
DA:92,1
DA:101,1
DA:114,1
LF:13
LH:13
BRF:0
BRH:0
end_of_record
TN:
SF:locacoes.js
FN:19,(anonymous_0)
FN:35,(anonymous_1)
FN:56,(anonymous_2)
FN:93,(anonymous_3)
FN:110,(anonymous_4)
FNF:5
FNH:5
FNDA:9,(anonymous_0)
FNDA:13,(anonymous_1)
FNDA:5,(anonymous_2)
FNDA:6,(anonymous_3)
FNDA:5,(anonymous_4)
DA:11,2
DA:13,2
DA:16,2
DA:19,2
DA:20,9
DA:21,9
DA:22,9
DA:23,8
DA:24,1
DA:26,7
DA:29,1
DA:30,1
DA:35,2
DA:36,13
DA:37,13
DA:40,13
DA:43,13
DA:44,2
DA:47,11
DA:48,1
DA:50,10
DA:51,10
DA:56,2
DA:57,5
DA:58,5
DA:61,5
DA:62,0
DA:68,5
DA:70,3
DA:71,1
DA:76,2
DA:77,2
DA:83,2
DA:84,2
DA:93,2
DA:94,6
DA:95,6
DA:96,6
DA:97,6
DA:98,5
DA:99,1
DA:101,4
DA:104,1
DA:105,1
DA:110,2
DA:111,5
DA:112,5
DA:113,5
DA:114,4
DA:115,1
DA:117,3
DA:120,1
DA:121,1
LF:53
LH:52
BRDA:23,0,0,1
BRDA:23,0,1,7
BRDA:40,1,0,6
BRDA:40,1,1,7
BRDA:43,2,0,2
BRDA:43,2,1,11
BRDA:61,3,0,0
BRDA:61,3,1,5
BRDA:61,4,0,5
BRDA:61,4,1,5
BRDA:70,5,0,1
BRDA:70,5,1,2
BRDA:76,6,0,1
BRDA:76,6,1,1
BRDA:87,7,0,1
BRDA:87,7,1,1
BRDA:98,8,0,1
BRDA:98,8,1,4
BRDA:114,9,0,1
BRDA:114,9,1,3
BRF:20
BRH:19
end_of_record
TN:
SF:manutencoes.js
FN:32,(anonymous_0)
FN:74,(anonymous_1)
FN:99,(anonymous_2)
FN:138,(anonymous_3)
FNF:4
FNH:4
FNDA:6,(anonymous_0)
FNDA:3,(anonymous_1)
FNDA:9,(anonymous_2)
FNDA:4,(anonymous_3)
DA:8,2
DA:32,2
DA:33,6
DA:34,6
DA:43,6
DA:44,3
DA:50,3
DA:52,2
DA:54,1
DA:56,1
DA:60,1
DA:61,1
DA:74,2
DA:75,3
DA:76,3
DA:78,2
DA:80,1
DA:81,1
DA:99,2
DA:100,9
DA:101,9
DA:103,9
DA:104,0
DA:107,9
DA:109,8
DA:110,2
DA:113,6
DA:117,5
DA:120,2
DA:121,2
DA:138,2
DA:139,4
DA:140,4
DA:142,4
DA:144,3
DA:145,1
DA:147,2
DA:148,2
DA:151,1
DA:152,1
LF:40
LH:39
BRDA:43,0,0,3
BRDA:43,0,1,3
BRDA:43,1,0,6
BRDA:43,1,1,6
BRDA:43,1,2,4
BRDA:52,2,0,1
BRDA:52,2,1,1
BRDA:103,3,0,0
BRDA:103,3,1,9
BRDA:109,4,0,2
BRDA:109,4,1,6
BRDA:144,5,0,1
BRDA:144,5,1,2
BRDA:147,6,0,1
BRDA:147,6,1,1
BRF:15
BRH:14
end_of_record
TN:
SF:veiculo.js
FN:30,(anonymous_0)
FN:73,(anonymous_1)
FN:90,(anonymous_2)
FN:129,(anonymous_3)
FN:183,(anonymous_4)
FN:220,(anonymous_5)
FNF:6
FNH:6
FNDA:10,(anonymous_0)
FNDA:13,(anonymous_1)
FNDA:2,(anonymous_2)
FNDA:5,(anonymous_3)
FNDA:9,(anonymous_4)
FNDA:4,(anonymous_5)
DA:7,2
DA:30,2
DA:31,10
DA:32,10
DA:40,10
DA:41,6
DA:47,4
DA:49,3
DA:51,2
DA:53,1
DA:56,1
DA:57,1
DA:73,2
DA:74,13
DA:75,13
DA:78,13
DA:79,13
DA:80,4
DA:83,13
DA:84,2
DA:87,11
DA:89,11
DA:90,11
DA:91,2
DA:95,11
DA:96,11
DA:98,2
DA:99,2
DA:100,2
DA:102,0
DA:106,9
DA:113,1
DA:121,8
DA:122,8
DA:129,2
DA:130,5
DA:131,5
DA:134,5
DA:135,0
DA:141,5
DA:143,3
DA:144,1
DA:149,2
DA:150,2
DA:156,2
DA:157,2
DA:183,2
DA:184,9
DA:185,9
DA:186,9
DA:188,9
DA:189,2
DA:193,7
DA:194,6
DA:195,5
DA:198,1
DA:200,1
DA:202,1
DA:204,1
DA:205,1
DA:220,2
DA:221,4
DA:222,4
DA:224,4
DA:225,0
DA:229,4
DA:231,3
DA:232,2
DA:235,1
DA:238,1
DA:240,1
DA:242,1
DA:243,1
LF:73
LH:70
BRDA:40,0,0,6
BRDA:40,0,1,4
BRDA:40,1,0,10
BRDA:40,1,1,9
BRDA:40,1,2,7
BRDA:40,1,3,5
BRDA:49,2,0,2
BRDA:49,2,1,1
BRDA:79,3,0,4
BRDA:79,3,1,9
BRDA:83,4,0,2
BRDA:83,4,1,11
BRDA:91,5,0,2
BRDA:91,5,1,0
BRDA:96,6,0,2
BRDA:96,6,1,9
BRDA:99,7,0,2
BRDA:99,7,1,0
BRDA:117,8,0,1
BRDA:117,8,1,1
BRDA:124,9,0,8
BRDA:124,9,1,2
BRDA:134,10,0,0
BRDA:134,10,1,5
BRDA:134,11,0,5
BRDA:134,11,1,5
BRDA:143,12,0,1
BRDA:143,12,1,2
BRDA:149,13,0,1
BRDA:149,13,1,1
BRDA:160,14,0,1
BRDA:160,14,1,1
BRDA:188,15,0,2
BRDA:188,15,1,7
BRDA:188,16,0,9
BRDA:188,16,1,9
BRDA:188,16,2,9
BRDA:194,17,0,5
BRDA:194,17,1,1
BRDA:224,18,0,0
BRDA:224,18,1,4
BRDA:231,19,0,2
BRDA:231,19,1,1
BRF:43
BRH:39
end_of_record
TN:
SF:vistoria.js
FN:22,(anonymous_0)
FN:75,(anonymous_1)
FNF:2
FNH:2
FNDA:25,(anonymous_0)
FNDA:3,(anonymous_1)
DA:6,2
DA:22,2
DA:23,25
DA:24,25
DA:32,25
DA:41,8
DA:49,17
DA:51,16
DA:53,15
DA:55,1
DA:58,1
DA:59,1
DA:75,2
DA:76,3
DA:83,3
DA:85,0
DA:86,0
LF:17
LH:15
BRDA:32,0,0,8
BRDA:32,0,1,17
BRDA:33,1,0,25
BRDA:33,1,1,24
BRDA:33,1,2,22
BRDA:33,1,3,21
BRDA:33,1,4,20
BRDA:33,1,5,19
BRDA:33,1,6,18
BRDA:33,1,7,18
BRDA:51,2,0,15
BRDA:51,2,1,1
BRF:12
BRH:12
end_of_record
TN:
SF:scripts\firestore\firestoreClientes.js
FN:34,(anonymous_0)
FN:123,(anonymous_1)
FN:147,(anonymous_2)
FN:228,(anonymous_3)
FN:296,(anonymous_4)
FN:320,(anonymous_5)
FN:358,(anonymous_6)
FN:373,(anonymous_7)
FNF:8
FNH:5
FNDA:1,(anonymous_0)
FNDA:7,(anonymous_1)
FNDA:0,(anonymous_2)
FNDA:1,(anonymous_3)
FNDA:2,(anonymous_4)
FNDA:0,(anonymous_5)
FNDA:1,(anonymous_6)
FNDA:0,(anonymous_7)
DA:34,2
DA:35,1
DA:36,1
DA:38,1
DA:40,1
DA:46,1
DA:47,0
DA:51,1
DA:60,1
DA:61,1
DA:64,1
DA:75,1
DA:82,1
DA:83,0
DA:92,1
DA:93,0
DA:104,1
DA:105,1
DA:107,0
DA:108,0
DA:123,2
DA:124,7
DA:125,7
DA:128,0
DA:129,0
DA:134,0
DA:135,0
DA:139,0
DA:140,0
DA:143,0
DA:146,0
DA:148,0
DA:149,0
DA:152,0
DA:153,0
DA:156,0
DA:157,0
DA:158,0
DA:159,0
DA:160,0
DA:168,0
DA:172,0
DA:173,0
DA:174,0
DA:175,0
DA:176,0
DA:177,0
DA:180,0
DA:183,0
DA:187,0
DA:192,7
DA:193,7
DA:228,2
DA:229,1
DA:230,1
DA:231,1
DA:234,1
DA:235,1
DA:236,1
DA:240,0
DA:241,0
DA:242,0
DA:244,0
DA:245,0
DA:248,0
DA:249,0
DA:253,0
DA:254,0
DA:259,0
DA:260,0
DA:265,0
DA:266,0
DA:272,0
DA:273,0
DA:278,0
DA:283,0
DA:284,0
DA:286,0
DA:287,0
DA:296,2
DA:297,2
DA:298,2
DA:299,2
DA:302,2
DA:303,2
DA:304,2
DA:307,0
DA:310,0
DA:311,0
DA:314,0
DA:316,0
DA:317,0
DA:318,0
DA:319,0
DA:320,0
DA:321,0
DA:327,0
DA:328,0
DA:329,0
DA:337,0
DA:341,0
DA:342,0
DA:343,0
DA:346,0
DA:348,0
DA:349,0
DA:358,2
DA:359,1
DA:360,1
DA:363,1
DA:364,1
DA:365,1
DA:369,0
DA:370,0
DA:371,0
DA:372,0
DA:373,0
DA:374,0
DA:376,0
DA:380,0
DA:382,0
DA:384,0
DA:385,0
LF:123
LH:40
BRDA:46,0,0,0
BRDA:46,0,1,1
BRDA:82,1,0,0
BRDA:82,1,1,1
BRDA:92,2,0,0
BRDA:92,2,1,1
BRDA:123,3,0,0
BRDA:123,4,0,0
BRDA:123,5,0,0
BRDA:128,6,0,0
BRDA:128,6,1,0
BRDA:134,7,0,0
BRDA:134,7,1,0
BRDA:139,8,0,0
BRDA:139,8,1,0
BRDA:158,9,0,0
BRDA:158,9,1,0
BRDA:174,10,0,0
BRDA:174,10,1,0
BRDA:189,11,0,0
BRDA:189,11,1,0
BRDA:235,12,0,1
BRDA:235,12,1,0
BRDA:241,13,0,0
BRDA:241,13,1,0
BRDA:244,14,0,0
BRDA:244,14,1,0
BRDA:248,15,0,0
BRDA:248,15,1,0
BRDA:253,16,0,0
BRDA:253,16,1,0
BRDA:259,17,0,0
BRDA:259,17,1,0
BRDA:265,18,0,0
BRDA:265,18,1,0
BRDA:272,19,0,0
BRDA:272,19,1,0
BRDA:303,20,0,2
BRDA:303,20,1,0
BRDA:318,21,0,0
BRDA:318,21,1,0
BRDA:327,22,0,0
BRDA:327,22,1,0
BRDA:341,23,0,0
BRDA:341,23,1,0
BRDA:364,24,0,1
BRDA:364,24,1,0
BRF:47
BRH:6
end_of_record
TN:
SF:scripts\firestore\firestoreContratos.js
FN:14,(anonymous_0)
FN:76,(anonymous_1)
FNF:2
FNH:2
FNDA:4,(anonymous_0)
FNDA:3,(anonymous_1)
DA:14,2
DA:15,4
DA:17,4
DA:18,4
DA:19,1
DA:21,3
DA:23,3
DA:24,3
DA:25,1
DA:29,2
DA:61,2
DA:63,1
DA:65,1
DA:66,1
DA:76,2
DA:77,3
DA:78,3
DA:79,3
DA:81,2
DA:82,1
DA:84,1
DA:86,1
DA:87,1
LF:23
LH:23
BRDA:18,0,0,1
BRDA:18,0,1,3
BRDA:24,1,0,1
BRDA:24,1,1,2
BRDA:81,2,0,1
BRDA:81,2,1,1
BRF:6
BRH:6
end_of_record
TN:
SF:scripts\firestore\firestoreFornecedores.js
FN:14,(anonymous_0)
FN:46,(anonymous_1)
FN:86,(anonymous_2)
FN:105,(anonymous_3)
FN:122,(anonymous_4)
FNF:5
FNH:2
FNDA:6,(anonymous_0)
FNDA:6,(anonymous_1)
FNDA:0,(anonymous_2)
FNDA:0,(anonymous_3)
FNDA:0,(anonymous_4)
DA:14,2
DA:15,6
DA:16,6
DA:17,6
DA:20,6
DA:26,5
DA:27,1
DA:31,4
DA:42,3
DA:43,3
DA:46,3
DA:47,6
DA:48,6
DA:55,3
DA:56,3
DA:63,3
DA:64,3
DA:70,3
DA:71,3
DA:73,3
DA:74,3
DA:86,2
DA:87,0
DA:88,0
DA:91,0
DA:92,0
DA:95,0
DA:96,0
DA:100,0
DA:101,0
DA:104,0
DA:105,0
DA:107,0
DA:112,0
DA:113,0
DA:122,2
DA:123,0
DA:125,0
LF:38
LH:23
BRDA:26,0,0,1
BRDA:26,0,1,4
BRDA:55,1,0,3
BRDA:55,1,1,0
BRDA:63,2,0,3
BRDA:63,2,1,0
BRDA:86,3,0,0
BRDA:86,4,0,0
BRDA:86,5,0,0
BRDA:91,6,0,0
BRDA:91,6,1,0
BRDA:95,7,0,0
BRDA:95,7,1,0
BRDA:100,8,0,0
BRDA:100,8,1,0
BRDA:109,9,0,0
BRDA:109,9,1,0
BRDA:125,10,0,0
BRDA:125,10,1,0
BRF:19
BRH:4
end_of_record
TN:
SF:scripts\firestore\firestoreLocacoes.js
FN:15,(anonymous_0)
FN:47,(anonymous_1)
FN:94,(anonymous_2)
FN:104,(anonymous_3)
FN:126,(anonymous_4)
FN:151,(anonymous_5)
FN:184,(anonymous_6)
FN:215,(anonymous_7)
FN:225,(anonymous_8)
FNF:9
FNH:4
FNDA:6,(anonymous_0)
FNDA:0,(anonymous_1)
FNDA:9,(anonymous_2)
FNDA:0,(anonymous_3)
FNDA:0,(anonymous_4)
FNDA:3,(anonymous_5)
FNDA:2,(anonymous_6)
FNDA:0,(anonymous_7)
FNDA:0,(anonymous_8)
DA:15,1
DA:16,6
DA:17,6
DA:20,5
DA:21,5
DA:23,5
DA:24,5
DA:28,0
DA:29,0
DA:35,0
DA:36,0
DA:39,0
DA:40,0
DA:42,0
DA:43,0
DA:47,0
DA:48,0
DA:49,0
DA:53,0
DA:56,0
DA:75,0
DA:80,0
DA:82,6
DA:83,6
DA:94,1
DA:95,9
DA:96,9
DA:98,0
DA:99,0
DA:100,0
DA:103,0
DA:104,0
DA:111,0
DA:116,9
DA:117,9
DA:126,1
DA:127,0
DA:128,0
DA:130,0
DA:131,0
DA:134,0
DA:135,0
DA:136,0
DA:138,0
DA:140,0
DA:141,0
DA:151,1
DA:152,3
DA:153,3
DA:154,3
DA:156,3
DA:157,3
DA:160,0
DA:163,0
DA:164,0
DA:166,0
DA:167,0
DA:170,0
DA:172,0
DA:174,3
DA:175,3
DA:184,1
DA:185,2
DA:186,2
DA:187,2
DA:189,2
DA:190,2
DA:193,0
DA:196,0
DA:197,0
DA:198,0
DA:205,0
DA:207,0
DA:209,2
DA:210,2
DA:215,1
DA:216,0
DA:217,0
DA:225,1
DA:226,0
DA:227,0
LF:81
LH:33
BRDA:23,0,0,5
BRDA:23,0,1,0
BRDA:35,1,0,0
BRDA:35,1,1,0
BRDA:42,2,0,0
BRDA:42,2,1,0
BRDA:94,3,0,0
BRDA:94,4,0,6
BRDA:98,5,0,0
BRDA:98,5,1,0
BRDA:113,6,0,0
BRDA:113,6,1,0
BRDA:130,7,0,0
BRDA:130,7,1,0
BRDA:156,8,0,3
BRDA:156,8,1,0
BRDA:163,9,0,0
BRDA:163,9,1,0
BRDA:166,10,0,0
BRDA:166,10,1,0
BRDA:189,11,0,2
BRDA:189,11,1,0
BRDA:196,12,0,0
BRDA:196,12,1,0
BRDA:196,13,0,0
BRDA:196,13,1,0
BRF:26
BRH:4
end_of_record
TN:
SF:scripts\firestore\firestoreManutencao.js
FN:14,(anonymous_0)
FN:71,(anonymous_1)
FN:84,(anonymous_2)
FN:106,(anonymous_3)
FN:121,(anonymous_4)
FN:141,(anonymous_5)
FNF:6
FNH:6
FNDA:3,(anonymous_0)
FNDA:2,(anonymous_1)
FNDA:2,(anonymous_2)
FNDA:1,(anonymous_3)
FNDA:1,(anonymous_4)
FNDA:3,(anonymous_5)
DA:14,2
DA:15,3
DA:16,3
DA:19,3
DA:20,3
DA:26,3
DA:27,1
DA:30,2
DA:31,2
DA:34,2
DA:37,2
DA:50,1
DA:56,1
DA:58,2
DA:59,2
DA:71,2
DA:72,2
DA:73,2
DA:78,2
DA:79,0
DA:82,2
DA:84,2
DA:89,2
DA:93,0
DA:94,0
DA:106,2
DA:107,1
DA:108,1
DA:115,1
DA:116,0
DA:119,1
DA:121,1
DA:126,1
DA:131,0
DA:132,0
DA:141,2
DA:142,3
DA:143,3
DA:146,3
DA:147,3
DA:148,1
DA:152,2
DA:154,1
DA:156,1
DA:157,1
LF:45
LH:39
BRDA:26,0,0,1
BRDA:26,0,1,2
BRDA:71,1,0,2
BRDA:71,2,0,2
BRDA:71,3,0,2
BRDA:78,4,0,0
BRDA:78,4,1,2
BRDA:106,5,0,1
BRDA:106,6,0,1
BRDA:106,7,0,1
BRDA:115,8,0,0
BRDA:115,8,1,1
BRDA:128,9,0,1
BRDA:128,9,1,0
BRDA:147,10,0,1
BRDA:147,10,1,2
BRF:16
BRH:13
end_of_record
TN:
SF:scripts\firestore\firestoreServicosAdicionais.js
FN:13,(anonymous_0)
FN:48,(anonymous_1)
FN:75,(anonymous_2)
FNF:3
FNH:0
FNDA:0,(anonymous_0)
FNDA:0,(anonymous_1)
FNDA:0,(anonymous_2)
DA:13,0
DA:14,0
DA:15,0
DA:17,0
DA:20,0
DA:28,0
DA:30,0
DA:31,0
DA:48,0
DA:49,0
DA:50,0
DA:53,0
DA:54,0
DA:57,0
DA:58,0
DA:61,0
DA:62,0
DA:65,0
DA:66,0
DA:70,0
DA:71,0
DA:74,0
DA:75,0
DA:77,0
DA:82,0
DA:83,0
LF:26
LH:0
BRDA:48,0,0,0
BRDA:48,1,0,0
BRDA:48,2,0,0
BRDA:53,3,0,0
BRDA:53,3,1,0
BRDA:57,4,0,0
BRDA:57,4,1,0
BRDA:61,5,0,0
BRDA:61,5,1,0
BRDA:65,6,0,0
BRDA:65,6,1,0
BRDA:70,7,0,0
BRDA:70,7,1,0
BRDA:79,8,0,0
BRDA:79,8,1,0
BRF:15
BRH:0
end_of_record
TN:
SF:scripts\firestore\firestoreUtils.js
FN:4,(anonymous_0)
FN:13,(anonymous_1)
FNF:2
FNH:0
FNDA:0,(anonymous_0)
FNDA:0,(anonymous_1)
DA:4,0
DA:5,0
DA:9,0
DA:13,0
DA:14,0
LF:5
LH:0
BRDA:7,0,0,0
BRDA:7,0,1,0
BRF:2
BRH:0
end_of_record
TN:
SF:scripts\firestore\firestoreVeiculos.js
FN:10,(anonymous_0)
FN:73,(anonymous_1)
FN:100,(anonymous_2)
FN:143,(anonymous_3)
FN:152,(anonymous_4)
FN:183,(anonymous_5)
FNF:6
FNH:3
FNDA:1,(anonymous_0)
FNDA:0,(anonymous_1)
FNDA:0,(anonymous_2)
FNDA:4,(anonymous_3)
FNDA:6,(anonymous_4)
FNDA:0,(anonymous_5)
DA:10,1
DA:11,1
DA:12,1
DA:13,1
DA:16,1
DA:22,1
DA:23,0
DA:27,1
DA:63,1
DA:65,0
DA:66,0
DA:73,1
DA:74,0
DA:76,0
DA:78,0
DA:79,0
DA:83,0
DA:84,0
DA:85,0
DA:87,0
DA:89,0
DA:90,0
DA:100,1
DA:101,0
DA:102,0
DA:103,0
DA:107,0
DA:109,0
DA:110,0
DA:114,0
DA:117,0
DA:120,0
DA:121,0
DA:122,0
DA:123,0
DA:124,0
DA:125,0
DA:128,0
DA:133,0
DA:135,0
DA:136,0
DA:143,1
DA:144,4
DA:146,4
DA:152,1
DA:153,6
DA:154,6
DA:156,6
DA:157,6
DA:161,0
DA:162,0
DA:165,0
DA:166,0
DA:169,0
DA:170,0
DA:173,0
DA:174,0
DA:178,0
DA:179,0
DA:182,0
DA:183,0
DA:184,0
DA:185,0
DA:191,0
DA:196,6
DA:197,6
LF:66
LH:20
BRDA:22,0,0,0
BRDA:22,0,1,1
BRDA:48,1,0,1
BRDA:48,1,1,1
BRDA:78,2,0,0
BRDA:78,2,1,0
BRDA:102,3,0,0
BRDA:102,3,1,0
BRDA:102,4,0,0
BRDA:102,4,1,0
BRDA:102,4,2,0
BRDA:109,5,0,0
BRDA:109,5,1,0
BRDA:120,6,0,0
BRDA:120,6,1,0
BRDA:121,7,0,0
BRDA:121,7,1,0
BRDA:122,8,0,0
BRDA:122,8,1,0
BRDA:123,9,0,0
BRDA:123,9,1,0
BRDA:124,10,0,0
BRDA:124,10,1,0
BRDA:125,11,0,0
BRDA:125,11,1,0
BRDA:146,12,0,4
BRDA:146,12,1,0
BRDA:152,13,0,0
BRDA:152,14,0,0
BRDA:152,15,0,0
BRDA:156,16,0,6
BRDA:156,16,1,0
BRDA:156,17,0,6
BRDA:156,17,1,6
BRDA:156,17,2,6
BRDA:156,17,3,6
BRDA:161,18,0,0
BRDA:161,18,1,0
BRDA:165,19,0,0
BRDA:165,19,1,0
BRDA:169,20,0,0
BRDA:169,20,1,0
BRDA:173,21,0,0
BRDA:173,21,1,0
BRDA:178,22,0,0
BRDA:178,22,1,0
BRDA:193,23,0,0
BRDA:193,23,1,0
BRF:48
BRH:9
end_of_record
TN:
SF:scripts\firestore\firestoreVistoria.js
FN:16,(anonymous_0)
FN:58,(anonymous_1)
FN:73,(anonymous_2)
FNF:3
FNH:1
FNDA:1,(anonymous_0)
FNDA:0,(anonymous_1)
FNDA:0,(anonymous_2)
DA:16,1
DA:17,1
DA:18,1
DA:20,1
DA:22,1
DA:23,0
DA:27,1
DA:41,1
DA:43,0
DA:44,0
DA:58,1
DA:59,0
DA:60,0
DA:62,0
DA:63,0
DA:64,0
DA:68,0
DA:69,0
DA:72,0
DA:73,0
DA:75,0
DA:81,0
DA:82,0
LF:23
LH:8
BRDA:22,0,0,0
BRDA:22,0,1,1
BRDA:22,1,0,1
BRDA:22,1,1,1
BRDA:22,1,2,1
BRDA:22,1,3,1
BRDA:22,1,4,1
BRDA:58,2,0,0
BRDA:58,3,0,0
BRDA:58,4,0,0
BRDA:62,5,0,0
BRDA:62,5,1,0
BRDA:68,6,0,0
BRDA:68,6,1,0
BRDA:78,7,0,0
BRDA:78,7,1,0
BRF:16
BRH:6
end_of_record
