TN:
SF:cliente.js
FN:32,(anonymous_0)
FN:70,(anonymous_1)
FN:127,(anonymous_2)
FN:182,(anonymous_3)
FN:222,(anonymous_4)
FNF:5
FNH:5
FNDA:14,(anonymous_0)
FNDA:22,(anonymous_1)
FNDA:14,(anonymous_2)
FNDA:17,(anonymous_3)
FNDA:11,(anonymous_4)
DA:7,2
DA:32,2
DA:33,14
DA:34,14
DA:36,14
DA:37,6
DA:43,8
DA:45,8
DA:46,2
DA:49,6
DA:51,5
DA:52,3
DA:54,2
DA:57,1
DA:58,1
DA:70,2
DA:71,22
DA:72,22
DA:74,22
DA:77,22
DA:78,22
DA:80,3
DA:83,22
DA:84,22
DA:85,3
DA:86,3
DA:87,2
DA:91,20
DA:97,11
DA:105,11
DA:107,9
DA:108,9
DA:127,2
DA:128,14
DA:129,14
DA:132,14
DA:133,1
DA:140,13
DA:141,1
DA:144,12
DA:146,9
DA:147,3
DA:152,6
DA:153,6
DA:159,3
DA:160,3
DA:182,2
DA:183,17
DA:184,17
DA:185,17
DA:187,17
DA:188,4
DA:191,13
DA:192,1
DA:195,12
DA:197,10
DA:198,5
DA:200,5
DA:201,5
DA:204,2
DA:205,2
DA:222,2
DA:223,11
DA:224,11
DA:227,11
DA:228,1
DA:232,10
DA:234,8
DA:235,2
DA:237,6
DA:238,6
DA:241,2
DA:242,2
LF:73
LH:73
BRDA:36,0,0,6
BRDA:36,0,1,8
BRDA:36,1,0,14
BRDA:36,1,1,13
BRDA:36,1,2,9
BRDA:45,2,0,2
BRDA:45,2,1,6
BRDA:51,3,0,3
BRDA:51,3,1,2
BRDA:72,4,0,16
BRDA:72,5,0,16
BRDA:74,6,0,22
BRDA:74,6,1,3
BRDA:84,7,0,3
BRDA:84,7,1,19
BRDA:86,8,0,2
BRDA:86,8,1,1
BRDA:101,9,0,11
BRDA:101,9,1,10
BRDA:110,10,0,2
BRDA:110,10,1,7
BRDA:132,11,0,1
BRDA:132,11,1,13
BRDA:132,12,0,14
BRDA:132,12,1,14
BRDA:140,13,0,1
BRDA:140,13,1,12
BRDA:146,14,0,3
BRDA:146,14,1,6
BRDA:152,15,0,4
BRDA:152,15,1,2
BRDA:163,16,0,1
BRDA:163,16,1,2
BRDA:187,17,0,4
BRDA:187,17,1,13
BRDA:187,18,0,17
BRDA:187,18,1,16
BRDA:191,19,0,1
BRDA:191,19,1,12
BRDA:197,20,0,5
BRDA:197,20,1,5
BRDA:200,21,0,3
BRDA:200,21,1,2
BRDA:227,22,0,1
BRDA:227,22,1,10
BRDA:234,23,0,2
BRDA:234,23,1,6
BRDA:237,24,0,3
BRDA:237,24,1,3
BRF:49
BRH:49
end_of_record
TN:
SF:contrato.js
FN:26,(anonymous_0)
FN:65,(anonymous_1)
FNF:2
FNH:2
FNDA:5,(anonymous_0)
FNDA:4,(anonymous_1)
DA:7,2
DA:26,2
DA:27,5
DA:28,5
DA:31,5
DA:32,1
DA:39,4
DA:41,3
DA:42,1
DA:44,2
DA:45,2
DA:50,1
DA:51,1
DA:65,2
DA:66,4
DA:67,4
DA:69,4
DA:71,3
DA:72,1
DA:74,2
DA:75,2
DA:80,1
DA:81,1
LF:23
LH:23
BRDA:31,0,0,1
BRDA:31,0,1,4
BRDA:31,1,0,5
BRDA:31,1,1,4
BRDA:31,1,2,4
BRDA:41,2,0,1
BRDA:41,2,1,2
BRDA:44,3,0,1
BRDA:44,3,1,1
BRDA:71,4,0,1
BRDA:71,4,1,2
BRDA:74,5,0,1
BRDA:74,5,1,1
BRF:13
BRH:13
end_of_record
TN:
SF:fornecedores.js
FN:25,(anonymous_0)
FN:60,(anonymous_1)
FNF:2
FNH:2
FNDA:10,(anonymous_0)
FNDA:4,(anonymous_1)
DA:2,2
DA:25,2
DA:26,10
DA:27,10
DA:33,10
DA:34,3
DA:37,7
DA:39,6
DA:40,5
DA:42,1
DA:45,1
DA:46,1
DA:60,2
DA:61,4
DA:68,4
DA:70,0
DA:71,0
LF:17
LH:15
BRDA:33,0,0,3
BRDA:33,0,1,7
BRDA:33,1,0,10
BRDA:33,1,1,9
BRDA:39,2,0,5
BRDA:39,2,1,1
BRF:6
BRH:6
end_of_record
TN:
SF:index.js
FN:34,(anonymous_0)
FNF:1
FNH:1
FNDA:1,(anonymous_0)
DA:11,1
DA:16,1
DA:22,1
DA:34,1
DA:35,1
DA:44,1
DA:52,1
DA:60,1
DA:68,1
DA:76,1
DA:84,1
DA:93,1
DA:106,1
LF:13
LH:13
BRF:0
BRH:0
end_of_record
TN:
SF:locacoes.js
FN:17,(anonymous_0)
FN:32,(anonymous_1)
FN:50,(anonymous_2)
FN:85,(anonymous_3)
FN:101,(anonymous_4)
FNF:5
FNH:5
FNDA:9,(anonymous_0)
FNDA:13,(anonymous_1)
FNDA:5,(anonymous_2)
FNDA:6,(anonymous_3)
FNDA:5,(anonymous_4)
DA:11,2
DA:13,2
DA:15,2
DA:17,2
DA:18,9
DA:19,9
DA:20,9
DA:21,8
DA:22,1
DA:24,7
DA:27,1
DA:28,1
DA:32,2
DA:33,13
DA:34,13
DA:36,13
DA:37,13
DA:38,2
DA:41,11
DA:42,1
DA:44,10
DA:45,10
DA:50,2
DA:51,5
DA:52,5
DA:54,5
DA:55,0
DA:61,5
DA:63,3
DA:64,1
DA:69,2
DA:70,2
DA:76,2
DA:77,2
DA:85,2
DA:86,6
DA:87,6
DA:88,6
DA:89,6
DA:90,5
DA:91,1
DA:93,4
DA:96,1
DA:97,1
DA:101,2
DA:102,5
DA:103,5
DA:104,5
DA:105,4
DA:106,1
DA:108,3
DA:111,1
DA:112,1
LF:53
LH:52
BRDA:21,0,0,1
BRDA:21,0,1,7
BRDA:36,1,0,6
BRDA:36,1,1,7
BRDA:37,2,0,2
BRDA:37,2,1,11
BRDA:54,3,0,0
BRDA:54,3,1,5
BRDA:54,4,0,5
BRDA:54,4,1,5
BRDA:63,5,0,1
BRDA:63,5,1,2
BRDA:69,6,0,1
BRDA:69,6,1,1
BRDA:80,7,0,1
BRDA:80,7,1,1
BRDA:90,8,0,1
BRDA:90,8,1,4
BRDA:105,9,0,1
BRDA:105,9,1,3
BRF:20
BRH:19
end_of_record
TN:
SF:manutencoes.js
FN:32,(anonymous_0)
FN:74,(anonymous_1)
FN:99,(anonymous_2)
FN:135,(anonymous_3)
FN:165,(anonymous_4)
FNF:5
FNH:4
FNDA:6,(anonymous_0)
FNDA:3,(anonymous_1)
FNDA:9,(anonymous_2)
FNDA:4,(anonymous_3)
FNDA:0,(anonymous_4)
DA:8,2
DA:32,2
DA:33,6
DA:34,6
DA:43,6
DA:44,3
DA:50,3
DA:52,2
DA:54,1
DA:56,1
DA:60,1
DA:61,1
DA:74,2
DA:75,3
DA:76,3
DA:78,2
DA:80,1
DA:81,1
DA:99,2
DA:100,9
DA:101,9
DA:103,9
DA:104,0
DA:107,9
DA:109,8
DA:110,2
DA:113,6
DA:115,5
DA:117,2
DA:118,2
DA:135,2
DA:136,4
DA:137,4
DA:139,4
DA:141,3
DA:142,1
DA:144,2
DA:145,2
DA:148,1
DA:149,1
DA:165,2
DA:166,0
DA:167,0
DA:169,0
DA:171,0
DA:172,0
DA:174,0
DA:175,0
DA:178,0
DA:179,0
LF:50
LH:40
BRDA:43,0,0,3
BRDA:43,0,1,3
BRDA:43,1,0,6
BRDA:43,1,1,6
BRDA:43,1,2,4
BRDA:52,2,0,1
BRDA:52,2,1,1
BRDA:103,3,0,0
BRDA:103,3,1,9
BRDA:109,4,0,2
BRDA:109,4,1,6
BRDA:141,5,0,1
BRDA:141,5,1,2
BRDA:144,6,0,1
BRDA:144,6,1,1
BRDA:171,7,0,0
BRDA:171,7,1,0
BRDA:174,8,0,0
BRDA:174,8,1,0
BRF:19
BRH:14
end_of_record
TN:
SF:veiculo.js
FN:29,(anonymous_0)
FN:69,(anonymous_1)
FN:86,(anonymous_2)
FN:121,(anonymous_3)
FN:175,(anonymous_4)
FN:211,(anonymous_5)
FNF:6
FNH:6
FNDA:10,(anonymous_0)
FNDA:13,(anonymous_1)
FNDA:2,(anonymous_2)
FNDA:5,(anonymous_3)
FNDA:9,(anonymous_4)
FNDA:4,(anonymous_5)
DA:7,2
DA:29,2
DA:30,10
DA:31,10
DA:38,10
DA:39,6
DA:44,4
DA:46,3
DA:47,2
DA:49,1
DA:52,1
DA:53,1
DA:69,2
DA:70,13
DA:71,13
DA:74,13
DA:75,13
DA:76,4
DA:79,13
DA:80,2
DA:83,11
DA:85,11
DA:86,11
DA:87,2
DA:90,11
DA:91,11
DA:92,2
DA:93,2
DA:94,2
DA:96,0
DA:99,9
DA:105,1
DA:113,8
DA:114,8
DA:121,2
DA:122,5
DA:123,5
DA:126,5
DA:127,0
DA:133,5
DA:135,3
DA:136,1
DA:141,2
DA:142,2
DA:148,2
DA:149,2
DA:175,2
DA:176,9
DA:177,9
DA:178,9
DA:180,9
DA:181,2
DA:184,7
DA:185,6
DA:186,5
DA:189,1
DA:191,1
DA:193,1
DA:195,1
DA:196,1
DA:211,2
DA:212,4
DA:213,4
DA:215,4
DA:216,0
DA:220,4
DA:222,3
DA:223,2
DA:226,1
DA:228,1
DA:230,1
DA:232,1
DA:233,1
LF:73
LH:70
BRDA:38,0,0,6
BRDA:38,0,1,4
BRDA:38,1,0,10
BRDA:38,1,1,9
BRDA:38,1,2,7
BRDA:38,1,3,5
BRDA:46,2,0,2
BRDA:46,2,1,1
BRDA:75,3,0,4
BRDA:75,3,1,9
BRDA:79,4,0,2
BRDA:79,4,1,11
BRDA:87,5,0,2
BRDA:87,5,1,0
BRDA:91,6,0,2
BRDA:91,6,1,9
BRDA:93,7,0,2
BRDA:93,7,1,0
BRDA:109,8,0,1
BRDA:109,8,1,1
BRDA:116,9,0,8
BRDA:116,9,1,2
BRDA:126,10,0,0
BRDA:126,10,1,5
BRDA:126,11,0,5
BRDA:126,11,1,5
BRDA:135,12,0,1
BRDA:135,12,1,2
BRDA:141,13,0,1
BRDA:141,13,1,1
BRDA:152,14,0,1
BRDA:152,14,1,1
BRDA:180,15,0,2
BRDA:180,15,1,7
BRDA:180,16,0,9
BRDA:180,16,1,9
BRDA:180,16,2,9
BRDA:185,17,0,5
BRDA:185,17,1,1
BRDA:215,18,0,0
BRDA:215,18,1,4
BRDA:222,19,0,2
BRDA:222,19,1,1
BRF:43
BRH:39
end_of_record
TN:
SF:vistoria.js
FN:22,(anonymous_0)
FN:71,(anonymous_1)
FNF:2
FNH:2
FNDA:25,(anonymous_0)
FNDA:3,(anonymous_1)
DA:6,2
DA:22,2
DA:23,25
DA:24,25
DA:32,25
DA:41,8
DA:48,17
DA:50,16
DA:51,15
DA:53,1
DA:56,1
DA:57,1
DA:71,2
DA:72,3
DA:79,3
DA:81,0
DA:82,0
LF:17
LH:15
BRDA:32,0,0,8
BRDA:32,0,1,17
BRDA:33,1,0,25
BRDA:33,1,1,24
BRDA:33,1,2,22
BRDA:33,1,3,21
BRDA:33,1,4,20
BRDA:33,1,5,19
BRDA:33,1,6,18
BRDA:33,1,7,18
BRDA:50,2,0,15
BRDA:50,2,1,1
BRF:12
BRH:12
end_of_record
TN:
SF:scripts\firestore\firestoreClientes.js
FN:34,(anonymous_0)
FN:112,(anonymous_1)
FN:121,(anonymous_2)
FN:142,(anonymous_3)
FN:160,(anonymous_4)
FN:181,(anonymous_5)
FN:204,(anonymous_6)
FN:276,(anonymous_7)
FN:340,(anonymous_8)
FN:364,(anonymous_9)
FN:403,(anonymous_10)
FN:432,(anonymous_11)
FNF:12
FNH:12
FNDA:5,(anonymous_0)
FNDA:9,(anonymous_1)
FNDA:9,(anonymous_2)
FNDA:9,(anonymous_3)
FNDA:9,(anonymous_4)
FNDA:4,(anonymous_5)
FNDA:18,(anonymous_6)
FNDA:8,(anonymous_7)
FNDA:5,(anonymous_8)
FNDA:3,(anonymous_9)
FNDA:6,(anonymous_10)
FNDA:8,(anonymous_11)
DA:34,3
DA:35,5
DA:36,5
DA:38,5
DA:40,5
DA:46,4
DA:47,1
DA:50,3
DA:58,3
DA:59,3
DA:61,3
DA:71,3
DA:77,3
DA:78,1
DA:87,3
DA:88,1
DA:99,3
DA:100,3
DA:102,2
DA:103,2
DA:112,3
DA:113,9
DA:121,3
DA:122,9
DA:123,9
DA:124,7
DA:125,0
DA:126,0
DA:133,2
DA:142,3
DA:143,9
DA:144,9
DA:145,7
DA:146,0
DA:147,0
DA:148,0
DA:151,2
DA:160,3
DA:161,9
DA:162,9
DA:165,9
DA:168,9
DA:173,9
DA:181,3
DA:182,4
DA:183,4
DA:185,4
DA:186,1
DA:189,3
DA:190,3
DA:204,3
DA:205,18
DA:207,18
DA:208,4
DA:212,14
DA:214,7
DA:215,1
DA:220,7
DA:221,1
DA:224,7
DA:225,1
DA:228,7
DA:231,6
DA:235,6
DA:240,8
DA:241,8
DA:276,3
DA:277,8
DA:278,8
DA:279,8
DA:281,8
DA:282,7
DA:283,2
DA:286,5
DA:287,5
DA:288,1
DA:290,5
DA:291,1
DA:293,5
DA:294,1
DA:297,5
DA:298,1
DA:303,5
DA:304,1
DA:309,5
DA:310,1
DA:316,5
DA:317,1
DA:322,1
DA:327,5
DA:328,5
DA:330,1
DA:331,1
DA:340,3
DA:341,5
DA:342,5
DA:343,5
DA:346,5
DA:347,4
DA:348,3
DA:351,1
DA:354,1
DA:355,1
DA:358,1
DA:360,1
DA:361,4
DA:362,4
DA:363,3
DA:364,3
DA:365,3
DA:371,1
DA:372,1
DA:373,1
DA:381,1
DA:385,1
DA:386,1
DA:387,1
DA:390,1
DA:392,1
DA:393,1
DA:403,3
DA:404,6
DA:405,6
DA:407,6
DA:408,5
DA:409,2
DA:413,3
DA:420,3
DA:421,1
DA:428,2
DA:429,2
DA:430,8
DA:431,8
DA:432,8
DA:433,8
DA:435,8
DA:438,2
DA:440,2
DA:442,1
DA:443,1
LF:140
LH:135
BRDA:46,0,0,1
BRDA:46,0,1,3
BRDA:77,1,0,1
BRDA:77,1,1,2
BRDA:87,2,0,1
BRDA:87,2,1,2
BRDA:124,3,0,0
BRDA:124,3,1,7
BRDA:145,4,0,0
BRDA:145,4,1,7
BRDA:185,5,0,1
BRDA:185,5,1,3
BRDA:204,6,0,5
BRDA:204,7,0,10
BRDA:204,8,0,5
BRDA:207,9,0,4
BRDA:207,9,1,14
BRDA:214,10,0,1
BRDA:214,10,1,6
BRDA:220,11,0,1
BRDA:220,11,1,6
BRDA:224,12,0,1
BRDA:224,12,1,6
BRDA:237,13,0,6
BRDA:237,13,1,0
BRDA:282,14,0,2
BRDA:282,14,1,5
BRDA:287,15,0,1
BRDA:287,15,1,4
BRDA:290,16,0,1
BRDA:290,16,1,4
BRDA:293,17,0,1
BRDA:293,17,1,4
BRDA:297,18,0,1
BRDA:297,18,1,4
BRDA:303,19,0,1
BRDA:303,19,1,4
BRDA:309,20,0,1
BRDA:309,20,1,4
BRDA:316,21,0,1
BRDA:316,21,1,4
BRDA:347,22,0,3
BRDA:347,22,1,1
BRDA:362,23,0,3
BRDA:362,23,1,1
BRDA:371,24,0,1
BRDA:371,24,1,0
BRDA:385,25,0,1
BRDA:385,25,1,0
BRDA:408,26,0,2
BRDA:408,26,1,3
BRDA:420,27,0,1
BRDA:420,27,1,2
BRF:53
BRH:48
end_of_record
TN:
SF:scripts\firestore\firestoreContratos.js
FN:14,(anonymous_0)
FN:76,(anonymous_1)
FNF:2
FNH:2
FNDA:4,(anonymous_0)
FNDA:3,(anonymous_1)
DA:14,2
DA:15,4
DA:17,4
DA:18,4
DA:19,1
DA:21,3
DA:23,3
DA:24,3
DA:25,1
DA:29,2
DA:61,2
DA:63,1
DA:65,1
DA:66,1
DA:76,2
DA:77,3
DA:78,3
DA:79,3
DA:81,2
DA:82,1
DA:84,1
DA:86,1
DA:87,1
LF:23
LH:23
BRDA:18,0,0,1
BRDA:18,0,1,3
BRDA:24,1,0,1
BRDA:24,1,1,2
BRDA:81,2,0,1
BRDA:81,2,1,1
BRF:6
BRH:6
end_of_record
TN:
SF:scripts\firestore\firestoreFornecedores.js
FN:14,(anonymous_0)
FN:42,(anonymous_1)
FN:80,(anonymous_2)
FN:97,(anonymous_3)
FN:114,(anonymous_4)
FNF:5
FNH:5
FNDA:6,(anonymous_0)
FNDA:6,(anonymous_1)
FNDA:5,(anonymous_2)
FNDA:5,(anonymous_3)
FNDA:2,(anonymous_4)
DA:14,2
DA:15,6
DA:16,6
DA:17,6
DA:19,6
DA:25,5
DA:26,1
DA:29,4
DA:39,3
DA:40,3
DA:42,3
DA:43,6
DA:44,6
DA:50,3
DA:51,3
DA:57,3
DA:58,3
DA:64,3
DA:65,3
DA:67,3
DA:68,3
DA:80,2
DA:81,5
DA:82,5
DA:84,5
DA:85,1
DA:88,5
DA:89,1
DA:92,5
DA:93,1
DA:96,5
DA:97,5
DA:99,4
DA:104,1
DA:105,1
DA:114,2
DA:115,2
DA:117,2
LF:38
LH:38
BRDA:25,0,0,1
BRDA:25,0,1,4
BRDA:50,1,0,3
BRDA:50,1,1,0
BRDA:57,2,0,3
BRDA:57,2,1,0
BRDA:80,3,0,0
BRDA:80,4,0,4
BRDA:80,5,0,3
BRDA:84,6,0,1
BRDA:84,6,1,4
BRDA:88,7,0,1
BRDA:88,7,1,4
BRDA:92,8,0,1
BRDA:92,8,1,4
BRDA:101,9,0,4
BRDA:101,9,1,0
BRDA:117,10,0,1
BRDA:117,10,1,1
BRF:19
BRH:15
end_of_record
TN:
SF:scripts\firestore\firestoreLocacoes.js
FN:15,(anonymous_0)
FN:48,(anonymous_1)
FN:95,(anonymous_2)
FN:105,(anonymous_3)
FN:127,(anonymous_4)
FN:152,(anonymous_5)
FN:184,(anonymous_6)
FN:218,(anonymous_7)
FN:227,(anonymous_8)
FNF:9
FNH:9
FNDA:10,(anonymous_0)
FNDA:2,(anonymous_1)
FNDA:12,(anonymous_2)
FNDA:2,(anonymous_3)
FNDA:2,(anonymous_4)
FNDA:6,(anonymous_5)
FNDA:6,(anonymous_6)
FNDA:4,(anonymous_7)
FNDA:2,(anonymous_8)
DA:15,2
DA:16,10
DA:17,10
DA:20,9
DA:21,4
DA:22,4
DA:24,4
DA:25,1
DA:29,3
DA:30,3
DA:36,3
DA:37,1
DA:40,2
DA:41,2
DA:43,2
DA:44,1
DA:48,1
DA:49,2
DA:50,2
DA:54,1
DA:57,1
DA:76,1
DA:81,1
DA:83,9
DA:84,9
DA:95,2
DA:96,12
DA:97,12
DA:99,3
DA:100,1
DA:101,1
DA:104,3
DA:105,2
DA:112,2
DA:117,10
DA:118,10
DA:127,2
DA:128,2
DA:129,2
DA:131,2
DA:132,1
DA:135,1
DA:136,1
DA:137,1
DA:139,1
DA:141,1
DA:142,1
DA:152,2
DA:153,6
DA:154,6
DA:155,6
DA:157,5
DA:158,4
DA:161,1
DA:163,1
DA:164,1
DA:166,1
DA:167,1
DA:170,1
DA:172,1
DA:174,5
DA:175,5
DA:184,2
DA:185,6
DA:186,6
DA:187,6
DA:189,5
DA:190,3
DA:193,2
DA:196,2
DA:203,2
DA:204,1
DA:205,1
DA:211,2
DA:213,4
DA:214,4
DA:218,2
DA:219,4
DA:220,4
DA:227,2
DA:228,2
DA:229,2
LF:82
LH:82
BRDA:24,0,0,1
BRDA:24,0,1,3
BRDA:36,1,0,1
BRDA:36,1,1,2
BRDA:43,2,0,1
BRDA:43,2,1,1
BRDA:95,3,0,0
BRDA:95,4,0,8
BRDA:99,5,0,1
BRDA:99,5,1,2
BRDA:114,6,0,1
BRDA:114,6,1,1
BRDA:131,7,0,1
BRDA:131,7,1,1
BRDA:157,8,0,4
BRDA:157,8,1,1
BRDA:163,9,0,1
BRDA:163,9,1,0
BRDA:166,10,0,1
BRDA:166,10,1,0
BRDA:189,11,0,3
BRDA:189,11,1,2
BRDA:203,12,0,1
BRDA:203,12,1,1
BRDA:203,13,0,2
BRDA:203,13,1,1
BRF:26
BRH:23
end_of_record
TN:
SF:scripts\firestore\firestoreManutencao.js
FN:14,(anonymous_0)
FN:72,(anonymous_1)
FN:85,(anonymous_2)
FN:107,(anonymous_3)
FN:122,(anonymous_4)
FN:143,(anonymous_5)
FN:189,(anonymous_6)
FNF:7
FNH:7
FNDA:3,(anonymous_0)
FNDA:4,(anonymous_1)
FNDA:4,(anonymous_2)
FNDA:3,(anonymous_3)
FNDA:2,(anonymous_4)
FNDA:3,(anonymous_5)
FNDA:3,(anonymous_6)
DA:14,2
DA:15,3
DA:16,3
DA:19,3
DA:20,3
DA:26,3
DA:27,1
DA:30,2
DA:31,2
DA:34,2
DA:37,2
DA:51,1
DA:57,1
DA:59,2
DA:60,2
DA:72,2
DA:73,4
DA:74,4
DA:79,4
DA:80,1
DA:83,4
DA:85,4
DA:90,3
DA:94,1
DA:95,1
DA:107,2
DA:108,3
DA:109,3
DA:116,3
DA:117,1
DA:120,3
DA:122,2
DA:127,2
DA:132,1
DA:133,1
DA:143,2
DA:144,3
DA:145,3
DA:148,3
DA:149,3
DA:150,1
DA:153,2
DA:156,2
DA:162,1
DA:168,1
DA:169,1
DA:170,1
DA:176,1
DA:178,1
DA:179,1
DA:189,2
DA:190,3
DA:191,3
DA:194,3
DA:195,2
DA:196,1
DA:199,1
DA:201,1
DA:203,1
DA:204,1
LF:60
LH:60
BRDA:26,0,0,1
BRDA:26,0,1,2
BRDA:72,1,0,2
BRDA:72,2,0,3
BRDA:72,3,0,3
BRDA:79,4,0,1
BRDA:79,4,1,3
BRDA:107,5,0,1
BRDA:107,6,0,1
BRDA:107,7,0,2
BRDA:116,8,0,1
BRDA:116,8,1,2
BRDA:129,9,0,2
BRDA:129,9,1,0
BRDA:149,10,0,1
BRDA:149,10,1,2
BRDA:168,11,0,1
BRDA:168,11,1,0
BRDA:195,12,0,1
BRDA:195,12,1,1
BRF:20
BRH:18
end_of_record
TN:
SF:scripts\firestore\firestoreServicosAdicionais.js
FN:13,(anonymous_0)
FN:47,(anonymous_1)
FN:73,(anonymous_2)
FNF:3
FNH:3
FNDA:2,(anonymous_0)
FNDA:2,(anonymous_1)
FNDA:1,(anonymous_2)
DA:13,1
DA:14,2
DA:15,2
DA:17,2
DA:19,2
DA:27,1
DA:29,1
DA:30,1
DA:47,1
DA:48,2
DA:49,2
DA:51,2
DA:52,0
DA:55,2
DA:56,0
DA:59,2
DA:60,0
DA:63,2
DA:64,0
DA:68,2
DA:69,0
DA:72,2
DA:73,1
DA:75,1
DA:80,1
DA:81,1
LF:26
LH:21
BRDA:47,0,0,2
BRDA:47,1,0,2
BRDA:47,2,0,2
BRDA:51,3,0,0
BRDA:51,3,1,2
BRDA:55,4,0,0
BRDA:55,4,1,2
BRDA:59,5,0,0
BRDA:59,5,1,2
BRDA:63,6,0,0
BRDA:63,6,1,2
BRDA:68,7,0,0
BRDA:68,7,1,2
BRDA:77,8,0,1
BRDA:77,8,1,0
BRF:15
BRH:9
end_of_record
TN:
SF:scripts\firestore\firestoreUtils.js
FN:3,(anonymous_0)
FN:11,(anonymous_1)
FNF:2
FNH:2
FNDA:5,(anonymous_0)
FNDA:6,(anonymous_1)
DA:3,1
DA:4,5
DA:8,4
DA:11,1
DA:12,6
LF:5
LH:5
BRDA:6,0,0,3
BRDA:6,0,1,2
BRF:2
BRH:2
end_of_record
TN:
SF:scripts\firestore\firestoreVeiculos.js
FN:4,(anonymous_0)
FN:74,(anonymous_1)
FN:101,(anonymous_2)
FN:144,(anonymous_3)
FN:153,(anonymous_4)
FN:183,(anonymous_5)
FN:206,(anonymous_6)
FN:217,(anonymous_7)
FN:237,(anonymous_8)
FNF:9
FNH:8
FNDA:4,(anonymous_0)
FNDA:3,(anonymous_1)
FNDA:5,(anonymous_2)
FNDA:6,(anonymous_3)
FNDA:6,(anonymous_4)
FNDA:0,(anonymous_5)
FNDA:3,(anonymous_6)
FNDA:3,(anonymous_7)
FNDA:3,(anonymous_8)
DA:4,2
DA:5,4
DA:6,4
DA:7,4
DA:10,4
DA:16,4
DA:17,1
DA:21,3
DA:22,3
DA:28,3
DA:29,1
DA:33,2
DA:64,2
DA:66,2
DA:67,2
DA:74,2
DA:75,3
DA:77,3
DA:79,2
DA:80,1
DA:84,1
DA:85,1
DA:86,1
DA:88,1
DA:90,2
DA:91,2
DA:101,2
DA:102,5
DA:103,5
DA:104,2
DA:108,3
DA:110,2
DA:111,1
DA:115,1
DA:118,1
DA:121,1
DA:122,1
DA:123,1
DA:124,1
DA:125,1
DA:126,1
DA:129,1
DA:134,1
DA:136,1
DA:137,1
DA:144,2
DA:145,6
DA:147,6
DA:153,2
DA:154,6
DA:155,6
DA:157,6
DA:158,6
DA:161,0
DA:162,0
DA:165,0
DA:166,0
DA:169,0
DA:170,0
DA:173,0
DA:174,0
DA:178,0
DA:179,0
DA:182,0
DA:183,0
DA:184,0
DA:185,0
DA:191,0
DA:196,6
DA:197,6
DA:206,2
DA:207,3
DA:208,2
DA:217,2
DA:218,3
DA:219,3
DA:221,2
DA:223,1
DA:225,1
DA:226,1
DA:237,2
DA:238,3
DA:239,3
DA:241,2
DA:242,1
DA:245,1
DA:247,1
DA:249,1
DA:253,1
DA:254,1
LF:90
LH:75
BRDA:16,0,0,1
BRDA:16,0,1,3
BRDA:28,1,0,1
BRDA:28,1,1,2
BRDA:51,2,0,2
BRDA:51,2,1,2
BRDA:79,3,0,1
BRDA:79,3,1,1
BRDA:103,4,0,2
BRDA:103,4,1,3
BRDA:103,5,0,5
BRDA:103,5,1,4
BRDA:103,5,2,4
BRDA:110,6,0,1
BRDA:110,6,1,1
BRDA:121,7,0,1
BRDA:121,7,1,0
BRDA:122,8,0,1
BRDA:122,8,1,0
BRDA:123,9,0,0
BRDA:123,9,1,1
BRDA:124,10,0,0
BRDA:124,10,1,1
BRDA:125,11,0,0
BRDA:125,11,1,1
BRDA:126,12,0,0
BRDA:126,12,1,1
BRDA:147,13,0,5
BRDA:147,13,1,1
BRDA:153,14,0,0
BRDA:153,15,0,0
BRDA:153,16,0,0
BRDA:157,17,0,6
BRDA:157,17,1,0
BRDA:157,18,0,6
BRDA:157,18,1,6
BRDA:157,18,2,6
BRDA:157,18,3,6
BRDA:161,19,0,0
BRDA:161,19,1,0
BRDA:165,20,0,0
BRDA:165,20,1,0
BRDA:169,21,0,0
BRDA:169,21,1,0
BRDA:173,22,0,0
BRDA:173,22,1,0
BRDA:178,23,0,0
BRDA:178,23,1,0
BRDA:193,24,0,0
BRDA:193,24,1,0
BRDA:208,25,0,1
BRDA:208,25,1,1
BRDA:221,26,0,1
BRDA:221,26,1,1
BRDA:241,27,0,1
BRDA:241,27,1,1
BRF:56
BRH:34
end_of_record
TN:
SF:scripts\firestore\firestoreVistoria.js
FN:16,(anonymous_0)
FN:57,(anonymous_1)
FN:71,(anonymous_2)
FNF:3
FNH:3
FNDA:4,(anonymous_0)
FNDA:2,(anonymous_1)
FNDA:1,(anonymous_2)
DA:16,2
DA:17,4
DA:18,4
DA:20,4
DA:22,4
DA:23,1
DA:26,3
DA:40,2
DA:42,1
DA:43,1
DA:57,2
DA:58,2
DA:59,2
DA:61,2
DA:62,0
DA:63,0
DA:66,2
DA:67,0
DA:70,2
DA:71,1
DA:73,1
DA:79,1
DA:80,1
LF:23
LH:20
BRDA:22,0,0,1
BRDA:22,0,1,3
BRDA:22,1,0,4
BRDA:22,1,1,3
BRDA:22,1,2,3
BRDA:22,1,3,3
BRDA:22,1,4,3
BRDA:57,2,0,2
BRDA:57,3,0,2
BRDA:57,4,0,2
BRDA:61,5,0,0
BRDA:61,5,1,2
BRDA:66,6,0,0
BRDA:66,6,1,2
BRDA:76,7,0,1
BRDA:76,7,1,0
BRF:16
BRH:13
end_of_record
